[2025-04-22T16:49:44.910+0000] {processor.py:157} INFO - Started process (PID=60) to work on /opt/airflow/dags/Extract.py
[2025-04-22T16:49:44.913+0000] {processor.py:829} INFO - Processing file /opt/airflow/dags/Extract.py for tasks to queue
[2025-04-22T16:49:44.916+0000] {logging_mixin.py:151} INFO - [2025-04-22T16:49:44.915+0000] {dagbag.py:536} INFO - Filling up the DagBag from /opt/airflow/dags/Extract.py
[2025-04-22T16:49:46.606+0000] {processor.py:839} INFO - DAG(s) dict_keys(['prayer_times_data_pipeline']) retrieved from /opt/airflow/dags/Extract.py
[2025-04-22T16:49:46.691+0000] {logging_mixin.py:151} INFO - [2025-04-22T16:49:46.690+0000] {dag.py:2941} INFO - Sync 1 DAGs
[2025-04-22T16:49:46.795+0000] {logging_mixin.py:151} INFO - [2025-04-22T16:49:46.795+0000] {dag.py:3722} INFO - Setting next_dagrun for prayer_times_data_pipeline to 2025-04-21T06:00:00+00:00, run_after=2025-04-22T06:00:00+00:00
[2025-04-22T16:49:47.536+0000] {processor.py:179} INFO - Processing /opt/airflow/dags/Extract.py took 2.650 seconds
[2025-04-22T16:50:18.021+0000] {processor.py:157} INFO - Started process (PID=98) to work on /opt/airflow/dags/Extract.py
[2025-04-22T16:50:18.024+0000] {processor.py:829} INFO - Processing file /opt/airflow/dags/Extract.py for tasks to queue
[2025-04-22T16:50:18.031+0000] {logging_mixin.py:151} INFO - [2025-04-22T16:50:18.025+0000] {dagbag.py:536} INFO - Filling up the DagBag from /opt/airflow/dags/Extract.py
[2025-04-22T16:50:18.721+0000] {processor.py:839} INFO - DAG(s) dict_keys(['prayer_times_data_pipeline']) retrieved from /opt/airflow/dags/Extract.py
[2025-04-22T16:50:18.758+0000] {logging_mixin.py:151} INFO - [2025-04-22T16:50:18.757+0000] {dag.py:2941} INFO - Sync 1 DAGs
[2025-04-22T16:50:18.778+0000] {logging_mixin.py:151} INFO - [2025-04-22T16:50:18.778+0000] {dag.py:3722} INFO - Setting next_dagrun for prayer_times_data_pipeline to 2025-04-22T06:00:00+00:00, run_after=2025-04-23T06:00:00+00:00
[2025-04-22T16:50:18.801+0000] {processor.py:179} INFO - Processing /opt/airflow/dags/Extract.py took 0.786 seconds
[2025-04-22T16:50:49.582+0000] {processor.py:157} INFO - Started process (PID=102) to work on /opt/airflow/dags/Extract.py
[2025-04-22T16:50:49.583+0000] {processor.py:829} INFO - Processing file /opt/airflow/dags/Extract.py for tasks to queue
[2025-04-22T16:50:49.584+0000] {logging_mixin.py:151} INFO - [2025-04-22T16:50:49.584+0000] {dagbag.py:536} INFO - Filling up the DagBag from /opt/airflow/dags/Extract.py
[2025-04-22T16:50:50.741+0000] {processor.py:839} INFO - DAG(s) dict_keys(['prayer_times_data_pipeline']) retrieved from /opt/airflow/dags/Extract.py
[2025-04-22T16:50:50.787+0000] {logging_mixin.py:151} INFO - [2025-04-22T16:50:50.786+0000] {dag.py:2941} INFO - Sync 1 DAGs
[2025-04-22T16:50:50.829+0000] {logging_mixin.py:151} INFO - [2025-04-22T16:50:50.828+0000] {dag.py:3722} INFO - Setting next_dagrun for prayer_times_data_pipeline to 2025-04-22T06:00:00+00:00, run_after=2025-04-23T06:00:00+00:00
[2025-04-22T16:50:50.862+0000] {processor.py:179} INFO - Processing /opt/airflow/dags/Extract.py took 1.285 seconds
[2025-04-22T16:51:20.991+0000] {processor.py:157} INFO - Started process (PID=104) to work on /opt/airflow/dags/Extract.py
[2025-04-22T16:51:20.993+0000] {processor.py:829} INFO - Processing file /opt/airflow/dags/Extract.py for tasks to queue
[2025-04-22T16:51:20.995+0000] {logging_mixin.py:151} INFO - [2025-04-22T16:51:20.994+0000] {dagbag.py:536} INFO - Filling up the DagBag from /opt/airflow/dags/Extract.py
[2025-04-22T16:51:22.664+0000] {processor.py:839} INFO - DAG(s) dict_keys(['prayer_times_data_pipeline']) retrieved from /opt/airflow/dags/Extract.py
[2025-04-22T16:51:22.707+0000] {logging_mixin.py:151} INFO - [2025-04-22T16:51:22.706+0000] {dag.py:2941} INFO - Sync 1 DAGs
[2025-04-22T16:51:22.751+0000] {logging_mixin.py:151} INFO - [2025-04-22T16:51:22.751+0000] {dag.py:3722} INFO - Setting next_dagrun for prayer_times_data_pipeline to 2025-04-22T06:00:00+00:00, run_after=2025-04-23T06:00:00+00:00
[2025-04-22T16:51:22.793+0000] {processor.py:179} INFO - Processing /opt/airflow/dags/Extract.py took 1.806 seconds
[2025-04-22T16:51:53.024+0000] {processor.py:157} INFO - Started process (PID=106) to work on /opt/airflow/dags/Extract.py
[2025-04-22T16:51:53.028+0000] {processor.py:829} INFO - Processing file /opt/airflow/dags/Extract.py for tasks to queue
[2025-04-22T16:51:53.032+0000] {logging_mixin.py:151} INFO - [2025-04-22T16:51:53.030+0000] {dagbag.py:536} INFO - Filling up the DagBag from /opt/airflow/dags/Extract.py
[2025-04-22T16:51:53.718+0000] {processor.py:839} INFO - DAG(s) dict_keys(['prayer_times_data_pipeline']) retrieved from /opt/airflow/dags/Extract.py
[2025-04-22T16:51:53.767+0000] {logging_mixin.py:151} INFO - [2025-04-22T16:51:53.767+0000] {dag.py:2941} INFO - Sync 1 DAGs
[2025-04-22T16:51:53.804+0000] {logging_mixin.py:151} INFO - [2025-04-22T16:51:53.804+0000] {dag.py:3722} INFO - Setting next_dagrun for prayer_times_data_pipeline to 2025-04-22T06:00:00+00:00, run_after=2025-04-23T06:00:00+00:00
[2025-04-22T16:51:53.829+0000] {processor.py:179} INFO - Processing /opt/airflow/dags/Extract.py took 0.820 seconds
[2025-04-22T16:52:24.017+0000] {processor.py:157} INFO - Started process (PID=108) to work on /opt/airflow/dags/Extract.py
[2025-04-22T16:52:24.018+0000] {processor.py:829} INFO - Processing file /opt/airflow/dags/Extract.py for tasks to queue
[2025-04-22T16:52:24.020+0000] {logging_mixin.py:151} INFO - [2025-04-22T16:52:24.019+0000] {dagbag.py:536} INFO - Filling up the DagBag from /opt/airflow/dags/Extract.py
[2025-04-22T16:52:24.695+0000] {processor.py:839} INFO - DAG(s) dict_keys(['prayer_times_data_pipeline']) retrieved from /opt/airflow/dags/Extract.py
[2025-04-22T16:52:24.714+0000] {logging_mixin.py:151} INFO - [2025-04-22T16:52:24.713+0000] {dag.py:2941} INFO - Sync 1 DAGs
[2025-04-22T16:52:24.740+0000] {logging_mixin.py:151} INFO - [2025-04-22T16:52:24.740+0000] {dag.py:3722} INFO - Setting next_dagrun for prayer_times_data_pipeline to 2025-04-22T06:00:00+00:00, run_after=2025-04-23T06:00:00+00:00
[2025-04-22T16:52:24.783+0000] {processor.py:179} INFO - Processing /opt/airflow/dags/Extract.py took 0.775 seconds
[2025-04-22T16:52:54.912+0000] {processor.py:157} INFO - Started process (PID=110) to work on /opt/airflow/dags/Extract.py
[2025-04-22T16:52:54.921+0000] {processor.py:829} INFO - Processing file /opt/airflow/dags/Extract.py for tasks to queue
[2025-04-22T16:52:54.924+0000] {logging_mixin.py:151} INFO - [2025-04-22T16:52:54.923+0000] {dagbag.py:536} INFO - Filling up the DagBag from /opt/airflow/dags/Extract.py
[2025-04-22T16:52:56.093+0000] {processor.py:839} INFO - DAG(s) dict_keys(['prayer_times_data_pipeline']) retrieved from /opt/airflow/dags/Extract.py
[2025-04-22T16:52:56.120+0000] {logging_mixin.py:151} INFO - [2025-04-22T16:52:56.120+0000] {dag.py:2941} INFO - Sync 1 DAGs
[2025-04-22T16:52:56.157+0000] {logging_mixin.py:151} INFO - [2025-04-22T16:52:56.157+0000] {dag.py:3722} INFO - Setting next_dagrun for prayer_times_data_pipeline to 2025-04-22T06:00:00+00:00, run_after=2025-04-23T06:00:00+00:00
[2025-04-22T16:52:56.188+0000] {processor.py:179} INFO - Processing /opt/airflow/dags/Extract.py took 1.284 seconds
[2025-04-22T16:53:01.392+0000] {processor.py:157} INFO - Started process (PID=112) to work on /opt/airflow/dags/Extract.py
[2025-04-22T16:53:01.394+0000] {processor.py:829} INFO - Processing file /opt/airflow/dags/Extract.py for tasks to queue
[2025-04-22T16:53:01.395+0000] {logging_mixin.py:151} INFO - [2025-04-22T16:53:01.394+0000] {dagbag.py:536} INFO - Filling up the DagBag from /opt/airflow/dags/Extract.py
[2025-04-22T16:53:02.100+0000] {processor.py:839} INFO - DAG(s) dict_keys(['prayer_times_data_pipeline']) retrieved from /opt/airflow/dags/Extract.py
[2025-04-22T16:53:02.275+0000] {logging_mixin.py:151} INFO - [2025-04-22T16:53:02.274+0000] {dag.py:2941} INFO - Sync 1 DAGs
[2025-04-22T16:53:02.302+0000] {logging_mixin.py:151} INFO - [2025-04-22T16:53:02.301+0000] {dag.py:3722} INFO - Setting next_dagrun for prayer_times_data_pipeline to 2025-04-22T15:45:00+00:00, run_after=2025-04-22T16:45:00+00:00
[2025-04-22T16:53:02.367+0000] {processor.py:179} INFO - Processing /opt/airflow/dags/Extract.py took 0.977 seconds
[2025-04-22T16:53:32.764+0000] {processor.py:157} INFO - Started process (PID=136) to work on /opt/airflow/dags/Extract.py
[2025-04-22T16:53:32.766+0000] {processor.py:829} INFO - Processing file /opt/airflow/dags/Extract.py for tasks to queue
[2025-04-22T16:53:32.768+0000] {logging_mixin.py:151} INFO - [2025-04-22T16:53:32.767+0000] {dagbag.py:536} INFO - Filling up the DagBag from /opt/airflow/dags/Extract.py
[2025-04-22T16:53:33.378+0000] {processor.py:839} INFO - DAG(s) dict_keys(['prayer_times_data_pipeline']) retrieved from /opt/airflow/dags/Extract.py
[2025-04-22T16:53:33.401+0000] {logging_mixin.py:151} INFO - [2025-04-22T16:53:33.400+0000] {dag.py:2941} INFO - Sync 1 DAGs
[2025-04-22T16:53:33.437+0000] {logging_mixin.py:151} INFO - [2025-04-22T16:53:33.437+0000] {dag.py:3722} INFO - Setting next_dagrun for prayer_times_data_pipeline to 2025-04-22T16:45:00+00:00, run_after=2025-04-22T17:45:00+00:00
[2025-04-22T16:53:33.465+0000] {processor.py:179} INFO - Processing /opt/airflow/dags/Extract.py took 0.704 seconds
[2025-04-22T16:54:04.081+0000] {processor.py:157} INFO - Started process (PID=138) to work on /opt/airflow/dags/Extract.py
[2025-04-22T16:54:04.085+0000] {processor.py:829} INFO - Processing file /opt/airflow/dags/Extract.py for tasks to queue
[2025-04-22T16:54:04.088+0000] {logging_mixin.py:151} INFO - [2025-04-22T16:54:04.087+0000] {dagbag.py:536} INFO - Filling up the DagBag from /opt/airflow/dags/Extract.py
[2025-04-22T16:54:04.670+0000] {processor.py:839} INFO - DAG(s) dict_keys(['prayer_times_data_pipeline']) retrieved from /opt/airflow/dags/Extract.py
[2025-04-22T16:54:04.686+0000] {logging_mixin.py:151} INFO - [2025-04-22T16:54:04.686+0000] {dag.py:2941} INFO - Sync 1 DAGs
[2025-04-22T16:54:04.706+0000] {logging_mixin.py:151} INFO - [2025-04-22T16:54:04.706+0000] {dag.py:3722} INFO - Setting next_dagrun for prayer_times_data_pipeline to 2025-04-22T16:45:00+00:00, run_after=2025-04-22T17:45:00+00:00
[2025-04-22T16:54:04.730+0000] {processor.py:179} INFO - Processing /opt/airflow/dags/Extract.py took 0.662 seconds
[2025-04-22T16:54:35.479+0000] {processor.py:157} INFO - Started process (PID=140) to work on /opt/airflow/dags/Extract.py
[2025-04-22T16:54:35.481+0000] {processor.py:829} INFO - Processing file /opt/airflow/dags/Extract.py for tasks to queue
[2025-04-22T16:54:35.482+0000] {logging_mixin.py:151} INFO - [2025-04-22T16:54:35.482+0000] {dagbag.py:536} INFO - Filling up the DagBag from /opt/airflow/dags/Extract.py
[2025-04-22T16:54:36.134+0000] {processor.py:839} INFO - DAG(s) dict_keys(['prayer_times_data_pipeline']) retrieved from /opt/airflow/dags/Extract.py
[2025-04-22T16:54:36.150+0000] {logging_mixin.py:151} INFO - [2025-04-22T16:54:36.150+0000] {dag.py:2941} INFO - Sync 1 DAGs
[2025-04-22T16:54:36.174+0000] {logging_mixin.py:151} INFO - [2025-04-22T16:54:36.174+0000] {dag.py:3722} INFO - Setting next_dagrun for prayer_times_data_pipeline to 2025-04-22T16:45:00+00:00, run_after=2025-04-22T17:45:00+00:00
[2025-04-22T16:54:36.197+0000] {processor.py:179} INFO - Processing /opt/airflow/dags/Extract.py took 0.721 seconds
[2025-04-22T16:55:06.754+0000] {processor.py:157} INFO - Started process (PID=142) to work on /opt/airflow/dags/Extract.py
[2025-04-22T16:55:06.756+0000] {processor.py:829} INFO - Processing file /opt/airflow/dags/Extract.py for tasks to queue
[2025-04-22T16:55:06.757+0000] {logging_mixin.py:151} INFO - [2025-04-22T16:55:06.756+0000] {dagbag.py:536} INFO - Filling up the DagBag from /opt/airflow/dags/Extract.py
[2025-04-22T16:55:07.341+0000] {processor.py:839} INFO - DAG(s) dict_keys(['prayer_times_data_pipeline']) retrieved from /opt/airflow/dags/Extract.py
[2025-04-22T16:55:07.359+0000] {logging_mixin.py:151} INFO - [2025-04-22T16:55:07.358+0000] {dag.py:2941} INFO - Sync 1 DAGs
[2025-04-22T16:55:07.380+0000] {logging_mixin.py:151} INFO - [2025-04-22T16:55:07.379+0000] {dag.py:3722} INFO - Setting next_dagrun for prayer_times_data_pipeline to 2025-04-22T16:45:00+00:00, run_after=2025-04-22T17:45:00+00:00
[2025-04-22T16:55:07.403+0000] {processor.py:179} INFO - Processing /opt/airflow/dags/Extract.py took 0.652 seconds
[2025-04-22T16:55:37.732+0000] {processor.py:157} INFO - Started process (PID=144) to work on /opt/airflow/dags/Extract.py
[2025-04-22T16:55:37.734+0000] {processor.py:829} INFO - Processing file /opt/airflow/dags/Extract.py for tasks to queue
[2025-04-22T16:55:37.735+0000] {logging_mixin.py:151} INFO - [2025-04-22T16:55:37.734+0000] {dagbag.py:536} INFO - Filling up the DagBag from /opt/airflow/dags/Extract.py
[2025-04-22T16:55:38.336+0000] {processor.py:839} INFO - DAG(s) dict_keys(['prayer_times_data_pipeline']) retrieved from /opt/airflow/dags/Extract.py
[2025-04-22T16:55:38.356+0000] {logging_mixin.py:151} INFO - [2025-04-22T16:55:38.355+0000] {dag.py:2941} INFO - Sync 1 DAGs
[2025-04-22T16:55:38.379+0000] {logging_mixin.py:151} INFO - [2025-04-22T16:55:38.379+0000] {dag.py:3722} INFO - Setting next_dagrun for prayer_times_data_pipeline to 2025-04-22T16:45:00+00:00, run_after=2025-04-22T17:45:00+00:00
[2025-04-22T16:55:38.402+0000] {processor.py:179} INFO - Processing /opt/airflow/dags/Extract.py took 0.673 seconds
[2025-04-22T16:56:08.595+0000] {processor.py:157} INFO - Started process (PID=168) to work on /opt/airflow/dags/Extract.py
[2025-04-22T16:56:08.596+0000] {processor.py:829} INFO - Processing file /opt/airflow/dags/Extract.py for tasks to queue
[2025-04-22T16:56:08.597+0000] {logging_mixin.py:151} INFO - [2025-04-22T16:56:08.597+0000] {dagbag.py:536} INFO - Filling up the DagBag from /opt/airflow/dags/Extract.py
[2025-04-22T16:56:09.250+0000] {processor.py:839} INFO - DAG(s) dict_keys(['prayer_times_data_pipeline']) retrieved from /opt/airflow/dags/Extract.py
[2025-04-22T16:56:09.267+0000] {logging_mixin.py:151} INFO - [2025-04-22T16:56:09.267+0000] {dag.py:2941} INFO - Sync 1 DAGs
[2025-04-22T16:56:09.288+0000] {logging_mixin.py:151} INFO - [2025-04-22T16:56:09.287+0000] {dag.py:3722} INFO - Setting next_dagrun for prayer_times_data_pipeline to 2025-04-22T16:45:00+00:00, run_after=2025-04-22T17:45:00+00:00
[2025-04-22T16:56:09.310+0000] {processor.py:179} INFO - Processing /opt/airflow/dags/Extract.py took 0.718 seconds
[2025-04-22T16:56:10.551+0000] {processor.py:157} INFO - Started process (PID=170) to work on /opt/airflow/dags/Extract.py
[2025-04-22T16:56:10.552+0000] {processor.py:829} INFO - Processing file /opt/airflow/dags/Extract.py for tasks to queue
[2025-04-22T16:56:10.553+0000] {logging_mixin.py:151} INFO - [2025-04-22T16:56:10.553+0000] {dagbag.py:536} INFO - Filling up the DagBag from /opt/airflow/dags/Extract.py
[2025-04-22T16:56:11.145+0000] {processor.py:839} INFO - DAG(s) dict_keys(['prayer_times_data_pipeline']) retrieved from /opt/airflow/dags/Extract.py
[2025-04-22T16:56:11.268+0000] {logging_mixin.py:151} INFO - [2025-04-22T16:56:11.267+0000] {dag.py:2941} INFO - Sync 1 DAGs
[2025-04-22T16:56:11.298+0000] {logging_mixin.py:151} INFO - [2025-04-22T16:56:11.298+0000] {dag.py:3722} INFO - Setting next_dagrun for prayer_times_data_pipeline to 2025-04-22T06:00:00+00:00, run_after=2025-04-23T06:00:00+00:00
[2025-04-22T16:56:11.331+0000] {processor.py:179} INFO - Processing /opt/airflow/dags/Extract.py took 0.783 seconds
[2025-04-22T16:56:41.819+0000] {processor.py:157} INFO - Started process (PID=172) to work on /opt/airflow/dags/Extract.py
[2025-04-22T16:56:41.820+0000] {processor.py:829} INFO - Processing file /opt/airflow/dags/Extract.py for tasks to queue
[2025-04-22T16:56:41.821+0000] {logging_mixin.py:151} INFO - [2025-04-22T16:56:41.821+0000] {dagbag.py:536} INFO - Filling up the DagBag from /opt/airflow/dags/Extract.py
[2025-04-22T16:56:42.332+0000] {processor.py:839} INFO - DAG(s) dict_keys(['prayer_times_data_pipeline']) retrieved from /opt/airflow/dags/Extract.py
[2025-04-22T16:56:42.346+0000] {logging_mixin.py:151} INFO - [2025-04-22T16:56:42.346+0000] {dag.py:2941} INFO - Sync 1 DAGs
[2025-04-22T16:56:42.364+0000] {logging_mixin.py:151} INFO - [2025-04-22T16:56:42.364+0000] {dag.py:3722} INFO - Setting next_dagrun for prayer_times_data_pipeline to 2025-04-22T06:00:00+00:00, run_after=2025-04-23T06:00:00+00:00
[2025-04-22T16:56:42.391+0000] {processor.py:179} INFO - Processing /opt/airflow/dags/Extract.py took 0.576 seconds
[2025-04-22T16:57:13.106+0000] {processor.py:157} INFO - Started process (PID=174) to work on /opt/airflow/dags/Extract.py
[2025-04-22T16:57:13.108+0000] {processor.py:829} INFO - Processing file /opt/airflow/dags/Extract.py for tasks to queue
[2025-04-22T16:57:13.109+0000] {logging_mixin.py:151} INFO - [2025-04-22T16:57:13.109+0000] {dagbag.py:536} INFO - Filling up the DagBag from /opt/airflow/dags/Extract.py
[2025-04-22T16:57:13.689+0000] {processor.py:839} INFO - DAG(s) dict_keys(['prayer_times_data_pipeline']) retrieved from /opt/airflow/dags/Extract.py
[2025-04-22T16:57:13.704+0000] {logging_mixin.py:151} INFO - [2025-04-22T16:57:13.703+0000] {dag.py:2941} INFO - Sync 1 DAGs
[2025-04-22T16:57:13.723+0000] {logging_mixin.py:151} INFO - [2025-04-22T16:57:13.722+0000] {dag.py:3722} INFO - Setting next_dagrun for prayer_times_data_pipeline to 2025-04-22T06:00:00+00:00, run_after=2025-04-23T06:00:00+00:00
[2025-04-22T16:57:13.747+0000] {processor.py:179} INFO - Processing /opt/airflow/dags/Extract.py took 0.646 seconds
[2025-04-22T16:57:43.910+0000] {processor.py:157} INFO - Started process (PID=176) to work on /opt/airflow/dags/Extract.py
[2025-04-22T16:57:43.911+0000] {processor.py:829} INFO - Processing file /opt/airflow/dags/Extract.py for tasks to queue
[2025-04-22T16:57:43.912+0000] {logging_mixin.py:151} INFO - [2025-04-22T16:57:43.912+0000] {dagbag.py:536} INFO - Filling up the DagBag from /opt/airflow/dags/Extract.py
[2025-04-22T16:57:44.404+0000] {processor.py:839} INFO - DAG(s) dict_keys(['prayer_times_data_pipeline']) retrieved from /opt/airflow/dags/Extract.py
[2025-04-22T16:57:44.419+0000] {logging_mixin.py:151} INFO - [2025-04-22T16:57:44.419+0000] {dag.py:2941} INFO - Sync 1 DAGs
[2025-04-22T16:57:44.440+0000] {logging_mixin.py:151} INFO - [2025-04-22T16:57:44.439+0000] {dag.py:3722} INFO - Setting next_dagrun for prayer_times_data_pipeline to 2025-04-22T06:00:00+00:00, run_after=2025-04-23T06:00:00+00:00
[2025-04-22T16:57:44.465+0000] {processor.py:179} INFO - Processing /opt/airflow/dags/Extract.py took 0.559 seconds
[2025-04-22T16:58:14.615+0000] {processor.py:157} INFO - Started process (PID=178) to work on /opt/airflow/dags/Extract.py
[2025-04-22T16:58:14.619+0000] {processor.py:829} INFO - Processing file /opt/airflow/dags/Extract.py for tasks to queue
[2025-04-22T16:58:14.622+0000] {logging_mixin.py:151} INFO - [2025-04-22T16:58:14.621+0000] {dagbag.py:536} INFO - Filling up the DagBag from /opt/airflow/dags/Extract.py
[2025-04-22T16:58:15.243+0000] {processor.py:839} INFO - DAG(s) dict_keys(['prayer_times_data_pipeline']) retrieved from /opt/airflow/dags/Extract.py
[2025-04-22T16:58:15.260+0000] {logging_mixin.py:151} INFO - [2025-04-22T16:58:15.259+0000] {dag.py:2941} INFO - Sync 1 DAGs
[2025-04-22T16:58:15.283+0000] {logging_mixin.py:151} INFO - [2025-04-22T16:58:15.282+0000] {dag.py:3722} INFO - Setting next_dagrun for prayer_times_data_pipeline to 2025-04-22T06:00:00+00:00, run_after=2025-04-23T06:00:00+00:00
[2025-04-22T16:58:15.305+0000] {processor.py:179} INFO - Processing /opt/airflow/dags/Extract.py took 0.704 seconds
[2025-04-22T16:58:45.778+0000] {processor.py:157} INFO - Started process (PID=202) to work on /opt/airflow/dags/Extract.py
[2025-04-22T16:58:45.779+0000] {processor.py:829} INFO - Processing file /opt/airflow/dags/Extract.py for tasks to queue
[2025-04-22T16:58:45.780+0000] {logging_mixin.py:151} INFO - [2025-04-22T16:58:45.780+0000] {dagbag.py:536} INFO - Filling up the DagBag from /opt/airflow/dags/Extract.py
[2025-04-22T16:58:46.290+0000] {processor.py:839} INFO - DAG(s) dict_keys(['prayer_times_data_pipeline']) retrieved from /opt/airflow/dags/Extract.py
[2025-04-22T16:58:46.304+0000] {logging_mixin.py:151} INFO - [2025-04-22T16:58:46.304+0000] {dag.py:2941} INFO - Sync 1 DAGs
[2025-04-22T16:58:46.325+0000] {logging_mixin.py:151} INFO - [2025-04-22T16:58:46.325+0000] {dag.py:3722} INFO - Setting next_dagrun for prayer_times_data_pipeline to 2025-04-22T06:00:00+00:00, run_after=2025-04-23T06:00:00+00:00
[2025-04-22T16:58:46.346+0000] {processor.py:179} INFO - Processing /opt/airflow/dags/Extract.py took 0.597 seconds
[2025-04-22T16:59:16.562+0000] {processor.py:157} INFO - Started process (PID=204) to work on /opt/airflow/dags/Extract.py
[2025-04-22T16:59:16.563+0000] {processor.py:829} INFO - Processing file /opt/airflow/dags/Extract.py for tasks to queue
[2025-04-22T16:59:16.564+0000] {logging_mixin.py:151} INFO - [2025-04-22T16:59:16.564+0000] {dagbag.py:536} INFO - Filling up the DagBag from /opt/airflow/dags/Extract.py
[2025-04-22T16:59:17.058+0000] {processor.py:839} INFO - DAG(s) dict_keys(['prayer_times_data_pipeline']) retrieved from /opt/airflow/dags/Extract.py
[2025-04-22T16:59:17.075+0000] {logging_mixin.py:151} INFO - [2025-04-22T16:59:17.074+0000] {dag.py:2941} INFO - Sync 1 DAGs
[2025-04-22T16:59:17.094+0000] {logging_mixin.py:151} INFO - [2025-04-22T16:59:17.094+0000] {dag.py:3722} INFO - Setting next_dagrun for prayer_times_data_pipeline to 2025-04-22T06:00:00+00:00, run_after=2025-04-23T06:00:00+00:00
[2025-04-22T16:59:17.126+0000] {processor.py:179} INFO - Processing /opt/airflow/dags/Extract.py took 0.567 seconds
[2025-04-22T16:59:47.955+0000] {processor.py:157} INFO - Started process (PID=206) to work on /opt/airflow/dags/Extract.py
[2025-04-22T16:59:47.956+0000] {processor.py:829} INFO - Processing file /opt/airflow/dags/Extract.py for tasks to queue
[2025-04-22T16:59:47.958+0000] {logging_mixin.py:151} INFO - [2025-04-22T16:59:47.957+0000] {dagbag.py:536} INFO - Filling up the DagBag from /opt/airflow/dags/Extract.py
[2025-04-22T16:59:48.582+0000] {processor.py:839} INFO - DAG(s) dict_keys(['prayer_times_data_pipeline']) retrieved from /opt/airflow/dags/Extract.py
[2025-04-22T16:59:48.601+0000] {logging_mixin.py:151} INFO - [2025-04-22T16:59:48.600+0000] {dag.py:2941} INFO - Sync 1 DAGs
[2025-04-22T16:59:48.627+0000] {logging_mixin.py:151} INFO - [2025-04-22T16:59:48.626+0000] {dag.py:3722} INFO - Setting next_dagrun for prayer_times_data_pipeline to 2025-04-22T06:00:00+00:00, run_after=2025-04-23T06:00:00+00:00
[2025-04-22T16:59:48.651+0000] {processor.py:179} INFO - Processing /opt/airflow/dags/Extract.py took 0.699 seconds
[2025-04-22T17:00:18.961+0000] {processor.py:157} INFO - Started process (PID=208) to work on /opt/airflow/dags/Extract.py
[2025-04-22T17:00:18.962+0000] {processor.py:829} INFO - Processing file /opt/airflow/dags/Extract.py for tasks to queue
[2025-04-22T17:00:18.964+0000] {logging_mixin.py:151} INFO - [2025-04-22T17:00:18.964+0000] {dagbag.py:536} INFO - Filling up the DagBag from /opt/airflow/dags/Extract.py
[2025-04-22T17:00:19.574+0000] {processor.py:839} INFO - DAG(s) dict_keys(['prayer_times_data_pipeline']) retrieved from /opt/airflow/dags/Extract.py
[2025-04-22T17:00:19.590+0000] {logging_mixin.py:151} INFO - [2025-04-22T17:00:19.590+0000] {dag.py:2941} INFO - Sync 1 DAGs
[2025-04-22T17:00:19.609+0000] {logging_mixin.py:151} INFO - [2025-04-22T17:00:19.609+0000] {dag.py:3722} INFO - Setting next_dagrun for prayer_times_data_pipeline to 2025-04-22T06:00:00+00:00, run_after=2025-04-23T06:00:00+00:00
[2025-04-22T17:00:19.635+0000] {processor.py:179} INFO - Processing /opt/airflow/dags/Extract.py took 0.682 seconds
[2025-04-22T17:00:49.723+0000] {processor.py:157} INFO - Started process (PID=210) to work on /opt/airflow/dags/Extract.py
[2025-04-22T17:00:49.725+0000] {processor.py:829} INFO - Processing file /opt/airflow/dags/Extract.py for tasks to queue
[2025-04-22T17:00:49.726+0000] {logging_mixin.py:151} INFO - [2025-04-22T17:00:49.726+0000] {dagbag.py:536} INFO - Filling up the DagBag from /opt/airflow/dags/Extract.py
[2025-04-22T17:00:50.243+0000] {processor.py:839} INFO - DAG(s) dict_keys(['prayer_times_data_pipeline']) retrieved from /opt/airflow/dags/Extract.py
[2025-04-22T17:00:50.258+0000] {logging_mixin.py:151} INFO - [2025-04-22T17:00:50.258+0000] {dag.py:2941} INFO - Sync 1 DAGs
[2025-04-22T17:00:50.277+0000] {logging_mixin.py:151} INFO - [2025-04-22T17:00:50.277+0000] {dag.py:3722} INFO - Setting next_dagrun for prayer_times_data_pipeline to 2025-04-22T06:00:00+00:00, run_after=2025-04-23T06:00:00+00:00
[2025-04-22T17:00:50.303+0000] {processor.py:179} INFO - Processing /opt/airflow/dags/Extract.py took 0.583 seconds
[2025-04-22T17:01:20.387+0000] {processor.py:157} INFO - Started process (PID=212) to work on /opt/airflow/dags/Extract.py
[2025-04-22T17:01:20.388+0000] {processor.py:829} INFO - Processing file /opt/airflow/dags/Extract.py for tasks to queue
[2025-04-22T17:01:20.389+0000] {logging_mixin.py:151} INFO - [2025-04-22T17:01:20.389+0000] {dagbag.py:536} INFO - Filling up the DagBag from /opt/airflow/dags/Extract.py
[2025-04-22T17:01:20.889+0000] {processor.py:839} INFO - DAG(s) dict_keys(['prayer_times_data_pipeline']) retrieved from /opt/airflow/dags/Extract.py
[2025-04-22T17:01:20.905+0000] {logging_mixin.py:151} INFO - [2025-04-22T17:01:20.905+0000] {dag.py:2941} INFO - Sync 1 DAGs
[2025-04-22T17:01:20.926+0000] {logging_mixin.py:151} INFO - [2025-04-22T17:01:20.926+0000] {dag.py:3722} INFO - Setting next_dagrun for prayer_times_data_pipeline to 2025-04-22T06:00:00+00:00, run_after=2025-04-23T06:00:00+00:00
[2025-04-22T17:01:20.987+0000] {processor.py:179} INFO - Processing /opt/airflow/dags/Extract.py took 0.604 seconds
[2025-04-22T17:01:51.168+0000] {processor.py:157} INFO - Started process (PID=214) to work on /opt/airflow/dags/Extract.py
[2025-04-22T17:01:51.170+0000] {processor.py:829} INFO - Processing file /opt/airflow/dags/Extract.py for tasks to queue
[2025-04-22T17:01:51.171+0000] {logging_mixin.py:151} INFO - [2025-04-22T17:01:51.171+0000] {dagbag.py:536} INFO - Filling up the DagBag from /opt/airflow/dags/Extract.py
[2025-04-22T17:01:51.788+0000] {processor.py:839} INFO - DAG(s) dict_keys(['prayer_times_data_pipeline']) retrieved from /opt/airflow/dags/Extract.py
[2025-04-22T17:01:51.805+0000] {logging_mixin.py:151} INFO - [2025-04-22T17:01:51.804+0000] {dag.py:2941} INFO - Sync 1 DAGs
[2025-04-22T17:01:51.826+0000] {logging_mixin.py:151} INFO - [2025-04-22T17:01:51.826+0000] {dag.py:3722} INFO - Setting next_dagrun for prayer_times_data_pipeline to 2025-04-22T06:00:00+00:00, run_after=2025-04-23T06:00:00+00:00
[2025-04-22T17:01:51.854+0000] {processor.py:179} INFO - Processing /opt/airflow/dags/Extract.py took 0.689 seconds
[2025-04-22T17:02:21.942+0000] {processor.py:157} INFO - Started process (PID=216) to work on /opt/airflow/dags/Extract.py
[2025-04-22T17:02:21.943+0000] {processor.py:829} INFO - Processing file /opt/airflow/dags/Extract.py for tasks to queue
[2025-04-22T17:02:21.944+0000] {logging_mixin.py:151} INFO - [2025-04-22T17:02:21.944+0000] {dagbag.py:536} INFO - Filling up the DagBag from /opt/airflow/dags/Extract.py
[2025-04-22T17:02:22.522+0000] {processor.py:839} INFO - DAG(s) dict_keys(['prayer_times_data_pipeline']) retrieved from /opt/airflow/dags/Extract.py
[2025-04-22T17:02:22.539+0000] {logging_mixin.py:151} INFO - [2025-04-22T17:02:22.538+0000] {dag.py:2941} INFO - Sync 1 DAGs
[2025-04-22T17:02:22.559+0000] {logging_mixin.py:151} INFO - [2025-04-22T17:02:22.558+0000] {dag.py:3722} INFO - Setting next_dagrun for prayer_times_data_pipeline to 2025-04-22T06:00:00+00:00, run_after=2025-04-23T06:00:00+00:00
[2025-04-22T17:02:22.582+0000] {processor.py:179} INFO - Processing /opt/airflow/dags/Extract.py took 0.644 seconds
[2025-04-22T17:02:52.747+0000] {processor.py:157} INFO - Started process (PID=218) to work on /opt/airflow/dags/Extract.py
[2025-04-22T17:02:52.748+0000] {processor.py:829} INFO - Processing file /opt/airflow/dags/Extract.py for tasks to queue
[2025-04-22T17:02:52.749+0000] {logging_mixin.py:151} INFO - [2025-04-22T17:02:52.749+0000] {dagbag.py:536} INFO - Filling up the DagBag from /opt/airflow/dags/Extract.py
[2025-04-22T17:02:53.283+0000] {processor.py:839} INFO - DAG(s) dict_keys(['prayer_times_data_pipeline']) retrieved from /opt/airflow/dags/Extract.py
[2025-04-22T17:02:53.299+0000] {logging_mixin.py:151} INFO - [2025-04-22T17:02:53.299+0000] {dag.py:2941} INFO - Sync 1 DAGs
[2025-04-22T17:02:53.318+0000] {logging_mixin.py:151} INFO - [2025-04-22T17:02:53.318+0000] {dag.py:3722} INFO - Setting next_dagrun for prayer_times_data_pipeline to 2025-04-22T06:00:00+00:00, run_after=2025-04-23T06:00:00+00:00
[2025-04-22T17:02:53.341+0000] {processor.py:179} INFO - Processing /opt/airflow/dags/Extract.py took 0.597 seconds
[2025-04-22T17:03:23.540+0000] {processor.py:157} INFO - Started process (PID=220) to work on /opt/airflow/dags/Extract.py
[2025-04-22T17:03:23.541+0000] {processor.py:829} INFO - Processing file /opt/airflow/dags/Extract.py for tasks to queue
[2025-04-22T17:03:23.542+0000] {logging_mixin.py:151} INFO - [2025-04-22T17:03:23.542+0000] {dagbag.py:536} INFO - Filling up the DagBag from /opt/airflow/dags/Extract.py
[2025-04-22T17:03:24.096+0000] {processor.py:839} INFO - DAG(s) dict_keys(['prayer_times_data_pipeline']) retrieved from /opt/airflow/dags/Extract.py
[2025-04-22T17:03:24.112+0000] {logging_mixin.py:151} INFO - [2025-04-22T17:03:24.112+0000] {dag.py:2941} INFO - Sync 1 DAGs
[2025-04-22T17:03:24.132+0000] {logging_mixin.py:151} INFO - [2025-04-22T17:03:24.132+0000] {dag.py:3722} INFO - Setting next_dagrun for prayer_times_data_pipeline to 2025-04-22T06:00:00+00:00, run_after=2025-04-23T06:00:00+00:00
[2025-04-22T17:03:24.156+0000] {processor.py:179} INFO - Processing /opt/airflow/dags/Extract.py took 0.619 seconds
[2025-04-22T17:03:54.339+0000] {processor.py:157} INFO - Started process (PID=222) to work on /opt/airflow/dags/Extract.py
[2025-04-22T17:03:54.341+0000] {processor.py:829} INFO - Processing file /opt/airflow/dags/Extract.py for tasks to queue
[2025-04-22T17:03:54.342+0000] {logging_mixin.py:151} INFO - [2025-04-22T17:03:54.342+0000] {dagbag.py:536} INFO - Filling up the DagBag from /opt/airflow/dags/Extract.py
[2025-04-22T17:03:54.928+0000] {processor.py:839} INFO - DAG(s) dict_keys(['prayer_times_data_pipeline']) retrieved from /opt/airflow/dags/Extract.py
[2025-04-22T17:03:54.947+0000] {logging_mixin.py:151} INFO - [2025-04-22T17:03:54.946+0000] {dag.py:2941} INFO - Sync 1 DAGs
[2025-04-22T17:03:54.969+0000] {logging_mixin.py:151} INFO - [2025-04-22T17:03:54.969+0000] {dag.py:3722} INFO - Setting next_dagrun for prayer_times_data_pipeline to 2025-04-22T06:00:00+00:00, run_after=2025-04-23T06:00:00+00:00
[2025-04-22T17:03:54.995+0000] {processor.py:179} INFO - Processing /opt/airflow/dags/Extract.py took 0.659 seconds
[2025-04-22T17:04:19.298+0000] {processor.py:157} INFO - Started process (PID=224) to work on /opt/airflow/dags/Extract.py
[2025-04-22T17:04:19.299+0000] {processor.py:829} INFO - Processing file /opt/airflow/dags/Extract.py for tasks to queue
[2025-04-22T17:04:19.300+0000] {logging_mixin.py:151} INFO - [2025-04-22T17:04:19.300+0000] {dagbag.py:536} INFO - Filling up the DagBag from /opt/airflow/dags/Extract.py
[2025-04-22T17:04:19.828+0000] {processor.py:839} INFO - DAG(s) dict_keys(['prayer_times_data_pipeline']) retrieved from /opt/airflow/dags/Extract.py
[2025-04-22T17:04:19.843+0000] {logging_mixin.py:151} INFO - [2025-04-22T17:04:19.843+0000] {dag.py:2941} INFO - Sync 1 DAGs
[2025-04-22T17:04:19.863+0000] {logging_mixin.py:151} INFO - [2025-04-22T17:04:19.863+0000] {dag.py:3722} INFO - Setting next_dagrun for prayer_times_data_pipeline to 2025-04-22T06:00:00+00:00, run_after=2025-04-23T06:00:00+00:00
[2025-04-22T17:04:19.893+0000] {processor.py:179} INFO - Processing /opt/airflow/dags/Extract.py took 0.598 seconds
[2025-04-22T17:04:50.360+0000] {processor.py:157} INFO - Started process (PID=226) to work on /opt/airflow/dags/Extract.py
[2025-04-22T17:04:50.362+0000] {processor.py:829} INFO - Processing file /opt/airflow/dags/Extract.py for tasks to queue
[2025-04-22T17:04:50.363+0000] {logging_mixin.py:151} INFO - [2025-04-22T17:04:50.362+0000] {dagbag.py:536} INFO - Filling up the DagBag from /opt/airflow/dags/Extract.py
[2025-04-22T17:04:50.936+0000] {processor.py:839} INFO - DAG(s) dict_keys(['prayer_times_data_pipeline']) retrieved from /opt/airflow/dags/Extract.py
[2025-04-22T17:04:50.953+0000] {logging_mixin.py:151} INFO - [2025-04-22T17:04:50.953+0000] {dag.py:2941} INFO - Sync 1 DAGs
[2025-04-22T17:04:50.975+0000] {logging_mixin.py:151} INFO - [2025-04-22T17:04:50.974+0000] {dag.py:3722} INFO - Setting next_dagrun for prayer_times_data_pipeline to 2025-04-22T06:00:00+00:00, run_after=2025-04-23T06:00:00+00:00
[2025-04-22T17:04:50.999+0000] {processor.py:179} INFO - Processing /opt/airflow/dags/Extract.py took 0.643 seconds
[2025-04-22T17:05:21.403+0000] {processor.py:157} INFO - Started process (PID=228) to work on /opt/airflow/dags/Extract.py
[2025-04-22T17:05:21.404+0000] {processor.py:829} INFO - Processing file /opt/airflow/dags/Extract.py for tasks to queue
[2025-04-22T17:05:21.405+0000] {logging_mixin.py:151} INFO - [2025-04-22T17:05:21.405+0000] {dagbag.py:536} INFO - Filling up the DagBag from /opt/airflow/dags/Extract.py
[2025-04-22T17:05:22.489+0000] {processor.py:839} INFO - DAG(s) dict_keys(['prayer_times_data_pipeline']) retrieved from /opt/airflow/dags/Extract.py
[2025-04-22T17:05:22.580+0000] {logging_mixin.py:151} INFO - [2025-04-22T17:05:22.579+0000] {dag.py:2941} INFO - Sync 1 DAGs
[2025-04-22T17:05:22.633+0000] {logging_mixin.py:151} INFO - [2025-04-22T17:05:22.633+0000] {dag.py:3722} INFO - Setting next_dagrun for prayer_times_data_pipeline to 2025-04-22T06:00:00+00:00, run_after=2025-04-23T06:00:00+00:00
[2025-04-22T17:05:22.657+0000] {processor.py:179} INFO - Processing /opt/airflow/dags/Extract.py took 1.265 seconds
[2025-04-22T17:05:53.705+0000] {processor.py:157} INFO - Started process (PID=230) to work on /opt/airflow/dags/Extract.py
[2025-04-22T17:05:53.716+0000] {processor.py:829} INFO - Processing file /opt/airflow/dags/Extract.py for tasks to queue
[2025-04-22T17:05:53.728+0000] {logging_mixin.py:151} INFO - [2025-04-22T17:05:53.721+0000] {dagbag.py:536} INFO - Filling up the DagBag from /opt/airflow/dags/Extract.py
[2025-04-22T17:06:00.347+0000] {processor.py:839} INFO - DAG(s) dict_keys(['prayer_times_data_pipeline']) retrieved from /opt/airflow/dags/Extract.py
[2025-04-22T17:06:00.392+0000] {logging_mixin.py:151} INFO - [2025-04-22T17:06:00.390+0000] {dag.py:2941} INFO - Sync 1 DAGs
[2025-04-22T17:06:00.439+0000] {logging_mixin.py:151} INFO - [2025-04-22T17:06:00.439+0000] {dag.py:3722} INFO - Setting next_dagrun for prayer_times_data_pipeline to 2025-04-22T06:00:00+00:00, run_after=2025-04-23T06:00:00+00:00
[2025-04-22T17:06:00.527+0000] {processor.py:179} INFO - Processing /opt/airflow/dags/Extract.py took 6.889 seconds
[2025-04-22T17:06:30.832+0000] {processor.py:157} INFO - Started process (PID=232) to work on /opt/airflow/dags/Extract.py
[2025-04-22T17:06:30.836+0000] {processor.py:829} INFO - Processing file /opt/airflow/dags/Extract.py for tasks to queue
[2025-04-22T17:06:30.839+0000] {logging_mixin.py:151} INFO - [2025-04-22T17:06:30.838+0000] {dagbag.py:536} INFO - Filling up the DagBag from /opt/airflow/dags/Extract.py
[2025-04-22T17:06:31.668+0000] {processor.py:839} INFO - DAG(s) dict_keys(['prayer_times_data_pipeline']) retrieved from /opt/airflow/dags/Extract.py
[2025-04-22T17:06:31.684+0000] {logging_mixin.py:151} INFO - [2025-04-22T17:06:31.683+0000] {dag.py:2941} INFO - Sync 1 DAGs
[2025-04-22T17:06:31.705+0000] {logging_mixin.py:151} INFO - [2025-04-22T17:06:31.705+0000] {dag.py:3722} INFO - Setting next_dagrun for prayer_times_data_pipeline to 2025-04-22T06:00:00+00:00, run_after=2025-04-23T06:00:00+00:00
[2025-04-22T17:06:31.734+0000] {processor.py:179} INFO - Processing /opt/airflow/dags/Extract.py took 0.919 seconds
[2025-04-22T17:07:01.900+0000] {processor.py:157} INFO - Started process (PID=234) to work on /opt/airflow/dags/Extract.py
[2025-04-22T17:07:01.901+0000] {processor.py:829} INFO - Processing file /opt/airflow/dags/Extract.py for tasks to queue
[2025-04-22T17:07:01.903+0000] {logging_mixin.py:151} INFO - [2025-04-22T17:07:01.902+0000] {dagbag.py:536} INFO - Filling up the DagBag from /opt/airflow/dags/Extract.py
[2025-04-22T17:07:02.505+0000] {processor.py:839} INFO - DAG(s) dict_keys(['prayer_times_data_pipeline']) retrieved from /opt/airflow/dags/Extract.py
[2025-04-22T17:07:02.523+0000] {logging_mixin.py:151} INFO - [2025-04-22T17:07:02.522+0000] {dag.py:2941} INFO - Sync 1 DAGs
[2025-04-22T17:07:02.542+0000] {logging_mixin.py:151} INFO - [2025-04-22T17:07:02.542+0000] {dag.py:3722} INFO - Setting next_dagrun for prayer_times_data_pipeline to 2025-04-22T06:00:00+00:00, run_after=2025-04-23T06:00:00+00:00
[2025-04-22T17:07:02.569+0000] {processor.py:179} INFO - Processing /opt/airflow/dags/Extract.py took 0.673 seconds
[2025-04-22T17:07:32.768+0000] {processor.py:157} INFO - Started process (PID=236) to work on /opt/airflow/dags/Extract.py
[2025-04-22T17:07:32.769+0000] {processor.py:829} INFO - Processing file /opt/airflow/dags/Extract.py for tasks to queue
[2025-04-22T17:07:32.770+0000] {logging_mixin.py:151} INFO - [2025-04-22T17:07:32.770+0000] {dagbag.py:536} INFO - Filling up the DagBag from /opt/airflow/dags/Extract.py
[2025-04-22T17:07:33.333+0000] {processor.py:839} INFO - DAG(s) dict_keys(['prayer_times_data_pipeline']) retrieved from /opt/airflow/dags/Extract.py
[2025-04-22T17:07:33.350+0000] {logging_mixin.py:151} INFO - [2025-04-22T17:07:33.349+0000] {dag.py:2941} INFO - Sync 1 DAGs
[2025-04-22T17:07:33.369+0000] {logging_mixin.py:151} INFO - [2025-04-22T17:07:33.369+0000] {dag.py:3722} INFO - Setting next_dagrun for prayer_times_data_pipeline to 2025-04-22T06:00:00+00:00, run_after=2025-04-23T06:00:00+00:00
[2025-04-22T17:07:33.400+0000] {processor.py:179} INFO - Processing /opt/airflow/dags/Extract.py took 0.636 seconds
[2025-04-22T17:08:03.573+0000] {processor.py:157} INFO - Started process (PID=238) to work on /opt/airflow/dags/Extract.py
[2025-04-22T17:08:03.575+0000] {processor.py:829} INFO - Processing file /opt/airflow/dags/Extract.py for tasks to queue
[2025-04-22T17:08:03.577+0000] {logging_mixin.py:151} INFO - [2025-04-22T17:08:03.576+0000] {dagbag.py:536} INFO - Filling up the DagBag from /opt/airflow/dags/Extract.py
[2025-04-22T17:08:04.866+0000] {processor.py:839} INFO - DAG(s) dict_keys(['prayer_times_data_pipeline']) retrieved from /opt/airflow/dags/Extract.py
[2025-04-22T17:08:04.919+0000] {logging_mixin.py:151} INFO - [2025-04-22T17:08:04.918+0000] {dag.py:2941} INFO - Sync 1 DAGs
[2025-04-22T17:08:04.966+0000] {logging_mixin.py:151} INFO - [2025-04-22T17:08:04.966+0000] {dag.py:3722} INFO - Setting next_dagrun for prayer_times_data_pipeline to 2025-04-22T06:00:00+00:00, run_after=2025-04-23T06:00:00+00:00
[2025-04-22T17:08:05.001+0000] {processor.py:179} INFO - Processing /opt/airflow/dags/Extract.py took 1.435 seconds
[2025-04-22T17:08:35.216+0000] {processor.py:157} INFO - Started process (PID=240) to work on /opt/airflow/dags/Extract.py
[2025-04-22T17:08:35.218+0000] {processor.py:829} INFO - Processing file /opt/airflow/dags/Extract.py for tasks to queue
[2025-04-22T17:08:35.219+0000] {logging_mixin.py:151} INFO - [2025-04-22T17:08:35.219+0000] {dagbag.py:536} INFO - Filling up the DagBag from /opt/airflow/dags/Extract.py
[2025-04-22T17:08:36.074+0000] {processor.py:839} INFO - DAG(s) dict_keys(['prayer_times_data_pipeline']) retrieved from /opt/airflow/dags/Extract.py
[2025-04-22T17:08:36.097+0000] {logging_mixin.py:151} INFO - [2025-04-22T17:08:36.096+0000] {dag.py:2941} INFO - Sync 1 DAGs
[2025-04-22T17:08:36.144+0000] {logging_mixin.py:151} INFO - [2025-04-22T17:08:36.143+0000] {dag.py:3722} INFO - Setting next_dagrun for prayer_times_data_pipeline to 2025-04-22T06:00:00+00:00, run_after=2025-04-23T06:00:00+00:00
[2025-04-22T17:08:36.184+0000] {processor.py:179} INFO - Processing /opt/airflow/dags/Extract.py took 1.007 seconds
[2025-04-22T17:09:06.348+0000] {processor.py:157} INFO - Started process (PID=242) to work on /opt/airflow/dags/Extract.py
[2025-04-22T17:09:06.352+0000] {processor.py:829} INFO - Processing file /opt/airflow/dags/Extract.py for tasks to queue
[2025-04-22T17:09:06.355+0000] {logging_mixin.py:151} INFO - [2025-04-22T17:09:06.353+0000] {dagbag.py:536} INFO - Filling up the DagBag from /opt/airflow/dags/Extract.py
[2025-04-22T17:09:07.007+0000] {processor.py:839} INFO - DAG(s) dict_keys(['prayer_times_data_pipeline']) retrieved from /opt/airflow/dags/Extract.py
[2025-04-22T17:09:07.024+0000] {logging_mixin.py:151} INFO - [2025-04-22T17:09:07.023+0000] {dag.py:2941} INFO - Sync 1 DAGs
[2025-04-22T17:09:07.043+0000] {logging_mixin.py:151} INFO - [2025-04-22T17:09:07.043+0000] {dag.py:3722} INFO - Setting next_dagrun for prayer_times_data_pipeline to 2025-04-22T06:00:00+00:00, run_after=2025-04-23T06:00:00+00:00
[2025-04-22T17:09:07.066+0000] {processor.py:179} INFO - Processing /opt/airflow/dags/Extract.py took 0.732 seconds
[2025-04-22T17:09:37.228+0000] {processor.py:157} INFO - Started process (PID=244) to work on /opt/airflow/dags/Extract.py
[2025-04-22T17:09:37.230+0000] {processor.py:829} INFO - Processing file /opt/airflow/dags/Extract.py for tasks to queue
[2025-04-22T17:09:37.231+0000] {logging_mixin.py:151} INFO - [2025-04-22T17:09:37.230+0000] {dagbag.py:536} INFO - Filling up the DagBag from /opt/airflow/dags/Extract.py
[2025-04-22T17:09:37.800+0000] {processor.py:839} INFO - DAG(s) dict_keys(['prayer_times_data_pipeline']) retrieved from /opt/airflow/dags/Extract.py
[2025-04-22T17:09:37.818+0000] {logging_mixin.py:151} INFO - [2025-04-22T17:09:37.817+0000] {dag.py:2941} INFO - Sync 1 DAGs
[2025-04-22T17:09:37.838+0000] {logging_mixin.py:151} INFO - [2025-04-22T17:09:37.838+0000] {dag.py:3722} INFO - Setting next_dagrun for prayer_times_data_pipeline to 2025-04-22T06:00:00+00:00, run_after=2025-04-23T06:00:00+00:00
[2025-04-22T17:09:37.862+0000] {processor.py:179} INFO - Processing /opt/airflow/dags/Extract.py took 0.637 seconds
[2025-04-22T17:10:08.016+0000] {processor.py:157} INFO - Started process (PID=246) to work on /opt/airflow/dags/Extract.py
[2025-04-22T17:10:08.017+0000] {processor.py:829} INFO - Processing file /opt/airflow/dags/Extract.py for tasks to queue
[2025-04-22T17:10:08.018+0000] {logging_mixin.py:151} INFO - [2025-04-22T17:10:08.018+0000] {dagbag.py:536} INFO - Filling up the DagBag from /opt/airflow/dags/Extract.py
[2025-04-22T17:10:08.626+0000] {processor.py:839} INFO - DAG(s) dict_keys(['prayer_times_data_pipeline']) retrieved from /opt/airflow/dags/Extract.py
[2025-04-22T17:10:08.644+0000] {logging_mixin.py:151} INFO - [2025-04-22T17:10:08.643+0000] {dag.py:2941} INFO - Sync 1 DAGs
[2025-04-22T17:10:08.667+0000] {logging_mixin.py:151} INFO - [2025-04-22T17:10:08.667+0000] {dag.py:3722} INFO - Setting next_dagrun for prayer_times_data_pipeline to 2025-04-22T06:00:00+00:00, run_after=2025-04-23T06:00:00+00:00
[2025-04-22T17:10:08.693+0000] {processor.py:179} INFO - Processing /opt/airflow/dags/Extract.py took 0.680 seconds
[2025-04-22T17:10:38.811+0000] {processor.py:157} INFO - Started process (PID=248) to work on /opt/airflow/dags/Extract.py
[2025-04-22T17:10:38.812+0000] {processor.py:829} INFO - Processing file /opt/airflow/dags/Extract.py for tasks to queue
[2025-04-22T17:10:38.813+0000] {logging_mixin.py:151} INFO - [2025-04-22T17:10:38.813+0000] {dagbag.py:536} INFO - Filling up the DagBag from /opt/airflow/dags/Extract.py
[2025-04-22T17:10:39.398+0000] {processor.py:839} INFO - DAG(s) dict_keys(['prayer_times_data_pipeline']) retrieved from /opt/airflow/dags/Extract.py
[2025-04-22T17:10:39.415+0000] {logging_mixin.py:151} INFO - [2025-04-22T17:10:39.414+0000] {dag.py:2941} INFO - Sync 1 DAGs
[2025-04-22T17:10:39.435+0000] {logging_mixin.py:151} INFO - [2025-04-22T17:10:39.434+0000] {dag.py:3722} INFO - Setting next_dagrun for prayer_times_data_pipeline to 2025-04-22T06:00:00+00:00, run_after=2025-04-23T06:00:00+00:00
[2025-04-22T17:10:39.463+0000] {processor.py:179} INFO - Processing /opt/airflow/dags/Extract.py took 0.655 seconds
[2025-04-22T17:11:09.589+0000] {processor.py:157} INFO - Started process (PID=250) to work on /opt/airflow/dags/Extract.py
[2025-04-22T17:11:09.591+0000] {processor.py:829} INFO - Processing file /opt/airflow/dags/Extract.py for tasks to queue
[2025-04-22T17:11:09.592+0000] {logging_mixin.py:151} INFO - [2025-04-22T17:11:09.592+0000] {dagbag.py:536} INFO - Filling up the DagBag from /opt/airflow/dags/Extract.py
[2025-04-22T17:11:10.238+0000] {processor.py:839} INFO - DAG(s) dict_keys(['prayer_times_data_pipeline']) retrieved from /opt/airflow/dags/Extract.py
[2025-04-22T17:11:10.256+0000] {logging_mixin.py:151} INFO - [2025-04-22T17:11:10.256+0000] {dag.py:2941} INFO - Sync 1 DAGs
[2025-04-22T17:11:10.280+0000] {logging_mixin.py:151} INFO - [2025-04-22T17:11:10.280+0000] {dag.py:3722} INFO - Setting next_dagrun for prayer_times_data_pipeline to 2025-04-22T06:00:00+00:00, run_after=2025-04-23T06:00:00+00:00
[2025-04-22T17:11:10.307+0000] {processor.py:179} INFO - Processing /opt/airflow/dags/Extract.py took 0.721 seconds
[2025-04-22T17:11:40.538+0000] {processor.py:157} INFO - Started process (PID=252) to work on /opt/airflow/dags/Extract.py
[2025-04-22T17:11:40.539+0000] {processor.py:829} INFO - Processing file /opt/airflow/dags/Extract.py for tasks to queue
[2025-04-22T17:11:40.540+0000] {logging_mixin.py:151} INFO - [2025-04-22T17:11:40.540+0000] {dagbag.py:536} INFO - Filling up the DagBag from /opt/airflow/dags/Extract.py
[2025-04-22T17:11:41.119+0000] {processor.py:839} INFO - DAG(s) dict_keys(['prayer_times_data_pipeline']) retrieved from /opt/airflow/dags/Extract.py
[2025-04-22T17:11:41.135+0000] {logging_mixin.py:151} INFO - [2025-04-22T17:11:41.135+0000] {dag.py:2941} INFO - Sync 1 DAGs
[2025-04-22T17:11:41.156+0000] {logging_mixin.py:151} INFO - [2025-04-22T17:11:41.155+0000] {dag.py:3722} INFO - Setting next_dagrun for prayer_times_data_pipeline to 2025-04-22T06:00:00+00:00, run_after=2025-04-23T06:00:00+00:00
[2025-04-22T17:11:41.183+0000] {processor.py:179} INFO - Processing /opt/airflow/dags/Extract.py took 0.649 seconds
[2025-04-22T17:12:11.347+0000] {processor.py:157} INFO - Started process (PID=254) to work on /opt/airflow/dags/Extract.py
[2025-04-22T17:12:11.349+0000] {processor.py:829} INFO - Processing file /opt/airflow/dags/Extract.py for tasks to queue
[2025-04-22T17:12:11.351+0000] {logging_mixin.py:151} INFO - [2025-04-22T17:12:11.350+0000] {dagbag.py:536} INFO - Filling up the DagBag from /opt/airflow/dags/Extract.py
[2025-04-22T17:12:11.972+0000] {processor.py:839} INFO - DAG(s) dict_keys(['prayer_times_data_pipeline']) retrieved from /opt/airflow/dags/Extract.py
[2025-04-22T17:12:11.992+0000] {logging_mixin.py:151} INFO - [2025-04-22T17:12:11.991+0000] {dag.py:2941} INFO - Sync 1 DAGs
[2025-04-22T17:12:12.013+0000] {logging_mixin.py:151} INFO - [2025-04-22T17:12:12.013+0000] {dag.py:3722} INFO - Setting next_dagrun for prayer_times_data_pipeline to 2025-04-22T06:00:00+00:00, run_after=2025-04-23T06:00:00+00:00
[2025-04-22T17:12:12.040+0000] {processor.py:179} INFO - Processing /opt/airflow/dags/Extract.py took 0.695 seconds
[2025-04-22T17:12:42.264+0000] {processor.py:157} INFO - Started process (PID=256) to work on /opt/airflow/dags/Extract.py
[2025-04-22T17:12:42.266+0000] {processor.py:829} INFO - Processing file /opt/airflow/dags/Extract.py for tasks to queue
[2025-04-22T17:12:42.267+0000] {logging_mixin.py:151} INFO - [2025-04-22T17:12:42.266+0000] {dagbag.py:536} INFO - Filling up the DagBag from /opt/airflow/dags/Extract.py
[2025-04-22T17:12:43.024+0000] {processor.py:839} INFO - DAG(s) dict_keys(['prayer_times_data_pipeline']) retrieved from /opt/airflow/dags/Extract.py
[2025-04-22T17:12:43.058+0000] {logging_mixin.py:151} INFO - [2025-04-22T17:12:43.057+0000] {dag.py:2941} INFO - Sync 1 DAGs
[2025-04-22T17:12:43.091+0000] {logging_mixin.py:151} INFO - [2025-04-22T17:12:43.090+0000] {dag.py:3722} INFO - Setting next_dagrun for prayer_times_data_pipeline to 2025-04-22T06:00:00+00:00, run_after=2025-04-23T06:00:00+00:00
[2025-04-22T17:12:43.120+0000] {processor.py:179} INFO - Processing /opt/airflow/dags/Extract.py took 0.859 seconds
[2025-04-22T17:13:13.278+0000] {processor.py:157} INFO - Started process (PID=258) to work on /opt/airflow/dags/Extract.py
[2025-04-22T17:13:13.279+0000] {processor.py:829} INFO - Processing file /opt/airflow/dags/Extract.py for tasks to queue
[2025-04-22T17:13:13.280+0000] {logging_mixin.py:151} INFO - [2025-04-22T17:13:13.280+0000] {dagbag.py:536} INFO - Filling up the DagBag from /opt/airflow/dags/Extract.py
[2025-04-22T17:13:14.131+0000] {processor.py:839} INFO - DAG(s) dict_keys(['prayer_times_data_pipeline']) retrieved from /opt/airflow/dags/Extract.py
[2025-04-22T17:13:14.201+0000] {logging_mixin.py:151} INFO - [2025-04-22T17:13:14.200+0000] {dag.py:2941} INFO - Sync 1 DAGs
[2025-04-22T17:13:14.257+0000] {logging_mixin.py:151} INFO - [2025-04-22T17:13:14.256+0000] {dag.py:3722} INFO - Setting next_dagrun for prayer_times_data_pipeline to 2025-04-22T06:00:00+00:00, run_after=2025-04-23T06:00:00+00:00
[2025-04-22T17:13:14.292+0000] {processor.py:179} INFO - Processing /opt/airflow/dags/Extract.py took 1.018 seconds
[2025-04-22T17:13:44.536+0000] {processor.py:157} INFO - Started process (PID=260) to work on /opt/airflow/dags/Extract.py
[2025-04-22T17:13:44.540+0000] {processor.py:829} INFO - Processing file /opt/airflow/dags/Extract.py for tasks to queue
[2025-04-22T17:13:44.543+0000] {logging_mixin.py:151} INFO - [2025-04-22T17:13:44.542+0000] {dagbag.py:536} INFO - Filling up the DagBag from /opt/airflow/dags/Extract.py
[2025-04-22T17:13:45.280+0000] {processor.py:839} INFO - DAG(s) dict_keys(['prayer_times_data_pipeline']) retrieved from /opt/airflow/dags/Extract.py
[2025-04-22T17:13:45.297+0000] {logging_mixin.py:151} INFO - [2025-04-22T17:13:45.296+0000] {dag.py:2941} INFO - Sync 1 DAGs
[2025-04-22T17:13:45.317+0000] {logging_mixin.py:151} INFO - [2025-04-22T17:13:45.317+0000] {dag.py:3722} INFO - Setting next_dagrun for prayer_times_data_pipeline to 2025-04-22T06:00:00+00:00, run_after=2025-04-23T06:00:00+00:00
[2025-04-22T17:13:45.342+0000] {processor.py:179} INFO - Processing /opt/airflow/dags/Extract.py took 0.843 seconds
[2025-04-22T17:14:15.504+0000] {processor.py:157} INFO - Started process (PID=262) to work on /opt/airflow/dags/Extract.py
[2025-04-22T17:14:15.505+0000] {processor.py:829} INFO - Processing file /opt/airflow/dags/Extract.py for tasks to queue
[2025-04-22T17:14:15.507+0000] {logging_mixin.py:151} INFO - [2025-04-22T17:14:15.506+0000] {dagbag.py:536} INFO - Filling up the DagBag from /opt/airflow/dags/Extract.py
[2025-04-22T17:14:16.085+0000] {processor.py:839} INFO - DAG(s) dict_keys(['prayer_times_data_pipeline']) retrieved from /opt/airflow/dags/Extract.py
[2025-04-22T17:14:16.113+0000] {logging_mixin.py:151} INFO - [2025-04-22T17:14:16.112+0000] {dag.py:2941} INFO - Sync 1 DAGs
[2025-04-22T17:14:16.144+0000] {logging_mixin.py:151} INFO - [2025-04-22T17:14:16.143+0000] {dag.py:3722} INFO - Setting next_dagrun for prayer_times_data_pipeline to 2025-04-22T06:00:00+00:00, run_after=2025-04-23T06:00:00+00:00
[2025-04-22T17:14:16.171+0000] {processor.py:179} INFO - Processing /opt/airflow/dags/Extract.py took 0.670 seconds
[2025-04-22T17:14:46.313+0000] {processor.py:157} INFO - Started process (PID=264) to work on /opt/airflow/dags/Extract.py
[2025-04-22T17:14:46.315+0000] {processor.py:829} INFO - Processing file /opt/airflow/dags/Extract.py for tasks to queue
[2025-04-22T17:14:46.318+0000] {logging_mixin.py:151} INFO - [2025-04-22T17:14:46.316+0000] {dagbag.py:536} INFO - Filling up the DagBag from /opt/airflow/dags/Extract.py
[2025-04-22T17:14:46.932+0000] {processor.py:839} INFO - DAG(s) dict_keys(['prayer_times_data_pipeline']) retrieved from /opt/airflow/dags/Extract.py
[2025-04-22T17:14:46.949+0000] {logging_mixin.py:151} INFO - [2025-04-22T17:14:46.948+0000] {dag.py:2941} INFO - Sync 1 DAGs
[2025-04-22T17:14:46.973+0000] {logging_mixin.py:151} INFO - [2025-04-22T17:14:46.973+0000] {dag.py:3722} INFO - Setting next_dagrun for prayer_times_data_pipeline to 2025-04-22T06:00:00+00:00, run_after=2025-04-23T06:00:00+00:00
[2025-04-22T17:14:46.998+0000] {processor.py:179} INFO - Processing /opt/airflow/dags/Extract.py took 0.692 seconds
[2025-04-22T17:15:17.887+0000] {processor.py:157} INFO - Started process (PID=277) to work on /opt/airflow/dags/Extract.py
[2025-04-22T17:15:17.889+0000] {processor.py:829} INFO - Processing file /opt/airflow/dags/Extract.py for tasks to queue
[2025-04-22T17:15:17.890+0000] {logging_mixin.py:151} INFO - [2025-04-22T17:15:17.889+0000] {dagbag.py:536} INFO - Filling up the DagBag from /opt/airflow/dags/Extract.py
[2025-04-22T17:15:18.737+0000] {processor.py:839} INFO - DAG(s) dict_keys(['prayer_times_data_pipeline']) retrieved from /opt/airflow/dags/Extract.py
[2025-04-22T17:15:18.752+0000] {logging_mixin.py:151} INFO - [2025-04-22T17:15:18.751+0000] {dag.py:2941} INFO - Sync 1 DAGs
[2025-04-22T17:15:18.779+0000] {logging_mixin.py:151} INFO - [2025-04-22T17:15:18.779+0000] {dag.py:3722} INFO - Setting next_dagrun for prayer_times_data_pipeline to 2025-04-22T06:00:00+00:00, run_after=2025-04-23T06:00:00+00:00
[2025-04-22T17:15:18.807+0000] {processor.py:179} INFO - Processing /opt/airflow/dags/Extract.py took 0.931 seconds
[2025-04-22T17:15:48.999+0000] {processor.py:157} INFO - Started process (PID=290) to work on /opt/airflow/dags/Extract.py
[2025-04-22T17:15:49.000+0000] {processor.py:829} INFO - Processing file /opt/airflow/dags/Extract.py for tasks to queue
[2025-04-22T17:15:49.002+0000] {logging_mixin.py:151} INFO - [2025-04-22T17:15:49.001+0000] {dagbag.py:536} INFO - Filling up the DagBag from /opt/airflow/dags/Extract.py
[2025-04-22T17:15:49.694+0000] {processor.py:839} INFO - DAG(s) dict_keys(['prayer_times_data_pipeline']) retrieved from /opt/airflow/dags/Extract.py
[2025-04-22T17:15:49.733+0000] {logging_mixin.py:151} INFO - [2025-04-22T17:15:49.733+0000] {dag.py:2941} INFO - Sync 1 DAGs
[2025-04-22T17:15:49.754+0000] {logging_mixin.py:151} INFO - [2025-04-22T17:15:49.754+0000] {dag.py:3722} INFO - Setting next_dagrun for prayer_times_data_pipeline to 2025-04-22T06:00:00+00:00, run_after=2025-04-23T06:00:00+00:00
[2025-04-22T17:15:49.796+0000] {processor.py:179} INFO - Processing /opt/airflow/dags/Extract.py took 0.801 seconds
[2025-04-22T17:16:20.143+0000] {processor.py:157} INFO - Started process (PID=292) to work on /opt/airflow/dags/Extract.py
[2025-04-22T17:16:20.145+0000] {processor.py:829} INFO - Processing file /opt/airflow/dags/Extract.py for tasks to queue
[2025-04-22T17:16:20.146+0000] {logging_mixin.py:151} INFO - [2025-04-22T17:16:20.146+0000] {dagbag.py:536} INFO - Filling up the DagBag from /opt/airflow/dags/Extract.py
[2025-04-22T17:16:20.681+0000] {processor.py:839} INFO - DAG(s) dict_keys(['prayer_times_data_pipeline']) retrieved from /opt/airflow/dags/Extract.py
[2025-04-22T17:16:20.696+0000] {logging_mixin.py:151} INFO - [2025-04-22T17:16:20.696+0000] {dag.py:2941} INFO - Sync 1 DAGs
[2025-04-22T17:16:20.715+0000] {logging_mixin.py:151} INFO - [2025-04-22T17:16:20.715+0000] {dag.py:3722} INFO - Setting next_dagrun for prayer_times_data_pipeline to 2025-04-22T06:00:00+00:00, run_after=2025-04-23T06:00:00+00:00
[2025-04-22T17:16:20.752+0000] {processor.py:179} INFO - Processing /opt/airflow/dags/Extract.py took 0.612 seconds
[2025-04-22T17:16:51.177+0000] {processor.py:157} INFO - Started process (PID=294) to work on /opt/airflow/dags/Extract.py
[2025-04-22T17:16:51.178+0000] {processor.py:829} INFO - Processing file /opt/airflow/dags/Extract.py for tasks to queue
[2025-04-22T17:16:51.180+0000] {logging_mixin.py:151} INFO - [2025-04-22T17:16:51.179+0000] {dagbag.py:536} INFO - Filling up the DagBag from /opt/airflow/dags/Extract.py
[2025-04-22T17:16:51.743+0000] {processor.py:839} INFO - DAG(s) dict_keys(['prayer_times_data_pipeline']) retrieved from /opt/airflow/dags/Extract.py
[2025-04-22T17:16:51.759+0000] {logging_mixin.py:151} INFO - [2025-04-22T17:16:51.759+0000] {dag.py:2941} INFO - Sync 1 DAGs
[2025-04-22T17:16:51.779+0000] {logging_mixin.py:151} INFO - [2025-04-22T17:16:51.778+0000] {dag.py:3722} INFO - Setting next_dagrun for prayer_times_data_pipeline to 2025-04-22T06:00:00+00:00, run_after=2025-04-23T06:00:00+00:00
[2025-04-22T17:16:51.804+0000] {processor.py:179} INFO - Processing /opt/airflow/dags/Extract.py took 0.629 seconds
[2025-04-22T17:17:22.180+0000] {processor.py:157} INFO - Started process (PID=296) to work on /opt/airflow/dags/Extract.py
[2025-04-22T17:17:22.182+0000] {processor.py:829} INFO - Processing file /opt/airflow/dags/Extract.py for tasks to queue
[2025-04-22T17:17:22.183+0000] {logging_mixin.py:151} INFO - [2025-04-22T17:17:22.182+0000] {dagbag.py:536} INFO - Filling up the DagBag from /opt/airflow/dags/Extract.py
[2025-04-22T17:17:22.791+0000] {processor.py:839} INFO - DAG(s) dict_keys(['prayer_times_data_pipeline']) retrieved from /opt/airflow/dags/Extract.py
[2025-04-22T17:17:22.809+0000] {logging_mixin.py:151} INFO - [2025-04-22T17:17:22.808+0000] {dag.py:2941} INFO - Sync 1 DAGs
[2025-04-22T17:17:22.832+0000] {logging_mixin.py:151} INFO - [2025-04-22T17:17:22.831+0000] {dag.py:3722} INFO - Setting next_dagrun for prayer_times_data_pipeline to 2025-04-22T06:00:00+00:00, run_after=2025-04-23T06:00:00+00:00
[2025-04-22T17:17:22.861+0000] {processor.py:179} INFO - Processing /opt/airflow/dags/Extract.py took 0.685 seconds
[2025-04-22T17:17:53.351+0000] {processor.py:157} INFO - Started process (PID=298) to work on /opt/airflow/dags/Extract.py
[2025-04-22T17:17:53.355+0000] {processor.py:829} INFO - Processing file /opt/airflow/dags/Extract.py for tasks to queue
[2025-04-22T17:17:53.358+0000] {logging_mixin.py:151} INFO - [2025-04-22T17:17:53.357+0000] {dagbag.py:536} INFO - Filling up the DagBag from /opt/airflow/dags/Extract.py
[2025-04-22T17:17:53.946+0000] {processor.py:839} INFO - DAG(s) dict_keys(['prayer_times_data_pipeline']) retrieved from /opt/airflow/dags/Extract.py
[2025-04-22T17:17:53.963+0000] {logging_mixin.py:151} INFO - [2025-04-22T17:17:53.962+0000] {dag.py:2941} INFO - Sync 1 DAGs
[2025-04-22T17:17:53.985+0000] {logging_mixin.py:151} INFO - [2025-04-22T17:17:53.984+0000] {dag.py:3722} INFO - Setting next_dagrun for prayer_times_data_pipeline to 2025-04-22T06:00:00+00:00, run_after=2025-04-23T06:00:00+00:00
[2025-04-22T17:17:54.006+0000] {processor.py:179} INFO - Processing /opt/airflow/dags/Extract.py took 0.669 seconds
[2025-04-22T17:18:24.414+0000] {processor.py:157} INFO - Started process (PID=300) to work on /opt/airflow/dags/Extract.py
[2025-04-22T17:18:24.415+0000] {processor.py:829} INFO - Processing file /opt/airflow/dags/Extract.py for tasks to queue
[2025-04-22T17:18:24.417+0000] {logging_mixin.py:151} INFO - [2025-04-22T17:18:24.416+0000] {dagbag.py:536} INFO - Filling up the DagBag from /opt/airflow/dags/Extract.py
[2025-04-22T17:18:25.001+0000] {processor.py:839} INFO - DAG(s) dict_keys(['prayer_times_data_pipeline']) retrieved from /opt/airflow/dags/Extract.py
[2025-04-22T17:18:25.020+0000] {logging_mixin.py:151} INFO - [2025-04-22T17:18:25.020+0000] {dag.py:2941} INFO - Sync 1 DAGs
[2025-04-22T17:18:25.042+0000] {logging_mixin.py:151} INFO - [2025-04-22T17:18:25.042+0000] {dag.py:3722} INFO - Setting next_dagrun for prayer_times_data_pipeline to 2025-04-22T06:00:00+00:00, run_after=2025-04-23T06:00:00+00:00
[2025-04-22T17:18:25.067+0000] {processor.py:179} INFO - Processing /opt/airflow/dags/Extract.py took 0.664 seconds
[2025-04-22T17:18:55.397+0000] {processor.py:157} INFO - Started process (PID=302) to work on /opt/airflow/dags/Extract.py
[2025-04-22T17:18:55.398+0000] {processor.py:829} INFO - Processing file /opt/airflow/dags/Extract.py for tasks to queue
[2025-04-22T17:18:55.400+0000] {logging_mixin.py:151} INFO - [2025-04-22T17:18:55.399+0000] {dagbag.py:536} INFO - Filling up the DagBag from /opt/airflow/dags/Extract.py
[2025-04-22T17:18:55.941+0000] {processor.py:839} INFO - DAG(s) dict_keys(['prayer_times_data_pipeline']) retrieved from /opt/airflow/dags/Extract.py
[2025-04-22T17:18:55.957+0000] {logging_mixin.py:151} INFO - [2025-04-22T17:18:55.956+0000] {dag.py:2941} INFO - Sync 1 DAGs
[2025-04-22T17:18:55.977+0000] {logging_mixin.py:151} INFO - [2025-04-22T17:18:55.976+0000] {dag.py:3722} INFO - Setting next_dagrun for prayer_times_data_pipeline to 2025-04-22T06:00:00+00:00, run_after=2025-04-23T06:00:00+00:00
[2025-04-22T17:18:56.004+0000] {processor.py:179} INFO - Processing /opt/airflow/dags/Extract.py took 0.611 seconds
[2025-04-22T17:19:26.386+0000] {processor.py:157} INFO - Started process (PID=304) to work on /opt/airflow/dags/Extract.py
[2025-04-22T17:19:26.390+0000] {processor.py:829} INFO - Processing file /opt/airflow/dags/Extract.py for tasks to queue
[2025-04-22T17:19:26.393+0000] {logging_mixin.py:151} INFO - [2025-04-22T17:19:26.392+0000] {dagbag.py:536} INFO - Filling up the DagBag from /opt/airflow/dags/Extract.py
[2025-04-22T17:19:26.946+0000] {processor.py:839} INFO - DAG(s) dict_keys(['prayer_times_data_pipeline']) retrieved from /opt/airflow/dags/Extract.py
[2025-04-22T17:19:26.963+0000] {logging_mixin.py:151} INFO - [2025-04-22T17:19:26.962+0000] {dag.py:2941} INFO - Sync 1 DAGs
[2025-04-22T17:19:26.983+0000] {logging_mixin.py:151} INFO - [2025-04-22T17:19:26.983+0000] {dag.py:3722} INFO - Setting next_dagrun for prayer_times_data_pipeline to 2025-04-22T06:00:00+00:00, run_after=2025-04-23T06:00:00+00:00
[2025-04-22T17:19:27.005+0000] {processor.py:179} INFO - Processing /opt/airflow/dags/Extract.py took 0.632 seconds
[2025-04-22T17:19:57.375+0000] {processor.py:157} INFO - Started process (PID=306) to work on /opt/airflow/dags/Extract.py
[2025-04-22T17:19:57.376+0000] {processor.py:829} INFO - Processing file /opt/airflow/dags/Extract.py for tasks to queue
[2025-04-22T17:19:57.377+0000] {logging_mixin.py:151} INFO - [2025-04-22T17:19:57.377+0000] {dagbag.py:536} INFO - Filling up the DagBag from /opt/airflow/dags/Extract.py
[2025-04-22T17:19:57.934+0000] {processor.py:839} INFO - DAG(s) dict_keys(['prayer_times_data_pipeline']) retrieved from /opt/airflow/dags/Extract.py
[2025-04-22T17:19:57.951+0000] {logging_mixin.py:151} INFO - [2025-04-22T17:19:57.950+0000] {dag.py:2941} INFO - Sync 1 DAGs
[2025-04-22T17:19:57.971+0000] {logging_mixin.py:151} INFO - [2025-04-22T17:19:57.971+0000] {dag.py:3722} INFO - Setting next_dagrun for prayer_times_data_pipeline to 2025-04-22T06:00:00+00:00, run_after=2025-04-23T06:00:00+00:00
[2025-04-22T17:19:57.995+0000] {processor.py:179} INFO - Processing /opt/airflow/dags/Extract.py took 0.623 seconds
[2025-04-22T17:20:28.372+0000] {processor.py:157} INFO - Started process (PID=316) to work on /opt/airflow/dags/Extract.py
[2025-04-22T17:20:28.374+0000] {processor.py:829} INFO - Processing file /opt/airflow/dags/Extract.py for tasks to queue
[2025-04-22T17:20:28.376+0000] {logging_mixin.py:151} INFO - [2025-04-22T17:20:28.375+0000] {dagbag.py:536} INFO - Filling up the DagBag from /opt/airflow/dags/Extract.py
[2025-04-22T17:20:28.950+0000] {processor.py:839} INFO - DAG(s) dict_keys(['prayer_times_data_pipeline']) retrieved from /opt/airflow/dags/Extract.py
[2025-04-22T17:20:28.967+0000] {logging_mixin.py:151} INFO - [2025-04-22T17:20:28.967+0000] {dag.py:2941} INFO - Sync 1 DAGs
[2025-04-22T17:20:28.990+0000] {logging_mixin.py:151} INFO - [2025-04-22T17:20:28.990+0000] {dag.py:3722} INFO - Setting next_dagrun for prayer_times_data_pipeline to 2025-04-22T06:00:00+00:00, run_after=2025-04-23T06:00:00+00:00
[2025-04-22T17:20:29.018+0000] {processor.py:179} INFO - Processing /opt/airflow/dags/Extract.py took 0.649 seconds
[2025-04-22T17:20:59.191+0000] {processor.py:157} INFO - Started process (PID=319) to work on /opt/airflow/dags/Extract.py
[2025-04-22T17:20:59.193+0000] {processor.py:829} INFO - Processing file /opt/airflow/dags/Extract.py for tasks to queue
[2025-04-22T17:20:59.194+0000] {logging_mixin.py:151} INFO - [2025-04-22T17:20:59.194+0000] {dagbag.py:536} INFO - Filling up the DagBag from /opt/airflow/dags/Extract.py
[2025-04-22T17:20:59.787+0000] {processor.py:839} INFO - DAG(s) dict_keys(['prayer_times_data_pipeline']) retrieved from /opt/airflow/dags/Extract.py
[2025-04-22T17:20:59.803+0000] {logging_mixin.py:151} INFO - [2025-04-22T17:20:59.803+0000] {dag.py:2941} INFO - Sync 1 DAGs
[2025-04-22T17:20:59.824+0000] {logging_mixin.py:151} INFO - [2025-04-22T17:20:59.824+0000] {dag.py:3722} INFO - Setting next_dagrun for prayer_times_data_pipeline to 2025-04-22T06:00:00+00:00, run_after=2025-04-23T06:00:00+00:00
[2025-04-22T17:20:59.847+0000] {processor.py:179} INFO - Processing /opt/airflow/dags/Extract.py took 0.662 seconds
[2025-04-22T17:21:30.016+0000] {processor.py:157} INFO - Started process (PID=327) to work on /opt/airflow/dags/Extract.py
[2025-04-22T17:21:30.018+0000] {processor.py:829} INFO - Processing file /opt/airflow/dags/Extract.py for tasks to queue
[2025-04-22T17:21:30.019+0000] {logging_mixin.py:151} INFO - [2025-04-22T17:21:30.018+0000] {dagbag.py:536} INFO - Filling up the DagBag from /opt/airflow/dags/Extract.py
[2025-04-22T17:21:30.563+0000] {processor.py:839} INFO - DAG(s) dict_keys(['prayer_times_data_pipeline']) retrieved from /opt/airflow/dags/Extract.py
[2025-04-22T17:21:30.580+0000] {logging_mixin.py:151} INFO - [2025-04-22T17:21:30.579+0000] {dag.py:2941} INFO - Sync 1 DAGs
[2025-04-22T17:21:30.601+0000] {logging_mixin.py:151} INFO - [2025-04-22T17:21:30.601+0000] {dag.py:3722} INFO - Setting next_dagrun for prayer_times_data_pipeline to 2025-04-22T06:00:00+00:00, run_after=2025-04-23T06:00:00+00:00
[2025-04-22T17:21:30.626+0000] {processor.py:179} INFO - Processing /opt/airflow/dags/Extract.py took 0.613 seconds
[2025-04-22T17:22:00.877+0000] {processor.py:157} INFO - Started process (PID=329) to work on /opt/airflow/dags/Extract.py
[2025-04-22T17:22:00.878+0000] {processor.py:829} INFO - Processing file /opt/airflow/dags/Extract.py for tasks to queue
[2025-04-22T17:22:00.879+0000] {logging_mixin.py:151} INFO - [2025-04-22T17:22:00.879+0000] {dagbag.py:536} INFO - Filling up the DagBag from /opt/airflow/dags/Extract.py
[2025-04-22T17:22:01.462+0000] {processor.py:839} INFO - DAG(s) dict_keys(['prayer_times_data_pipeline']) retrieved from /opt/airflow/dags/Extract.py
[2025-04-22T17:22:01.487+0000] {logging_mixin.py:151} INFO - [2025-04-22T17:22:01.486+0000] {dag.py:2941} INFO - Sync 1 DAGs
[2025-04-22T17:22:01.512+0000] {logging_mixin.py:151} INFO - [2025-04-22T17:22:01.511+0000] {dag.py:3722} INFO - Setting next_dagrun for prayer_times_data_pipeline to 2025-04-22T06:00:00+00:00, run_after=2025-04-23T06:00:00+00:00
[2025-04-22T17:22:01.535+0000] {processor.py:179} INFO - Processing /opt/airflow/dags/Extract.py took 0.662 seconds
[2025-04-22T17:22:31.725+0000] {processor.py:157} INFO - Started process (PID=332) to work on /opt/airflow/dags/Extract.py
[2025-04-22T17:22:31.727+0000] {processor.py:829} INFO - Processing file /opt/airflow/dags/Extract.py for tasks to queue
[2025-04-22T17:22:31.730+0000] {logging_mixin.py:151} INFO - [2025-04-22T17:22:31.729+0000] {dagbag.py:536} INFO - Filling up the DagBag from /opt/airflow/dags/Extract.py
[2025-04-22T17:22:32.327+0000] {processor.py:839} INFO - DAG(s) dict_keys(['prayer_times_data_pipeline']) retrieved from /opt/airflow/dags/Extract.py
[2025-04-22T17:22:32.344+0000] {logging_mixin.py:151} INFO - [2025-04-22T17:22:32.343+0000] {dag.py:2941} INFO - Sync 1 DAGs
[2025-04-22T17:22:32.363+0000] {logging_mixin.py:151} INFO - [2025-04-22T17:22:32.363+0000] {dag.py:3722} INFO - Setting next_dagrun for prayer_times_data_pipeline to 2025-04-22T06:00:00+00:00, run_after=2025-04-23T06:00:00+00:00
[2025-04-22T17:22:32.391+0000] {processor.py:179} INFO - Processing /opt/airflow/dags/Extract.py took 0.681 seconds
[2025-04-22T17:23:02.637+0000] {processor.py:157} INFO - Started process (PID=334) to work on /opt/airflow/dags/Extract.py
[2025-04-22T17:23:02.639+0000] {processor.py:829} INFO - Processing file /opt/airflow/dags/Extract.py for tasks to queue
[2025-04-22T17:23:02.640+0000] {logging_mixin.py:151} INFO - [2025-04-22T17:23:02.639+0000] {dagbag.py:536} INFO - Filling up the DagBag from /opt/airflow/dags/Extract.py
[2025-04-22T17:23:03.188+0000] {processor.py:839} INFO - DAG(s) dict_keys(['prayer_times_data_pipeline']) retrieved from /opt/airflow/dags/Extract.py
[2025-04-22T17:23:03.206+0000] {logging_mixin.py:151} INFO - [2025-04-22T17:23:03.205+0000] {dag.py:2941} INFO - Sync 1 DAGs
[2025-04-22T17:23:03.227+0000] {logging_mixin.py:151} INFO - [2025-04-22T17:23:03.226+0000] {dag.py:3722} INFO - Setting next_dagrun for prayer_times_data_pipeline to 2025-04-22T06:00:00+00:00, run_after=2025-04-23T06:00:00+00:00
[2025-04-22T17:23:03.251+0000] {processor.py:179} INFO - Processing /opt/airflow/dags/Extract.py took 0.618 seconds
[2025-04-22T17:23:33.501+0000] {processor.py:157} INFO - Started process (PID=806) to work on /opt/airflow/dags/Extract.py
[2025-04-22T17:23:33.514+0000] {processor.py:829} INFO - Processing file /opt/airflow/dags/Extract.py for tasks to queue
[2025-04-22T17:23:33.532+0000] {logging_mixin.py:151} INFO - [2025-04-22T17:23:33.526+0000] {dagbag.py:536} INFO - Filling up the DagBag from /opt/airflow/dags/Extract.py
[2025-04-22T17:23:35.467+0000] {processor.py:839} INFO - DAG(s) dict_keys(['prayer_times_data_pipeline']) retrieved from /opt/airflow/dags/Extract.py
[2025-04-22T17:23:35.490+0000] {logging_mixin.py:151} INFO - [2025-04-22T17:23:35.489+0000] {dag.py:2941} INFO - Sync 1 DAGs
[2025-04-22T17:23:35.519+0000] {logging_mixin.py:151} INFO - [2025-04-22T17:23:35.519+0000] {dag.py:3722} INFO - Setting next_dagrun for prayer_times_data_pipeline to 2025-04-22T06:00:00+00:00, run_after=2025-04-23T06:00:00+00:00
[2025-04-22T17:23:35.547+0000] {processor.py:179} INFO - Processing /opt/airflow/dags/Extract.py took 2.061 seconds
[2025-04-22T17:24:05.669+0000] {processor.py:157} INFO - Started process (PID=829) to work on /opt/airflow/dags/Extract.py
[2025-04-22T17:24:05.670+0000] {processor.py:829} INFO - Processing file /opt/airflow/dags/Extract.py for tasks to queue
[2025-04-22T17:24:05.671+0000] {logging_mixin.py:151} INFO - [2025-04-22T17:24:05.671+0000] {dagbag.py:536} INFO - Filling up the DagBag from /opt/airflow/dags/Extract.py
[2025-04-22T17:24:06.249+0000] {processor.py:839} INFO - DAG(s) dict_keys(['prayer_times_data_pipeline']) retrieved from /opt/airflow/dags/Extract.py
[2025-04-22T17:24:06.266+0000] {logging_mixin.py:151} INFO - [2025-04-22T17:24:06.266+0000] {dag.py:2941} INFO - Sync 1 DAGs
[2025-04-22T17:24:06.288+0000] {logging_mixin.py:151} INFO - [2025-04-22T17:24:06.288+0000] {dag.py:3722} INFO - Setting next_dagrun for prayer_times_data_pipeline to 2025-04-22T06:00:00+00:00, run_after=2025-04-23T06:00:00+00:00
[2025-04-22T17:24:06.310+0000] {processor.py:179} INFO - Processing /opt/airflow/dags/Extract.py took 0.646 seconds
[2025-04-22T17:24:36.467+0000] {processor.py:157} INFO - Started process (PID=831) to work on /opt/airflow/dags/Extract.py
[2025-04-22T17:24:36.468+0000] {processor.py:829} INFO - Processing file /opt/airflow/dags/Extract.py for tasks to queue
[2025-04-22T17:24:36.470+0000] {logging_mixin.py:151} INFO - [2025-04-22T17:24:36.469+0000] {dagbag.py:536} INFO - Filling up the DagBag from /opt/airflow/dags/Extract.py
[2025-04-22T17:24:36.984+0000] {processor.py:839} INFO - DAG(s) dict_keys(['prayer_times_data_pipeline']) retrieved from /opt/airflow/dags/Extract.py
[2025-04-22T17:24:37.000+0000] {logging_mixin.py:151} INFO - [2025-04-22T17:24:36.999+0000] {dag.py:2941} INFO - Sync 1 DAGs
[2025-04-22T17:24:37.020+0000] {logging_mixin.py:151} INFO - [2025-04-22T17:24:37.020+0000] {dag.py:3722} INFO - Setting next_dagrun for prayer_times_data_pipeline to 2025-04-22T06:00:00+00:00, run_after=2025-04-23T06:00:00+00:00
[2025-04-22T17:24:37.044+0000] {processor.py:179} INFO - Processing /opt/airflow/dags/Extract.py took 0.579 seconds
[2025-04-22T17:25:07.161+0000] {processor.py:157} INFO - Started process (PID=833) to work on /opt/airflow/dags/Extract.py
[2025-04-22T17:25:07.162+0000] {processor.py:829} INFO - Processing file /opt/airflow/dags/Extract.py for tasks to queue
[2025-04-22T17:25:07.163+0000] {logging_mixin.py:151} INFO - [2025-04-22T17:25:07.163+0000] {dagbag.py:536} INFO - Filling up the DagBag from /opt/airflow/dags/Extract.py
[2025-04-22T17:25:07.689+0000] {processor.py:839} INFO - DAG(s) dict_keys(['prayer_times_data_pipeline']) retrieved from /opt/airflow/dags/Extract.py
[2025-04-22T17:25:07.706+0000] {logging_mixin.py:151} INFO - [2025-04-22T17:25:07.705+0000] {dag.py:2941} INFO - Sync 1 DAGs
[2025-04-22T17:25:07.726+0000] {logging_mixin.py:151} INFO - [2025-04-22T17:25:07.725+0000] {dag.py:3722} INFO - Setting next_dagrun for prayer_times_data_pipeline to 2025-04-22T06:00:00+00:00, run_after=2025-04-23T06:00:00+00:00
[2025-04-22T17:25:07.751+0000] {processor.py:179} INFO - Processing /opt/airflow/dags/Extract.py took 0.594 seconds
[2025-04-22T17:25:37.951+0000] {processor.py:157} INFO - Started process (PID=835) to work on /opt/airflow/dags/Extract.py
[2025-04-22T17:25:37.953+0000] {processor.py:829} INFO - Processing file /opt/airflow/dags/Extract.py for tasks to queue
[2025-04-22T17:25:37.954+0000] {logging_mixin.py:151} INFO - [2025-04-22T17:25:37.954+0000] {dagbag.py:536} INFO - Filling up the DagBag from /opt/airflow/dags/Extract.py
[2025-04-22T17:25:38.494+0000] {processor.py:839} INFO - DAG(s) dict_keys(['prayer_times_data_pipeline']) retrieved from /opt/airflow/dags/Extract.py
[2025-04-22T17:25:38.510+0000] {logging_mixin.py:151} INFO - [2025-04-22T17:25:38.510+0000] {dag.py:2941} INFO - Sync 1 DAGs
[2025-04-22T17:25:38.530+0000] {logging_mixin.py:151} INFO - [2025-04-22T17:25:38.530+0000] {dag.py:3722} INFO - Setting next_dagrun for prayer_times_data_pipeline to 2025-04-22T06:00:00+00:00, run_after=2025-04-23T06:00:00+00:00
[2025-04-22T17:25:38.551+0000] {processor.py:179} INFO - Processing /opt/airflow/dags/Extract.py took 0.603 seconds
[2025-04-22T17:26:08.755+0000] {processor.py:157} INFO - Started process (PID=837) to work on /opt/airflow/dags/Extract.py
[2025-04-22T17:26:08.757+0000] {processor.py:829} INFO - Processing file /opt/airflow/dags/Extract.py for tasks to queue
[2025-04-22T17:26:08.758+0000] {logging_mixin.py:151} INFO - [2025-04-22T17:26:08.758+0000] {dagbag.py:536} INFO - Filling up the DagBag from /opt/airflow/dags/Extract.py
[2025-04-22T17:26:09.290+0000] {processor.py:839} INFO - DAG(s) dict_keys(['prayer_times_data_pipeline']) retrieved from /opt/airflow/dags/Extract.py
[2025-04-22T17:26:09.306+0000] {logging_mixin.py:151} INFO - [2025-04-22T17:26:09.305+0000] {dag.py:2941} INFO - Sync 1 DAGs
[2025-04-22T17:26:09.324+0000] {logging_mixin.py:151} INFO - [2025-04-22T17:26:09.324+0000] {dag.py:3722} INFO - Setting next_dagrun for prayer_times_data_pipeline to 2025-04-22T06:00:00+00:00, run_after=2025-04-23T06:00:00+00:00
[2025-04-22T17:26:09.374+0000] {processor.py:179} INFO - Processing /opt/airflow/dags/Extract.py took 0.623 seconds
[2025-04-22T17:26:39.526+0000] {processor.py:157} INFO - Started process (PID=839) to work on /opt/airflow/dags/Extract.py
[2025-04-22T17:26:39.528+0000] {processor.py:829} INFO - Processing file /opt/airflow/dags/Extract.py for tasks to queue
[2025-04-22T17:26:39.529+0000] {logging_mixin.py:151} INFO - [2025-04-22T17:26:39.528+0000] {dagbag.py:536} INFO - Filling up the DagBag from /opt/airflow/dags/Extract.py
[2025-04-22T17:26:40.051+0000] {processor.py:839} INFO - DAG(s) dict_keys(['prayer_times_data_pipeline']) retrieved from /opt/airflow/dags/Extract.py
[2025-04-22T17:26:40.126+0000] {logging_mixin.py:151} INFO - [2025-04-22T17:26:40.126+0000] {dag.py:2941} INFO - Sync 1 DAGs
[2025-04-22T17:26:40.507+0000] {logging_mixin.py:151} INFO - [2025-04-22T17:26:40.507+0000] {dag.py:3722} INFO - Setting next_dagrun for prayer_times_data_pipeline to 2025-04-22T06:00:00+00:00, run_after=2025-04-23T06:00:00+00:00
[2025-04-22T17:26:40.560+0000] {processor.py:179} INFO - Processing /opt/airflow/dags/Extract.py took 1.037 seconds
[2025-04-22T17:27:10.780+0000] {processor.py:157} INFO - Started process (PID=841) to work on /opt/airflow/dags/Extract.py
[2025-04-22T17:27:10.782+0000] {processor.py:829} INFO - Processing file /opt/airflow/dags/Extract.py for tasks to queue
[2025-04-22T17:27:10.783+0000] {logging_mixin.py:151} INFO - [2025-04-22T17:27:10.783+0000] {dagbag.py:536} INFO - Filling up the DagBag from /opt/airflow/dags/Extract.py
[2025-04-22T17:27:11.448+0000] {processor.py:839} INFO - DAG(s) dict_keys(['prayer_times_data_pipeline']) retrieved from /opt/airflow/dags/Extract.py
[2025-04-22T17:27:11.467+0000] {logging_mixin.py:151} INFO - [2025-04-22T17:27:11.466+0000] {dag.py:2941} INFO - Sync 1 DAGs
[2025-04-22T17:27:11.487+0000] {logging_mixin.py:151} INFO - [2025-04-22T17:27:11.486+0000] {dag.py:3722} INFO - Setting next_dagrun for prayer_times_data_pipeline to 2025-04-22T06:00:00+00:00, run_after=2025-04-23T06:00:00+00:00
[2025-04-22T17:27:11.519+0000] {processor.py:179} INFO - Processing /opt/airflow/dags/Extract.py took 0.742 seconds
[2025-04-22T17:27:41.644+0000] {processor.py:157} INFO - Started process (PID=843) to work on /opt/airflow/dags/Extract.py
[2025-04-22T17:27:41.646+0000] {processor.py:829} INFO - Processing file /opt/airflow/dags/Extract.py for tasks to queue
[2025-04-22T17:27:41.647+0000] {logging_mixin.py:151} INFO - [2025-04-22T17:27:41.647+0000] {dagbag.py:536} INFO - Filling up the DagBag from /opt/airflow/dags/Extract.py
[2025-04-22T17:27:42.204+0000] {processor.py:839} INFO - DAG(s) dict_keys(['prayer_times_data_pipeline']) retrieved from /opt/airflow/dags/Extract.py
[2025-04-22T17:27:42.222+0000] {logging_mixin.py:151} INFO - [2025-04-22T17:27:42.222+0000] {dag.py:2941} INFO - Sync 1 DAGs
[2025-04-22T17:27:42.244+0000] {logging_mixin.py:151} INFO - [2025-04-22T17:27:42.244+0000] {dag.py:3722} INFO - Setting next_dagrun for prayer_times_data_pipeline to 2025-04-22T06:00:00+00:00, run_after=2025-04-23T06:00:00+00:00
[2025-04-22T17:27:42.267+0000] {processor.py:179} INFO - Processing /opt/airflow/dags/Extract.py took 0.626 seconds
[2025-04-22T17:28:12.435+0000] {processor.py:157} INFO - Started process (PID=845) to work on /opt/airflow/dags/Extract.py
[2025-04-22T17:28:12.437+0000] {processor.py:829} INFO - Processing file /opt/airflow/dags/Extract.py for tasks to queue
[2025-04-22T17:28:12.438+0000] {logging_mixin.py:151} INFO - [2025-04-22T17:28:12.438+0000] {dagbag.py:536} INFO - Filling up the DagBag from /opt/airflow/dags/Extract.py
[2025-04-22T17:28:13.002+0000] {processor.py:839} INFO - DAG(s) dict_keys(['prayer_times_data_pipeline']) retrieved from /opt/airflow/dags/Extract.py
[2025-04-22T17:28:13.019+0000] {logging_mixin.py:151} INFO - [2025-04-22T17:28:13.018+0000] {dag.py:2941} INFO - Sync 1 DAGs
[2025-04-22T17:28:13.046+0000] {logging_mixin.py:151} INFO - [2025-04-22T17:28:13.046+0000] {dag.py:3722} INFO - Setting next_dagrun for prayer_times_data_pipeline to 2025-04-22T06:00:00+00:00, run_after=2025-04-23T06:00:00+00:00
[2025-04-22T17:28:13.070+0000] {processor.py:179} INFO - Processing /opt/airflow/dags/Extract.py took 0.643 seconds
[2025-04-22T17:28:43.200+0000] {processor.py:157} INFO - Started process (PID=847) to work on /opt/airflow/dags/Extract.py
[2025-04-22T17:28:43.201+0000] {processor.py:829} INFO - Processing file /opt/airflow/dags/Extract.py for tasks to queue
[2025-04-22T17:28:43.202+0000] {logging_mixin.py:151} INFO - [2025-04-22T17:28:43.202+0000] {dagbag.py:536} INFO - Filling up the DagBag from /opt/airflow/dags/Extract.py
[2025-04-22T17:28:43.749+0000] {processor.py:839} INFO - DAG(s) dict_keys(['prayer_times_data_pipeline']) retrieved from /opt/airflow/dags/Extract.py
[2025-04-22T17:28:43.769+0000] {logging_mixin.py:151} INFO - [2025-04-22T17:28:43.769+0000] {dag.py:2941} INFO - Sync 1 DAGs
[2025-04-22T17:28:43.790+0000] {logging_mixin.py:151} INFO - [2025-04-22T17:28:43.790+0000] {dag.py:3722} INFO - Setting next_dagrun for prayer_times_data_pipeline to 2025-04-22T06:00:00+00:00, run_after=2025-04-23T06:00:00+00:00
[2025-04-22T17:28:43.813+0000] {processor.py:179} INFO - Processing /opt/airflow/dags/Extract.py took 0.618 seconds
[2025-04-22T17:29:13.963+0000] {processor.py:157} INFO - Started process (PID=849) to work on /opt/airflow/dags/Extract.py
[2025-04-22T17:29:13.964+0000] {processor.py:829} INFO - Processing file /opt/airflow/dags/Extract.py for tasks to queue
[2025-04-22T17:29:13.966+0000] {logging_mixin.py:151} INFO - [2025-04-22T17:29:13.965+0000] {dagbag.py:536} INFO - Filling up the DagBag from /opt/airflow/dags/Extract.py
[2025-04-22T17:29:14.470+0000] {processor.py:839} INFO - DAG(s) dict_keys(['prayer_times_data_pipeline']) retrieved from /opt/airflow/dags/Extract.py
[2025-04-22T17:29:14.489+0000] {logging_mixin.py:151} INFO - [2025-04-22T17:29:14.489+0000] {dag.py:2941} INFO - Sync 1 DAGs
[2025-04-22T17:29:14.513+0000] {logging_mixin.py:151} INFO - [2025-04-22T17:29:14.513+0000] {dag.py:3722} INFO - Setting next_dagrun for prayer_times_data_pipeline to 2025-04-22T06:00:00+00:00, run_after=2025-04-23T06:00:00+00:00
[2025-04-22T17:29:14.537+0000] {processor.py:179} INFO - Processing /opt/airflow/dags/Extract.py took 0.605 seconds
[2025-04-22T17:29:44.696+0000] {processor.py:157} INFO - Started process (PID=851) to work on /opt/airflow/dags/Extract.py
[2025-04-22T17:29:44.698+0000] {processor.py:829} INFO - Processing file /opt/airflow/dags/Extract.py for tasks to queue
[2025-04-22T17:29:44.699+0000] {logging_mixin.py:151} INFO - [2025-04-22T17:29:44.699+0000] {dagbag.py:536} INFO - Filling up the DagBag from /opt/airflow/dags/Extract.py
[2025-04-22T17:29:45.241+0000] {processor.py:839} INFO - DAG(s) dict_keys(['prayer_times_data_pipeline']) retrieved from /opt/airflow/dags/Extract.py
[2025-04-22T17:29:45.262+0000] {logging_mixin.py:151} INFO - [2025-04-22T17:29:45.261+0000] {dag.py:2941} INFO - Sync 1 DAGs
[2025-04-22T17:29:45.284+0000] {logging_mixin.py:151} INFO - [2025-04-22T17:29:45.283+0000] {dag.py:3722} INFO - Setting next_dagrun for prayer_times_data_pipeline to 2025-04-22T06:00:00+00:00, run_after=2025-04-23T06:00:00+00:00
[2025-04-22T17:29:45.307+0000] {processor.py:179} INFO - Processing /opt/airflow/dags/Extract.py took 0.614 seconds
[2025-04-22T17:30:15.461+0000] {processor.py:157} INFO - Started process (PID=853) to work on /opt/airflow/dags/Extract.py
[2025-04-22T17:30:15.462+0000] {processor.py:829} INFO - Processing file /opt/airflow/dags/Extract.py for tasks to queue
[2025-04-22T17:30:15.464+0000] {logging_mixin.py:151} INFO - [2025-04-22T17:30:15.463+0000] {dagbag.py:536} INFO - Filling up the DagBag from /opt/airflow/dags/Extract.py
[2025-04-22T17:30:16.008+0000] {processor.py:839} INFO - DAG(s) dict_keys(['prayer_times_data_pipeline']) retrieved from /opt/airflow/dags/Extract.py
[2025-04-22T17:30:16.025+0000] {logging_mixin.py:151} INFO - [2025-04-22T17:30:16.025+0000] {dag.py:2941} INFO - Sync 1 DAGs
[2025-04-22T17:30:16.048+0000] {logging_mixin.py:151} INFO - [2025-04-22T17:30:16.048+0000] {dag.py:3722} INFO - Setting next_dagrun for prayer_times_data_pipeline to 2025-04-22T06:00:00+00:00, run_after=2025-04-23T06:00:00+00:00
[2025-04-22T17:30:16.072+0000] {processor.py:179} INFO - Processing /opt/airflow/dags/Extract.py took 0.614 seconds
[2025-04-22T17:30:46.221+0000] {processor.py:157} INFO - Started process (PID=855) to work on /opt/airflow/dags/Extract.py
[2025-04-22T17:30:46.222+0000] {processor.py:829} INFO - Processing file /opt/airflow/dags/Extract.py for tasks to queue
[2025-04-22T17:30:46.223+0000] {logging_mixin.py:151} INFO - [2025-04-22T17:30:46.223+0000] {dagbag.py:536} INFO - Filling up the DagBag from /opt/airflow/dags/Extract.py
[2025-04-22T17:30:46.730+0000] {processor.py:839} INFO - DAG(s) dict_keys(['prayer_times_data_pipeline']) retrieved from /opt/airflow/dags/Extract.py
[2025-04-22T17:30:46.747+0000] {logging_mixin.py:151} INFO - [2025-04-22T17:30:46.747+0000] {dag.py:2941} INFO - Sync 1 DAGs
[2025-04-22T17:30:46.769+0000] {logging_mixin.py:151} INFO - [2025-04-22T17:30:46.769+0000] {dag.py:3722} INFO - Setting next_dagrun for prayer_times_data_pipeline to 2025-04-22T06:00:00+00:00, run_after=2025-04-23T06:00:00+00:00
[2025-04-22T17:30:46.793+0000] {processor.py:179} INFO - Processing /opt/airflow/dags/Extract.py took 0.575 seconds
[2025-04-22T17:31:16.881+0000] {processor.py:157} INFO - Started process (PID=857) to work on /opt/airflow/dags/Extract.py
[2025-04-22T17:31:16.883+0000] {processor.py:829} INFO - Processing file /opt/airflow/dags/Extract.py for tasks to queue
[2025-04-22T17:31:16.884+0000] {logging_mixin.py:151} INFO - [2025-04-22T17:31:16.884+0000] {dagbag.py:536} INFO - Filling up the DagBag from /opt/airflow/dags/Extract.py
[2025-04-22T17:31:17.394+0000] {processor.py:839} INFO - DAG(s) dict_keys(['prayer_times_data_pipeline']) retrieved from /opt/airflow/dags/Extract.py
[2025-04-22T17:31:17.412+0000] {logging_mixin.py:151} INFO - [2025-04-22T17:31:17.410+0000] {dag.py:2941} INFO - Sync 1 DAGs
[2025-04-22T17:31:17.432+0000] {logging_mixin.py:151} INFO - [2025-04-22T17:31:17.432+0000] {dag.py:3722} INFO - Setting next_dagrun for prayer_times_data_pipeline to 2025-04-22T06:00:00+00:00, run_after=2025-04-23T06:00:00+00:00
[2025-04-22T17:31:17.457+0000] {processor.py:179} INFO - Processing /opt/airflow/dags/Extract.py took 0.579 seconds
[2025-04-22T17:31:47.549+0000] {processor.py:157} INFO - Started process (PID=859) to work on /opt/airflow/dags/Extract.py
[2025-04-22T17:31:47.550+0000] {processor.py:829} INFO - Processing file /opt/airflow/dags/Extract.py for tasks to queue
[2025-04-22T17:31:47.551+0000] {logging_mixin.py:151} INFO - [2025-04-22T17:31:47.551+0000] {dagbag.py:536} INFO - Filling up the DagBag from /opt/airflow/dags/Extract.py
[2025-04-22T17:31:48.048+0000] {processor.py:839} INFO - DAG(s) dict_keys(['prayer_times_data_pipeline']) retrieved from /opt/airflow/dags/Extract.py
[2025-04-22T17:31:48.064+0000] {logging_mixin.py:151} INFO - [2025-04-22T17:31:48.063+0000] {dag.py:2941} INFO - Sync 1 DAGs
[2025-04-22T17:31:48.083+0000] {logging_mixin.py:151} INFO - [2025-04-22T17:31:48.083+0000] {dag.py:3722} INFO - Setting next_dagrun for prayer_times_data_pipeline to 2025-04-22T06:00:00+00:00, run_after=2025-04-23T06:00:00+00:00
[2025-04-22T17:31:48.107+0000] {processor.py:179} INFO - Processing /opt/airflow/dags/Extract.py took 0.563 seconds
[2025-04-22T17:32:18.208+0000] {processor.py:157} INFO - Started process (PID=861) to work on /opt/airflow/dags/Extract.py
[2025-04-22T17:32:18.209+0000] {processor.py:829} INFO - Processing file /opt/airflow/dags/Extract.py for tasks to queue
[2025-04-22T17:32:18.210+0000] {logging_mixin.py:151} INFO - [2025-04-22T17:32:18.210+0000] {dagbag.py:536} INFO - Filling up the DagBag from /opt/airflow/dags/Extract.py
[2025-04-22T17:32:18.725+0000] {processor.py:839} INFO - DAG(s) dict_keys(['prayer_times_data_pipeline']) retrieved from /opt/airflow/dags/Extract.py
[2025-04-22T17:32:18.742+0000] {logging_mixin.py:151} INFO - [2025-04-22T17:32:18.742+0000] {dag.py:2941} INFO - Sync 1 DAGs
[2025-04-22T17:32:18.763+0000] {logging_mixin.py:151} INFO - [2025-04-22T17:32:18.763+0000] {dag.py:3722} INFO - Setting next_dagrun for prayer_times_data_pipeline to 2025-04-22T06:00:00+00:00, run_after=2025-04-23T06:00:00+00:00
[2025-04-22T17:32:18.787+0000] {processor.py:179} INFO - Processing /opt/airflow/dags/Extract.py took 0.582 seconds
[2025-04-22T17:32:48.884+0000] {processor.py:157} INFO - Started process (PID=863) to work on /opt/airflow/dags/Extract.py
[2025-04-22T17:32:48.886+0000] {processor.py:829} INFO - Processing file /opt/airflow/dags/Extract.py for tasks to queue
[2025-04-22T17:32:48.887+0000] {logging_mixin.py:151} INFO - [2025-04-22T17:32:48.887+0000] {dagbag.py:536} INFO - Filling up the DagBag from /opt/airflow/dags/Extract.py
[2025-04-22T17:32:49.440+0000] {processor.py:839} INFO - DAG(s) dict_keys(['prayer_times_data_pipeline']) retrieved from /opt/airflow/dags/Extract.py
[2025-04-22T17:32:49.458+0000] {logging_mixin.py:151} INFO - [2025-04-22T17:32:49.457+0000] {dag.py:2941} INFO - Sync 1 DAGs
[2025-04-22T17:32:49.481+0000] {logging_mixin.py:151} INFO - [2025-04-22T17:32:49.481+0000] {dag.py:3722} INFO - Setting next_dagrun for prayer_times_data_pipeline to 2025-04-22T06:00:00+00:00, run_after=2025-04-23T06:00:00+00:00
[2025-04-22T17:32:49.511+0000] {processor.py:179} INFO - Processing /opt/airflow/dags/Extract.py took 0.630 seconds
[2025-04-22T17:33:19.650+0000] {processor.py:157} INFO - Started process (PID=865) to work on /opt/airflow/dags/Extract.py
[2025-04-22T17:33:19.655+0000] {processor.py:829} INFO - Processing file /opt/airflow/dags/Extract.py for tasks to queue
[2025-04-22T17:33:19.659+0000] {logging_mixin.py:151} INFO - [2025-04-22T17:33:19.657+0000] {dagbag.py:536} INFO - Filling up the DagBag from /opt/airflow/dags/Extract.py
[2025-04-22T17:33:20.248+0000] {processor.py:839} INFO - DAG(s) dict_keys(['prayer_times_data_pipeline']) retrieved from /opt/airflow/dags/Extract.py
[2025-04-22T17:33:20.265+0000] {logging_mixin.py:151} INFO - [2025-04-22T17:33:20.264+0000] {dag.py:2941} INFO - Sync 1 DAGs
[2025-04-22T17:33:20.287+0000] {logging_mixin.py:151} INFO - [2025-04-22T17:33:20.287+0000] {dag.py:3722} INFO - Setting next_dagrun for prayer_times_data_pipeline to 2025-04-22T06:00:00+00:00, run_after=2025-04-23T06:00:00+00:00
[2025-04-22T17:33:20.311+0000] {processor.py:179} INFO - Processing /opt/airflow/dags/Extract.py took 0.666 seconds
[2025-04-22T17:33:50.494+0000] {processor.py:157} INFO - Started process (PID=867) to work on /opt/airflow/dags/Extract.py
[2025-04-22T17:33:50.499+0000] {processor.py:829} INFO - Processing file /opt/airflow/dags/Extract.py for tasks to queue
[2025-04-22T17:33:50.507+0000] {logging_mixin.py:151} INFO - [2025-04-22T17:33:50.502+0000] {dagbag.py:536} INFO - Filling up the DagBag from /opt/airflow/dags/Extract.py
[2025-04-22T17:33:53.203+0000] {processor.py:839} INFO - DAG(s) dict_keys(['prayer_times_data_pipeline']) retrieved from /opt/airflow/dags/Extract.py
[2025-04-22T17:33:53.237+0000] {logging_mixin.py:151} INFO - [2025-04-22T17:33:53.237+0000] {dag.py:2941} INFO - Sync 1 DAGs
[2025-04-22T17:33:53.284+0000] {logging_mixin.py:151} INFO - [2025-04-22T17:33:53.283+0000] {dag.py:3722} INFO - Setting next_dagrun for prayer_times_data_pipeline to 2025-04-22T06:00:00+00:00, run_after=2025-04-23T06:00:00+00:00
[2025-04-22T17:33:53.321+0000] {processor.py:179} INFO - Processing /opt/airflow/dags/Extract.py took 2.867 seconds
