[2025-04-23T15:44:23.975+0000] {taskinstance.py:1159} INFO - Dependencies all met for dep_context=non-requeueable deps ti=<TaskInstance: prayer_times_data_pipeline.upload_data_to_s3_task manual__2025-04-23T15:44:11.916702+00:00 [queued]>
[2025-04-23T15:44:23.981+0000] {taskinstance.py:1159} INFO - Dependencies all met for dep_context=requeueable deps ti=<TaskInstance: prayer_times_data_pipeline.upload_data_to_s3_task manual__2025-04-23T15:44:11.916702+00:00 [queued]>
[2025-04-23T15:44:23.982+0000] {taskinstance.py:1361} INFO - Starting attempt 1 of 1
[2025-04-23T15:44:24.017+0000] {taskinstance.py:1382} INFO - Executing <Task(PythonOperator): upload_data_to_s3_task> on 2025-04-23 15:44:11.916702+00:00
[2025-04-23T15:44:24.023+0000] {standard_task_runner.py:57} INFO - Started process 610 to run task
[2025-04-23T15:44:24.033+0000] {standard_task_runner.py:84} INFO - Running: ['airflow', 'tasks', 'run', 'prayer_times_data_pipeline', 'upload_data_to_s3_task', 'manual__2025-04-23T15:44:11.916702+00:00', '--job-id', '34', '--raw', '--subdir', 'DAGS_FOLDER/Extract.py', '--cfg-path', '/tmp/tmp860gt_r6']
[2025-04-23T15:44:24.036+0000] {standard_task_runner.py:85} INFO - Job 34: Subtask upload_data_to_s3_task
[2025-04-23T15:44:24.117+0000] {task_command.py:416} INFO - Running <TaskInstance: prayer_times_data_pipeline.upload_data_to_s3_task manual__2025-04-23T15:44:11.916702+00:00 [running]> on host d02bd472f10d
[2025-04-23T15:44:24.333+0000] {taskinstance.py:1662} INFO - Exporting env vars: AIRFLOW_CTX_DAG_OWNER='airflow' AIRFLOW_CTX_DAG_ID='prayer_times_data_pipeline' AIRFLOW_CTX_TASK_ID='upload_data_to_s3_task' AIRFLOW_CTX_EXECUTION_DATE='2025-04-23T15:44:11.916702+00:00' AIRFLOW_CTX_TRY_NUMBER='1' AIRFLOW_CTX_DAG_RUN_ID='manual__2025-04-23T15:44:11.916702+00:00'
[2025-04-23T15:44:25.093+0000] {Extract.py:68} INFO - Upload of prayer_times_2025_01.csv successful.
[2025-04-23T15:44:25.524+0000] {Extract.py:68} INFO - Upload of prayer_times_2025_02.csv successful.
[2025-04-23T15:44:25.997+0000] {Extract.py:68} INFO - Upload of prayer_times_2025_03.csv successful.
[2025-04-23T15:44:26.457+0000] {Extract.py:68} INFO - Upload of prayer_times_2025_04.csv successful.
[2025-04-23T15:44:26.913+0000] {Extract.py:68} INFO - Upload of prayer_times_2025_05.csv successful.
[2025-04-23T15:44:27.374+0000] {Extract.py:68} INFO - Upload of prayer_times_2025_06.csv successful.
[2025-04-23T15:44:27.805+0000] {Extract.py:68} INFO - Upload of prayer_times_2025_07.csv successful.
[2025-04-23T15:44:28.224+0000] {Extract.py:68} INFO - Upload of prayer_times_2025_08.csv successful.
[2025-04-23T15:44:28.660+0000] {Extract.py:68} INFO - Upload of prayer_times_2025_09.csv successful.
[2025-04-23T15:44:29.116+0000] {Extract.py:68} INFO - Upload of prayer_times_2025_10.csv successful.
[2025-04-23T15:44:29.615+0000] {Extract.py:68} INFO - Upload of prayer_times_2025_11.csv successful.
[2025-04-23T15:44:30.074+0000] {Extract.py:68} INFO - Upload of prayer_times_2025_12.csv successful.
[2025-04-23T15:44:30.076+0000] {python.py:194} INFO - Done. Returned value was: None
[2025-04-23T15:44:30.081+0000] {taskinstance.py:1400} INFO - Marking task as SUCCESS. dag_id=prayer_times_data_pipeline, task_id=upload_data_to_s3_task, execution_date=20250423T154411, start_date=20250423T154423, end_date=20250423T154430
[2025-04-23T15:44:30.131+0000] {local_task_job_runner.py:228} INFO - Task exited with return code 0
[2025-04-23T15:44:30.141+0000] {taskinstance.py:2778} INFO - 0 downstream tasks scheduled from follow-on schedule check
