[2025-04-23T15:31:32.174+0000] {taskinstance.py:1159} INFO - Dependencies all met for dep_context=non-requeueable deps ti=<TaskInstance: prayer_times_data_pipeline.extract_data_task manual__2025-04-23T15:31:26.582633+00:00 [queued]>
[2025-04-23T15:31:32.180+0000] {taskinstance.py:1159} INFO - Dependencies all met for dep_context=requeueable deps ti=<TaskInstance: prayer_times_data_pipeline.extract_data_task manual__2025-04-23T15:31:26.582633+00:00 [queued]>
[2025-04-23T15:31:32.181+0000] {taskinstance.py:1361} INFO - Starting attempt 1 of 1
[2025-04-23T15:31:32.198+0000] {taskinstance.py:1382} INFO - Executing <Task(PythonOperator): extract_data_task> on 2025-04-23 15:31:26.582633+00:00
[2025-04-23T15:31:32.204+0000] {standard_task_runner.py:57} INFO - Started process 520 to run task
[2025-04-23T15:31:32.208+0000] {standard_task_runner.py:84} INFO - Running: ['airflow', 'tasks', 'run', 'prayer_times_data_pipeline', 'extract_data_task', 'manual__2025-04-23T15:31:26.582633+00:00', '--job-id', '31', '--raw', '--subdir', 'DAGS_FOLDER/Extract.py', '--cfg-path', '/tmp/tmpfu3kzld4']
[2025-04-23T15:31:32.210+0000] {standard_task_runner.py:85} INFO - Job 31: Subtask extract_data_task
[2025-04-23T15:31:32.255+0000] {task_command.py:416} INFO - Running <TaskInstance: prayer_times_data_pipeline.extract_data_task manual__2025-04-23T15:31:26.582633+00:00 [running]> on host d02bd472f10d
[2025-04-23T15:31:32.535+0000] {taskinstance.py:1662} INFO - Exporting env vars: AIRFLOW_CTX_DAG_OWNER='airflow' AIRFLOW_CTX_DAG_ID='prayer_times_data_pipeline' AIRFLOW_CTX_TASK_ID='extract_data_task' AIRFLOW_CTX_EXECUTION_DATE='2025-04-23T15:31:26.582633+00:00' AIRFLOW_CTX_TRY_NUMBER='1' AIRFLOW_CTX_DAG_RUN_ID='manual__2025-04-23T15:31:26.582633+00:00'
[2025-04-23T15:31:32.926+0000] {logging_mixin.py:151} INFO - Full year data saved to /opt/airflow/data/prayer_times_2025_1.csv
[2025-04-23T15:31:33.064+0000] {logging_mixin.py:151} INFO - Full year data saved to /opt/airflow/data/prayer_times_2025_2.csv
[2025-04-23T15:31:33.219+0000] {logging_mixin.py:151} INFO - Full year data saved to /opt/airflow/data/prayer_times_2025_3.csv
[2025-04-23T15:31:33.377+0000] {logging_mixin.py:151} INFO - Full year data saved to /opt/airflow/data/prayer_times_2025_4.csv
[2025-04-23T15:31:33.527+0000] {logging_mixin.py:151} INFO - Full year data saved to /opt/airflow/data/prayer_times_2025_5.csv
[2025-04-23T15:31:33.675+0000] {logging_mixin.py:151} INFO - Full year data saved to /opt/airflow/data/prayer_times_2025_6.csv
[2025-04-23T15:31:33.865+0000] {logging_mixin.py:151} INFO - Full year data saved to /opt/airflow/data/prayer_times_2025_7.csv
[2025-04-23T15:31:34.031+0000] {logging_mixin.py:151} INFO - Full year data saved to /opt/airflow/data/prayer_times_2025_8.csv
[2025-04-23T15:31:34.187+0000] {logging_mixin.py:151} INFO - Full year data saved to /opt/airflow/data/prayer_times_2025_9.csv
[2025-04-23T15:31:34.349+0000] {logging_mixin.py:151} INFO - Full year data saved to /opt/airflow/data/prayer_times_2025_10.csv
[2025-04-23T15:31:34.495+0000] {logging_mixin.py:151} INFO - Full year data saved to /opt/airflow/data/prayer_times_2025_11.csv
[2025-04-23T15:31:34.664+0000] {logging_mixin.py:151} INFO - Full year data saved to /opt/airflow/data/prayer_times_2025_12.csv
[2025-04-23T15:31:34.665+0000] {python.py:194} INFO - Done. Returned value was: None
[2025-04-23T15:31:34.670+0000] {taskinstance.py:1400} INFO - Marking task as SUCCESS. dag_id=prayer_times_data_pipeline, task_id=extract_data_task, execution_date=20250423T153126, start_date=20250423T153132, end_date=20250423T153134
[2025-04-23T15:31:34.708+0000] {local_task_job_runner.py:228} INFO - Task exited with return code 0
[2025-04-23T15:31:34.735+0000] {taskinstance.py:2778} INFO - 1 downstream tasks scheduled from follow-on schedule check
