[2025-04-23T15:25:11.959+0000] {taskinstance.py:1159} INFO - Dependencies all met for dep_context=non-requeueable deps ti=<TaskInstance: prayer_times_data_pipeline.extract_data_task manual__2025-04-23T15:25:05.519800+00:00 [queued]>
[2025-04-23T15:25:11.966+0000] {taskinstance.py:1159} INFO - Dependencies all met for dep_context=requeueable deps ti=<TaskInstance: prayer_times_data_pipeline.extract_data_task manual__2025-04-23T15:25:05.519800+00:00 [queued]>
[2025-04-23T15:25:11.967+0000] {taskinstance.py:1361} INFO - Starting attempt 1 of 1
[2025-04-23T15:25:11.987+0000] {taskinstance.py:1382} INFO - Executing <Task(PythonOperator): extract_data_task> on 2025-04-23 15:25:05.519800+00:00
[2025-04-23T15:25:12.002+0000] {standard_task_runner.py:57} INFO - Started process 470 to run task
[2025-04-23T15:25:12.033+0000] {standard_task_runner.py:84} INFO - Running: ['airflow', 'tasks', 'run', 'prayer_times_data_pipeline', 'extract_data_task', 'manual__2025-04-23T15:25:05.519800+00:00', '--job-id', '29', '--raw', '--subdir', 'DAGS_FOLDER/Extract.py', '--cfg-path', '/tmp/tmpoy83lyoy']
[2025-04-23T15:25:12.048+0000] {standard_task_runner.py:85} INFO - Job 29: Subtask extract_data_task
[2025-04-23T15:25:12.126+0000] {task_command.py:416} INFO - Running <TaskInstance: prayer_times_data_pipeline.extract_data_task manual__2025-04-23T15:25:05.519800+00:00 [running]> on host d02bd472f10d
[2025-04-23T15:25:13.881+0000] {taskinstance.py:1662} INFO - Exporting env vars: AIRFLOW_CTX_DAG_OWNER='airflow' AIRFLOW_CTX_DAG_ID='prayer_times_data_pipeline' AIRFLOW_CTX_TASK_ID='extract_data_task' AIRFLOW_CTX_EXECUTION_DATE='2025-04-23T15:25:05.519800+00:00' AIRFLOW_CTX_TRY_NUMBER='1' AIRFLOW_CTX_DAG_RUN_ID='manual__2025-04-23T15:25:05.519800+00:00'
[2025-04-23T15:25:14.340+0000] {logging_mixin.py:151} INFO - Full year data saved to /opt/airflow/data/prayer_times_2025.csv
[2025-04-23T15:25:14.502+0000] {logging_mixin.py:151} INFO - Full year data saved to /opt/airflow/data/prayer_times_2025.csv
[2025-04-23T15:25:14.656+0000] {logging_mixin.py:151} INFO - Full year data saved to /opt/airflow/data/prayer_times_2025.csv
[2025-04-23T15:25:14.790+0000] {logging_mixin.py:151} INFO - Full year data saved to /opt/airflow/data/prayer_times_2025.csv
[2025-04-23T15:25:14.947+0000] {logging_mixin.py:151} INFO - Full year data saved to /opt/airflow/data/prayer_times_2025.csv
[2025-04-23T15:25:15.113+0000] {logging_mixin.py:151} INFO - Full year data saved to /opt/airflow/data/prayer_times_2025.csv
[2025-04-23T15:25:15.293+0000] {logging_mixin.py:151} INFO - Full year data saved to /opt/airflow/data/prayer_times_2025.csv
[2025-04-23T15:25:15.482+0000] {logging_mixin.py:151} INFO - Full year data saved to /opt/airflow/data/prayer_times_2025.csv
[2025-04-23T15:25:15.725+0000] {logging_mixin.py:151} INFO - Full year data saved to /opt/airflow/data/prayer_times_2025.csv
[2025-04-23T15:25:16.026+0000] {logging_mixin.py:151} INFO - Full year data saved to /opt/airflow/data/prayer_times_2025.csv
[2025-04-23T15:25:16.279+0000] {logging_mixin.py:151} INFO - Full year data saved to /opt/airflow/data/prayer_times_2025.csv
[2025-04-23T15:25:16.445+0000] {logging_mixin.py:151} INFO - Full year data saved to /opt/airflow/data/prayer_times_2025.csv
[2025-04-23T15:25:16.446+0000] {python.py:194} INFO - Done. Returned value was: None
[2025-04-23T15:25:16.451+0000] {taskinstance.py:1400} INFO - Marking task as SUCCESS. dag_id=prayer_times_data_pipeline, task_id=extract_data_task, execution_date=20250423T152505, start_date=20250423T152511, end_date=20250423T152516
[2025-04-23T15:25:16.481+0000] {local_task_job_runner.py:228} INFO - Task exited with return code 0
[2025-04-23T15:25:16.497+0000] {taskinstance.py:2778} INFO - 1 downstream tasks scheduled from follow-on schedule check
