[2025-04-15T16:56:35.446+0000] {taskinstance.py:1159} INFO - Dependencies all met for dep_context=non-requeueable deps ti=<TaskInstance: prayer_times_data_pipeline.extract_data_task manual__2025-04-15T16:56:25.760189+00:00 [queued]>
[2025-04-15T16:56:35.451+0000] {taskinstance.py:1159} INFO - Dependencies all met for dep_context=requeueable deps ti=<TaskInstance: prayer_times_data_pipeline.extract_data_task manual__2025-04-15T16:56:25.760189+00:00 [queued]>
[2025-04-15T16:56:35.452+0000] {taskinstance.py:1361} INFO - Starting attempt 1 of 2
[2025-04-15T16:56:35.478+0000] {taskinstance.py:1382} INFO - Executing <Task(PythonOperator): extract_data_task> on 2025-04-15 16:56:25.760189+00:00
[2025-04-15T16:56:35.483+0000] {standard_task_runner.py:57} INFO - Started process 112 to run task
[2025-04-15T16:56:35.488+0000] {standard_task_runner.py:84} INFO - Running: ['airflow', 'tasks', 'run', 'prayer_times_data_pipeline', 'extract_data_task', 'manual__2025-04-15T16:56:25.760189+00:00', '--job-id', '4', '--raw', '--subdir', 'DAGS_FOLDER/Extract.py', '--cfg-path', '/tmp/tmppcpfmlv5']
[2025-04-15T16:56:35.490+0000] {standard_task_runner.py:85} INFO - Job 4: Subtask extract_data_task
[2025-04-15T16:56:35.535+0000] {task_command.py:416} INFO - Running <TaskInstance: prayer_times_data_pipeline.extract_data_task manual__2025-04-15T16:56:25.760189+00:00 [running]> on host aead1b99c7cb
[2025-04-15T16:56:35.725+0000] {taskinstance.py:1662} INFO - Exporting env vars: AIRFLOW_CTX_DAG_OWNER='airflow' AIRFLOW_CTX_DAG_ID='prayer_times_data_pipeline' AIRFLOW_CTX_TASK_ID='extract_data_task' AIRFLOW_CTX_EXECUTION_DATE='2025-04-15T16:56:25.760189+00:00' AIRFLOW_CTX_TRY_NUMBER='1' AIRFLOW_CTX_DAG_RUN_ID='manual__2025-04-15T16:56:25.760189+00:00'
[2025-04-15T16:56:35.883+0000] {taskinstance.py:1937} ERROR - Task failed with exception
Traceback (most recent call last):
  File "/home/airflow/.local/lib/python3.8/site-packages/airflow/operators/python.py", line 192, in execute
    return_value = self.execute_callable()
  File "/home/airflow/.local/lib/python3.8/site-packages/airflow/operators/python.py", line 209, in execute_callable
    return self.python_callable(*self.op_args, **self.op_kwargs)
  File "/opt/airflow/dags/Extract.py", line 39, in extract_data
    df_selected.to_csv(file_path, index=False)
  File "/home/airflow/.local/lib/python3.8/site-packages/pandas/core/generic.py", line 3772, in to_csv
    return DataFrameRenderer(formatter).to_csv(
  File "/home/airflow/.local/lib/python3.8/site-packages/pandas/io/formats/format.py", line 1186, in to_csv
    csv_formatter.save()
  File "/home/airflow/.local/lib/python3.8/site-packages/pandas/io/formats/csvs.py", line 240, in save
    with get_handle(
  File "/home/airflow/.local/lib/python3.8/site-packages/pandas/io/common.py", line 859, in get_handle
    handle = open(
PermissionError: [Errno 13] Permission denied: '/prayer_times_march.csv'
[2025-04-15T16:56:35.906+0000] {taskinstance.py:1400} INFO - Marking task as UP_FOR_RETRY. dag_id=prayer_times_data_pipeline, task_id=extract_data_task, execution_date=20250415T165625, start_date=20250415T165635, end_date=20250415T165635
[2025-04-15T16:56:35.952+0000] {standard_task_runner.py:104} ERROR - Failed to execute job 4 for task extract_data_task ([Errno 13] Permission denied: '/prayer_times_march.csv'; 112)
[2025-04-15T16:56:35.981+0000] {local_task_job_runner.py:228} INFO - Task exited with return code 1
[2025-04-15T16:56:36.042+0000] {taskinstance.py:2778} INFO - 0 downstream tasks scheduled from follow-on schedule check
