[2025-04-15T16:33:45.035+0000] {processor.py:153} INFO - Started process (PID=75) to work on /opt/airflow/dags/Extract.py
[2025-04-15T16:33:45.101+0000] {processor.py:743} INFO - Processing file /opt/airflow/dags/Extract.py for tasks to queue
[2025-04-15T16:33:45.154+0000] {logging_mixin.py:137} INFO - [2025-04-15T16:33:45.152+0000] {dagbag.py:538} INFO - Filling up the DagBag from /opt/airflow/dags/Extract.py
[2025-04-15T16:33:59.213+0000] {processor.py:753} INFO - DAG(s) dict_keys(['prayer_times_data_pipeline']) retrieved from /opt/airflow/dags/Extract.py
[2025-04-15T16:33:59.636+0000] {logging_mixin.py:137} INFO - [2025-04-15T16:33:59.636+0000] {manager.py:504} INFO - Created Permission View: can read on DAG:prayer_times_data_pipeline
[2025-04-15T16:33:59.654+0000] {logging_mixin.py:137} INFO - [2025-04-15T16:33:59.654+0000] {manager.py:504} INFO - Created Permission View: can edit on DAG:prayer_times_data_pipeline
[2025-04-15T16:33:59.668+0000] {logging_mixin.py:137} INFO - [2025-04-15T16:33:59.668+0000] {manager.py:504} INFO - Created Permission View: can delete on DAG:prayer_times_data_pipeline
[2025-04-15T16:33:59.669+0000] {logging_mixin.py:137} INFO - [2025-04-15T16:33:59.669+0000] {dag.py:2690} INFO - Sync 1 DAGs
[2025-04-15T16:33:59.697+0000] {logging_mixin.py:137} INFO - [2025-04-15T16:33:59.695+0000] {dag.py:2711} INFO - Creating ORM DAG for prayer_times_data_pipeline
[2025-04-15T16:33:59.722+0000] {logging_mixin.py:137} INFO - [2025-04-15T16:33:59.722+0000] {dag.py:3437} INFO - Setting next_dagrun for prayer_times_data_pipeline to 2025-04-14T06:00:00+00:00, run_after=2025-04-15T06:00:00+00:00
[2025-04-15T16:33:59.753+0000] {processor.py:175} INFO - Processing /opt/airflow/dags/Extract.py took 14.728 seconds
[2025-04-15T16:34:30.352+0000] {processor.py:153} INFO - Started process (PID=82) to work on /opt/airflow/dags/Extract.py
[2025-04-15T16:34:30.354+0000] {processor.py:743} INFO - Processing file /opt/airflow/dags/Extract.py for tasks to queue
[2025-04-15T16:34:30.356+0000] {logging_mixin.py:137} INFO - [2025-04-15T16:34:30.356+0000] {dagbag.py:538} INFO - Filling up the DagBag from /opt/airflow/dags/Extract.py
[2025-04-15T16:34:31.262+0000] {processor.py:753} INFO - DAG(s) dict_keys(['prayer_times_data_pipeline']) retrieved from /opt/airflow/dags/Extract.py
[2025-04-15T16:34:31.313+0000] {logging_mixin.py:137} INFO - [2025-04-15T16:34:31.312+0000] {dag.py:2690} INFO - Sync 1 DAGs
[2025-04-15T16:34:31.387+0000] {logging_mixin.py:137} INFO - [2025-04-15T16:34:31.387+0000] {dag.py:3437} INFO - Setting next_dagrun for prayer_times_data_pipeline to 2025-04-14T06:00:00+00:00, run_after=2025-04-15T06:00:00+00:00
[2025-04-15T16:34:31.408+0000] {processor.py:175} INFO - Processing /opt/airflow/dags/Extract.py took 1.067 seconds
[2025-04-15T16:35:02.319+0000] {processor.py:153} INFO - Started process (PID=84) to work on /opt/airflow/dags/Extract.py
[2025-04-15T16:35:02.320+0000] {processor.py:743} INFO - Processing file /opt/airflow/dags/Extract.py for tasks to queue
[2025-04-15T16:35:02.321+0000] {logging_mixin.py:137} INFO - [2025-04-15T16:35:02.321+0000] {dagbag.py:538} INFO - Filling up the DagBag from /opt/airflow/dags/Extract.py
[2025-04-15T16:35:02.851+0000] {processor.py:753} INFO - DAG(s) dict_keys(['prayer_times_data_pipeline']) retrieved from /opt/airflow/dags/Extract.py
[2025-04-15T16:35:02.866+0000] {logging_mixin.py:137} INFO - [2025-04-15T16:35:02.866+0000] {dag.py:2690} INFO - Sync 1 DAGs
[2025-04-15T16:35:02.885+0000] {logging_mixin.py:137} INFO - [2025-04-15T16:35:02.885+0000] {dag.py:3437} INFO - Setting next_dagrun for prayer_times_data_pipeline to 2025-04-14T06:00:00+00:00, run_after=2025-04-15T06:00:00+00:00
[2025-04-15T16:35:02.906+0000] {processor.py:175} INFO - Processing /opt/airflow/dags/Extract.py took 0.591 seconds
[2025-04-15T16:35:34.000+0000] {processor.py:153} INFO - Started process (PID=86) to work on /opt/airflow/dags/Extract.py
[2025-04-15T16:35:34.001+0000] {processor.py:743} INFO - Processing file /opt/airflow/dags/Extract.py for tasks to queue
[2025-04-15T16:35:34.002+0000] {logging_mixin.py:137} INFO - [2025-04-15T16:35:34.002+0000] {dagbag.py:538} INFO - Filling up the DagBag from /opt/airflow/dags/Extract.py
[2025-04-15T16:35:34.576+0000] {processor.py:753} INFO - DAG(s) dict_keys(['prayer_times_data_pipeline']) retrieved from /opt/airflow/dags/Extract.py
[2025-04-15T16:35:34.593+0000] {logging_mixin.py:137} INFO - [2025-04-15T16:35:34.592+0000] {dag.py:2690} INFO - Sync 1 DAGs
[2025-04-15T16:35:34.617+0000] {logging_mixin.py:137} INFO - [2025-04-15T16:35:34.617+0000] {dag.py:3437} INFO - Setting next_dagrun for prayer_times_data_pipeline to 2025-04-14T06:00:00+00:00, run_after=2025-04-15T06:00:00+00:00
[2025-04-15T16:35:34.639+0000] {processor.py:175} INFO - Processing /opt/airflow/dags/Extract.py took 0.643 seconds
[2025-04-15T16:36:04.728+0000] {processor.py:153} INFO - Started process (PID=88) to work on /opt/airflow/dags/Extract.py
[2025-04-15T16:36:04.729+0000] {processor.py:743} INFO - Processing file /opt/airflow/dags/Extract.py for tasks to queue
[2025-04-15T16:36:04.730+0000] {logging_mixin.py:137} INFO - [2025-04-15T16:36:04.730+0000] {dagbag.py:538} INFO - Filling up the DagBag from /opt/airflow/dags/Extract.py
[2025-04-15T16:36:06.094+0000] {processor.py:753} INFO - DAG(s) dict_keys(['prayer_times_data_pipeline']) retrieved from /opt/airflow/dags/Extract.py
[2025-04-15T16:36:06.141+0000] {logging_mixin.py:137} INFO - [2025-04-15T16:36:06.141+0000] {dag.py:2690} INFO - Sync 1 DAGs
[2025-04-15T16:36:06.173+0000] {logging_mixin.py:137} INFO - [2025-04-15T16:36:06.173+0000] {dag.py:3437} INFO - Setting next_dagrun for prayer_times_data_pipeline to 2025-04-14T06:00:00+00:00, run_after=2025-04-15T06:00:00+00:00
[2025-04-15T16:36:06.217+0000] {processor.py:175} INFO - Processing /opt/airflow/dags/Extract.py took 1.491 seconds
[2025-04-15T16:45:35.863+0000] {processor.py:153} INFO - Started process (PID=86) to work on /opt/airflow/dags/Extract.py
[2025-04-15T16:45:35.867+0000] {processor.py:743} INFO - Processing file /opt/airflow/dags/Extract.py for tasks to queue
[2025-04-15T16:45:35.876+0000] {logging_mixin.py:137} INFO - [2025-04-15T16:45:35.876+0000] {dagbag.py:538} INFO - Filling up the DagBag from /opt/airflow/dags/Extract.py
[2025-04-15T16:45:42.850+0000] {processor.py:753} INFO - DAG(s) dict_keys(['prayer_times_data_pipeline']) retrieved from /opt/airflow/dags/Extract.py
[2025-04-15T16:45:42.905+0000] {logging_mixin.py:137} INFO - [2025-04-15T16:45:42.905+0000] {dag.py:2690} INFO - Sync 1 DAGs
[2025-04-15T16:45:42.931+0000] {logging_mixin.py:137} INFO - [2025-04-15T16:45:42.930+0000] {dag.py:3437} INFO - Setting next_dagrun for prayer_times_data_pipeline to 2025-04-14T06:00:00+00:00, run_after=2025-04-15T06:00:00+00:00
[2025-04-15T16:45:42.985+0000] {processor.py:175} INFO - Processing /opt/airflow/dags/Extract.py took 7.162 seconds
[2025-04-15T16:46:14.027+0000] {processor.py:153} INFO - Started process (PID=88) to work on /opt/airflow/dags/Extract.py
[2025-04-15T16:46:14.031+0000] {processor.py:743} INFO - Processing file /opt/airflow/dags/Extract.py for tasks to queue
[2025-04-15T16:46:14.033+0000] {logging_mixin.py:137} INFO - [2025-04-15T16:46:14.032+0000] {dagbag.py:538} INFO - Filling up the DagBag from /opt/airflow/dags/Extract.py
[2025-04-15T16:46:14.635+0000] {processor.py:753} INFO - DAG(s) dict_keys(['prayer_times_data_pipeline']) retrieved from /opt/airflow/dags/Extract.py
[2025-04-15T16:46:14.650+0000] {logging_mixin.py:137} INFO - [2025-04-15T16:46:14.650+0000] {dag.py:2690} INFO - Sync 1 DAGs
[2025-04-15T16:46:14.669+0000] {logging_mixin.py:137} INFO - [2025-04-15T16:46:14.669+0000] {dag.py:3437} INFO - Setting next_dagrun for prayer_times_data_pipeline to 2025-04-14T06:00:00+00:00, run_after=2025-04-15T06:00:00+00:00
[2025-04-15T16:46:14.691+0000] {processor.py:175} INFO - Processing /opt/airflow/dags/Extract.py took 0.673 seconds
[2025-04-15T16:46:45.635+0000] {processor.py:153} INFO - Started process (PID=90) to work on /opt/airflow/dags/Extract.py
[2025-04-15T16:46:45.636+0000] {processor.py:743} INFO - Processing file /opt/airflow/dags/Extract.py for tasks to queue
[2025-04-15T16:46:45.637+0000] {logging_mixin.py:137} INFO - [2025-04-15T16:46:45.637+0000] {dagbag.py:538} INFO - Filling up the DagBag from /opt/airflow/dags/Extract.py
[2025-04-15T16:46:46.184+0000] {processor.py:753} INFO - DAG(s) dict_keys(['prayer_times_data_pipeline']) retrieved from /opt/airflow/dags/Extract.py
[2025-04-15T16:46:46.199+0000] {logging_mixin.py:137} INFO - [2025-04-15T16:46:46.199+0000] {dag.py:2690} INFO - Sync 1 DAGs
[2025-04-15T16:46:46.219+0000] {logging_mixin.py:137} INFO - [2025-04-15T16:46:46.219+0000] {dag.py:3437} INFO - Setting next_dagrun for prayer_times_data_pipeline to 2025-04-14T06:00:00+00:00, run_after=2025-04-15T06:00:00+00:00
[2025-04-15T16:46:46.248+0000] {processor.py:175} INFO - Processing /opt/airflow/dags/Extract.py took 0.622 seconds
[2025-04-15T16:47:17.315+0000] {processor.py:153} INFO - Started process (PID=92) to work on /opt/airflow/dags/Extract.py
[2025-04-15T16:47:17.316+0000] {processor.py:743} INFO - Processing file /opt/airflow/dags/Extract.py for tasks to queue
[2025-04-15T16:47:17.317+0000] {logging_mixin.py:137} INFO - [2025-04-15T16:47:17.317+0000] {dagbag.py:538} INFO - Filling up the DagBag from /opt/airflow/dags/Extract.py
[2025-04-15T16:47:17.840+0000] {processor.py:753} INFO - DAG(s) dict_keys(['prayer_times_data_pipeline']) retrieved from /opt/airflow/dags/Extract.py
[2025-04-15T16:47:17.855+0000] {logging_mixin.py:137} INFO - [2025-04-15T16:47:17.855+0000] {dag.py:2690} INFO - Sync 1 DAGs
[2025-04-15T16:47:17.874+0000] {logging_mixin.py:137} INFO - [2025-04-15T16:47:17.874+0000] {dag.py:3437} INFO - Setting next_dagrun for prayer_times_data_pipeline to 2025-04-14T06:00:00+00:00, run_after=2025-04-15T06:00:00+00:00
[2025-04-15T16:47:17.897+0000] {processor.py:175} INFO - Processing /opt/airflow/dags/Extract.py took 0.590 seconds
[2025-04-15T16:47:48.955+0000] {processor.py:153} INFO - Started process (PID=94) to work on /opt/airflow/dags/Extract.py
[2025-04-15T16:47:48.957+0000] {processor.py:743} INFO - Processing file /opt/airflow/dags/Extract.py for tasks to queue
[2025-04-15T16:47:48.958+0000] {logging_mixin.py:137} INFO - [2025-04-15T16:47:48.958+0000] {dagbag.py:538} INFO - Filling up the DagBag from /opt/airflow/dags/Extract.py
[2025-04-15T16:47:49.468+0000] {processor.py:753} INFO - DAG(s) dict_keys(['prayer_times_data_pipeline']) retrieved from /opt/airflow/dags/Extract.py
[2025-04-15T16:47:49.486+0000] {logging_mixin.py:137} INFO - [2025-04-15T16:47:49.486+0000] {dag.py:2690} INFO - Sync 1 DAGs
[2025-04-15T16:47:49.505+0000] {logging_mixin.py:137} INFO - [2025-04-15T16:47:49.505+0000] {dag.py:3437} INFO - Setting next_dagrun for prayer_times_data_pipeline to 2025-04-14T06:00:00+00:00, run_after=2025-04-15T06:00:00+00:00
[2025-04-15T16:47:49.530+0000] {processor.py:175} INFO - Processing /opt/airflow/dags/Extract.py took 0.578 seconds
[2025-04-15T16:48:20.113+0000] {processor.py:153} INFO - Started process (PID=102) to work on /opt/airflow/dags/Extract.py
[2025-04-15T16:48:20.115+0000] {processor.py:743} INFO - Processing file /opt/airflow/dags/Extract.py for tasks to queue
[2025-04-15T16:48:20.116+0000] {logging_mixin.py:137} INFO - [2025-04-15T16:48:20.116+0000] {dagbag.py:538} INFO - Filling up the DagBag from /opt/airflow/dags/Extract.py
[2025-04-15T16:48:20.738+0000] {processor.py:753} INFO - DAG(s) dict_keys(['prayer_times_data_pipeline']) retrieved from /opt/airflow/dags/Extract.py
[2025-04-15T16:48:20.757+0000] {logging_mixin.py:137} INFO - [2025-04-15T16:48:20.756+0000] {dag.py:2690} INFO - Sync 1 DAGs
[2025-04-15T16:48:20.800+0000] {logging_mixin.py:137} INFO - [2025-04-15T16:48:20.799+0000] {dag.py:3437} INFO - Setting next_dagrun for prayer_times_data_pipeline to 2025-04-14T06:00:00+00:00, run_after=2025-04-15T06:00:00+00:00
[2025-04-15T16:48:20.872+0000] {processor.py:175} INFO - Processing /opt/airflow/dags/Extract.py took 0.762 seconds
[2025-04-15T16:48:51.231+0000] {processor.py:153} INFO - Started process (PID=104) to work on /opt/airflow/dags/Extract.py
[2025-04-15T16:48:51.233+0000] {processor.py:743} INFO - Processing file /opt/airflow/dags/Extract.py for tasks to queue
[2025-04-15T16:48:51.234+0000] {logging_mixin.py:137} INFO - [2025-04-15T16:48:51.234+0000] {dagbag.py:538} INFO - Filling up the DagBag from /opt/airflow/dags/Extract.py
[2025-04-15T16:48:51.883+0000] {processor.py:753} INFO - DAG(s) dict_keys(['prayer_times_data_pipeline']) retrieved from /opt/airflow/dags/Extract.py
[2025-04-15T16:48:51.900+0000] {logging_mixin.py:137} INFO - [2025-04-15T16:48:51.899+0000] {dag.py:2690} INFO - Sync 1 DAGs
[2025-04-15T16:48:51.921+0000] {logging_mixin.py:137} INFO - [2025-04-15T16:48:51.920+0000] {dag.py:3437} INFO - Setting next_dagrun for prayer_times_data_pipeline to 2025-04-14T06:00:00+00:00, run_after=2025-04-15T06:00:00+00:00
[2025-04-15T16:48:51.940+0000] {processor.py:175} INFO - Processing /opt/airflow/dags/Extract.py took 0.715 seconds
[2025-04-15T16:51:41.181+0000] {processor.py:157} INFO - Started process (PID=57) to work on /opt/airflow/dags/Extract.py
[2025-04-15T16:51:41.186+0000] {processor.py:829} INFO - Processing file /opt/airflow/dags/Extract.py for tasks to queue
[2025-04-15T16:51:41.189+0000] {logging_mixin.py:151} INFO - [2025-04-15T16:51:41.188+0000] {dagbag.py:536} INFO - Filling up the DagBag from /opt/airflow/dags/Extract.py
[2025-04-15T16:51:48.410+0000] {processor.py:839} INFO - DAG(s) dict_keys(['prayer_times_data_pipeline']) retrieved from /opt/airflow/dags/Extract.py
[2025-04-15T16:51:48.611+0000] {logging_mixin.py:151} INFO - [2025-04-15T16:51:48.611+0000] {manager.py:499} INFO - Created Permission View: %s
[2025-04-15T16:51:48.629+0000] {logging_mixin.py:151} INFO - [2025-04-15T16:51:48.629+0000] {manager.py:499} INFO - Created Permission View: %s
[2025-04-15T16:51:48.657+0000] {logging_mixin.py:151} INFO - [2025-04-15T16:51:48.657+0000] {manager.py:499} INFO - Created Permission View: %s
[2025-04-15T16:51:48.658+0000] {logging_mixin.py:151} INFO - [2025-04-15T16:51:48.658+0000] {dag.py:2941} INFO - Sync 1 DAGs
[2025-04-15T16:51:48.671+0000] {logging_mixin.py:151} INFO - [2025-04-15T16:51:48.670+0000] {dag.py:2963} INFO - Creating ORM DAG for prayer_times_data_pipeline
[2025-04-15T16:51:48.685+0000] {logging_mixin.py:151} INFO - [2025-04-15T16:51:48.685+0000] {dag.py:3722} INFO - Setting next_dagrun for prayer_times_data_pipeline to 2025-04-14T06:00:00+00:00, run_after=2025-04-15T06:00:00+00:00
[2025-04-15T16:51:48.716+0000] {processor.py:179} INFO - Processing /opt/airflow/dags/Extract.py took 7.554 seconds
[2025-04-15T16:52:19.604+0000] {processor.py:157} INFO - Started process (PID=68) to work on /opt/airflow/dags/Extract.py
[2025-04-15T16:52:19.607+0000] {processor.py:829} INFO - Processing file /opt/airflow/dags/Extract.py for tasks to queue
[2025-04-15T16:52:19.608+0000] {logging_mixin.py:151} INFO - [2025-04-15T16:52:19.608+0000] {dagbag.py:536} INFO - Filling up the DagBag from /opt/airflow/dags/Extract.py
[2025-04-15T16:52:20.747+0000] {processor.py:839} INFO - DAG(s) dict_keys(['prayer_times_data_pipeline']) retrieved from /opt/airflow/dags/Extract.py
[2025-04-15T16:52:20.795+0000] {logging_mixin.py:151} INFO - [2025-04-15T16:52:20.794+0000] {dag.py:2941} INFO - Sync 1 DAGs
[2025-04-15T16:52:20.833+0000] {logging_mixin.py:151} INFO - [2025-04-15T16:52:20.833+0000] {dag.py:3722} INFO - Setting next_dagrun for prayer_times_data_pipeline to 2025-04-14T06:00:00+00:00, run_after=2025-04-15T06:00:00+00:00
[2025-04-15T16:52:20.879+0000] {processor.py:179} INFO - Processing /opt/airflow/dags/Extract.py took 1.284 seconds
[2025-04-15T16:52:51.538+0000] {processor.py:157} INFO - Started process (PID=75) to work on /opt/airflow/dags/Extract.py
[2025-04-15T16:52:51.540+0000] {processor.py:829} INFO - Processing file /opt/airflow/dags/Extract.py for tasks to queue
[2025-04-15T16:52:51.544+0000] {logging_mixin.py:151} INFO - [2025-04-15T16:52:51.542+0000] {dagbag.py:536} INFO - Filling up the DagBag from /opt/airflow/dags/Extract.py
[2025-04-15T16:52:52.289+0000] {processor.py:839} INFO - DAG(s) dict_keys(['prayer_times_data_pipeline']) retrieved from /opt/airflow/dags/Extract.py
[2025-04-15T16:52:52.306+0000] {logging_mixin.py:151} INFO - [2025-04-15T16:52:52.305+0000] {dag.py:2941} INFO - Sync 1 DAGs
[2025-04-15T16:52:52.335+0000] {logging_mixin.py:151} INFO - [2025-04-15T16:52:52.335+0000] {dag.py:3722} INFO - Setting next_dagrun for prayer_times_data_pipeline to 2025-04-14T06:00:00+00:00, run_after=2025-04-15T06:00:00+00:00
[2025-04-15T16:52:52.379+0000] {processor.py:179} INFO - Processing /opt/airflow/dags/Extract.py took 0.844 seconds
[2025-04-15T16:53:22.925+0000] {processor.py:157} INFO - Started process (PID=77) to work on /opt/airflow/dags/Extract.py
[2025-04-15T16:53:22.926+0000] {processor.py:829} INFO - Processing file /opt/airflow/dags/Extract.py for tasks to queue
[2025-04-15T16:53:22.928+0000] {logging_mixin.py:151} INFO - [2025-04-15T16:53:22.927+0000] {dagbag.py:536} INFO - Filling up the DagBag from /opt/airflow/dags/Extract.py
[2025-04-15T16:53:23.426+0000] {processor.py:839} INFO - DAG(s) dict_keys(['prayer_times_data_pipeline']) retrieved from /opt/airflow/dags/Extract.py
[2025-04-15T16:53:23.442+0000] {logging_mixin.py:151} INFO - [2025-04-15T16:53:23.441+0000] {dag.py:2941} INFO - Sync 1 DAGs
[2025-04-15T16:53:23.460+0000] {logging_mixin.py:151} INFO - [2025-04-15T16:53:23.459+0000] {dag.py:3722} INFO - Setting next_dagrun for prayer_times_data_pipeline to 2025-04-14T06:00:00+00:00, run_after=2025-04-15T06:00:00+00:00
[2025-04-15T16:53:23.484+0000] {processor.py:179} INFO - Processing /opt/airflow/dags/Extract.py took 0.562 seconds
[2025-04-15T16:53:54.496+0000] {processor.py:157} INFO - Started process (PID=79) to work on /opt/airflow/dags/Extract.py
[2025-04-15T16:53:54.498+0000] {processor.py:829} INFO - Processing file /opt/airflow/dags/Extract.py for tasks to queue
[2025-04-15T16:53:54.499+0000] {logging_mixin.py:151} INFO - [2025-04-15T16:53:54.499+0000] {dagbag.py:536} INFO - Filling up the DagBag from /opt/airflow/dags/Extract.py
[2025-04-15T16:53:55.144+0000] {processor.py:839} INFO - DAG(s) dict_keys(['prayer_times_data_pipeline']) retrieved from /opt/airflow/dags/Extract.py
[2025-04-15T16:53:55.165+0000] {logging_mixin.py:151} INFO - [2025-04-15T16:53:55.164+0000] {dag.py:2941} INFO - Sync 1 DAGs
[2025-04-15T16:53:55.184+0000] {logging_mixin.py:151} INFO - [2025-04-15T16:53:55.184+0000] {dag.py:3722} INFO - Setting next_dagrun for prayer_times_data_pipeline to 2025-04-14T06:00:00+00:00, run_after=2025-04-15T06:00:00+00:00
[2025-04-15T16:53:55.214+0000] {processor.py:179} INFO - Processing /opt/airflow/dags/Extract.py took 0.723 seconds
[2025-04-15T16:54:26.015+0000] {processor.py:157} INFO - Started process (PID=81) to work on /opt/airflow/dags/Extract.py
[2025-04-15T16:54:26.018+0000] {processor.py:829} INFO - Processing file /opt/airflow/dags/Extract.py for tasks to queue
[2025-04-15T16:54:26.021+0000] {logging_mixin.py:151} INFO - [2025-04-15T16:54:26.020+0000] {dagbag.py:536} INFO - Filling up the DagBag from /opt/airflow/dags/Extract.py
[2025-04-15T16:54:26.631+0000] {processor.py:839} INFO - DAG(s) dict_keys(['prayer_times_data_pipeline']) retrieved from /opt/airflow/dags/Extract.py
[2025-04-15T16:54:26.648+0000] {logging_mixin.py:151} INFO - [2025-04-15T16:54:26.648+0000] {dag.py:2941} INFO - Sync 1 DAGs
[2025-04-15T16:54:26.666+0000] {logging_mixin.py:151} INFO - [2025-04-15T16:54:26.666+0000] {dag.py:3722} INFO - Setting next_dagrun for prayer_times_data_pipeline to 2025-04-14T06:00:00+00:00, run_after=2025-04-15T06:00:00+00:00
[2025-04-15T16:54:26.692+0000] {processor.py:179} INFO - Processing /opt/airflow/dags/Extract.py took 0.686 seconds
[2025-04-15T16:54:57.549+0000] {processor.py:157} INFO - Started process (PID=83) to work on /opt/airflow/dags/Extract.py
[2025-04-15T16:54:57.550+0000] {processor.py:829} INFO - Processing file /opt/airflow/dags/Extract.py for tasks to queue
[2025-04-15T16:54:57.551+0000] {logging_mixin.py:151} INFO - [2025-04-15T16:54:57.551+0000] {dagbag.py:536} INFO - Filling up the DagBag from /opt/airflow/dags/Extract.py
[2025-04-15T16:54:58.037+0000] {processor.py:839} INFO - DAG(s) dict_keys(['prayer_times_data_pipeline']) retrieved from /opt/airflow/dags/Extract.py
[2025-04-15T16:54:58.055+0000] {logging_mixin.py:151} INFO - [2025-04-15T16:54:58.055+0000] {dag.py:2941} INFO - Sync 1 DAGs
[2025-04-15T16:54:58.078+0000] {logging_mixin.py:151} INFO - [2025-04-15T16:54:58.078+0000] {dag.py:3722} INFO - Setting next_dagrun for prayer_times_data_pipeline to 2025-04-14T06:00:00+00:00, run_after=2025-04-15T06:00:00+00:00
[2025-04-15T16:54:58.107+0000] {processor.py:179} INFO - Processing /opt/airflow/dags/Extract.py took 0.561 seconds
[2025-04-15T16:55:29.131+0000] {processor.py:157} INFO - Started process (PID=86) to work on /opt/airflow/dags/Extract.py
[2025-04-15T16:55:29.133+0000] {processor.py:829} INFO - Processing file /opt/airflow/dags/Extract.py for tasks to queue
[2025-04-15T16:55:29.134+0000] {logging_mixin.py:151} INFO - [2025-04-15T16:55:29.134+0000] {dagbag.py:536} INFO - Filling up the DagBag from /opt/airflow/dags/Extract.py
[2025-04-15T16:55:29.657+0000] {processor.py:839} INFO - DAG(s) dict_keys(['prayer_times_data_pipeline']) retrieved from /opt/airflow/dags/Extract.py
[2025-04-15T16:55:29.674+0000] {logging_mixin.py:151} INFO - [2025-04-15T16:55:29.673+0000] {dag.py:2941} INFO - Sync 1 DAGs
[2025-04-15T16:55:29.693+0000] {logging_mixin.py:151} INFO - [2025-04-15T16:55:29.693+0000] {dag.py:3722} INFO - Setting next_dagrun for prayer_times_data_pipeline to 2025-04-14T06:00:00+00:00, run_after=2025-04-15T06:00:00+00:00
[2025-04-15T16:55:29.714+0000] {processor.py:179} INFO - Processing /opt/airflow/dags/Extract.py took 0.587 seconds
[2025-04-15T16:56:00.663+0000] {processor.py:157} INFO - Started process (PID=89) to work on /opt/airflow/dags/Extract.py
[2025-04-15T16:56:00.664+0000] {processor.py:829} INFO - Processing file /opt/airflow/dags/Extract.py for tasks to queue
[2025-04-15T16:56:00.666+0000] {logging_mixin.py:151} INFO - [2025-04-15T16:56:00.665+0000] {dagbag.py:536} INFO - Filling up the DagBag from /opt/airflow/dags/Extract.py
[2025-04-15T16:56:01.247+0000] {processor.py:839} INFO - DAG(s) dict_keys(['prayer_times_data_pipeline']) retrieved from /opt/airflow/dags/Extract.py
[2025-04-15T16:56:01.265+0000] {logging_mixin.py:151} INFO - [2025-04-15T16:56:01.264+0000] {dag.py:2941} INFO - Sync 1 DAGs
[2025-04-15T16:56:01.289+0000] {logging_mixin.py:151} INFO - [2025-04-15T16:56:01.289+0000] {dag.py:3722} INFO - Setting next_dagrun for prayer_times_data_pipeline to 2025-04-14T06:00:00+00:00, run_after=2025-04-15T06:00:00+00:00
[2025-04-15T16:56:01.314+0000] {processor.py:179} INFO - Processing /opt/airflow/dags/Extract.py took 0.655 seconds
[2025-04-15T16:56:36.559+0000] {processor.py:157} INFO - Started process (PID=113) to work on /opt/airflow/dags/Extract.py
[2025-04-15T16:56:36.560+0000] {processor.py:829} INFO - Processing file /opt/airflow/dags/Extract.py for tasks to queue
[2025-04-15T16:56:36.561+0000] {logging_mixin.py:151} INFO - [2025-04-15T16:56:36.561+0000] {dagbag.py:536} INFO - Filling up the DagBag from /opt/airflow/dags/Extract.py
[2025-04-15T16:56:37.042+0000] {processor.py:839} INFO - DAG(s) dict_keys(['prayer_times_data_pipeline']) retrieved from /opt/airflow/dags/Extract.py
[2025-04-15T16:56:37.056+0000] {logging_mixin.py:151} INFO - [2025-04-15T16:56:37.056+0000] {dag.py:2941} INFO - Sync 1 DAGs
[2025-04-15T16:56:37.074+0000] {logging_mixin.py:151} INFO - [2025-04-15T16:56:37.074+0000] {dag.py:3722} INFO - Setting next_dagrun for prayer_times_data_pipeline to 2025-04-15T06:00:00+00:00, run_after=2025-04-16T06:00:00+00:00
[2025-04-15T16:56:37.098+0000] {processor.py:179} INFO - Processing /opt/airflow/dags/Extract.py took 0.542 seconds
[2025-04-15T16:57:07.822+0000] {processor.py:157} INFO - Started process (PID=115) to work on /opt/airflow/dags/Extract.py
[2025-04-15T16:57:07.824+0000] {processor.py:829} INFO - Processing file /opt/airflow/dags/Extract.py for tasks to queue
[2025-04-15T16:57:07.827+0000] {logging_mixin.py:151} INFO - [2025-04-15T16:57:07.826+0000] {dagbag.py:536} INFO - Filling up the DagBag from /opt/airflow/dags/Extract.py
[2025-04-15T16:57:08.380+0000] {processor.py:839} INFO - DAG(s) dict_keys(['prayer_times_data_pipeline']) retrieved from /opt/airflow/dags/Extract.py
[2025-04-15T16:57:08.398+0000] {logging_mixin.py:151} INFO - [2025-04-15T16:57:08.397+0000] {dag.py:2941} INFO - Sync 1 DAGs
[2025-04-15T16:57:08.418+0000] {logging_mixin.py:151} INFO - [2025-04-15T16:57:08.418+0000] {dag.py:3722} INFO - Setting next_dagrun for prayer_times_data_pipeline to 2025-04-15T06:00:00+00:00, run_after=2025-04-16T06:00:00+00:00
[2025-04-15T16:57:08.438+0000] {processor.py:179} INFO - Processing /opt/airflow/dags/Extract.py took 0.621 seconds
[2025-04-15T16:57:38.576+0000] {processor.py:157} INFO - Started process (PID=117) to work on /opt/airflow/dags/Extract.py
[2025-04-15T16:57:38.578+0000] {processor.py:829} INFO - Processing file /opt/airflow/dags/Extract.py for tasks to queue
[2025-04-15T16:57:38.579+0000] {logging_mixin.py:151} INFO - [2025-04-15T16:57:38.579+0000] {dagbag.py:536} INFO - Filling up the DagBag from /opt/airflow/dags/Extract.py
[2025-04-15T16:57:39.079+0000] {processor.py:839} INFO - DAG(s) dict_keys(['prayer_times_data_pipeline']) retrieved from /opt/airflow/dags/Extract.py
[2025-04-15T16:57:39.097+0000] {logging_mixin.py:151} INFO - [2025-04-15T16:57:39.096+0000] {dag.py:2941} INFO - Sync 1 DAGs
[2025-04-15T16:57:39.116+0000] {logging_mixin.py:151} INFO - [2025-04-15T16:57:39.115+0000] {dag.py:3722} INFO - Setting next_dagrun for prayer_times_data_pipeline to 2025-04-15T06:00:00+00:00, run_after=2025-04-16T06:00:00+00:00
[2025-04-15T16:57:39.137+0000] {processor.py:179} INFO - Processing /opt/airflow/dags/Extract.py took 0.564 seconds
[2025-04-15T16:58:09.264+0000] {processor.py:157} INFO - Started process (PID=119) to work on /opt/airflow/dags/Extract.py
[2025-04-15T16:58:09.265+0000] {processor.py:829} INFO - Processing file /opt/airflow/dags/Extract.py for tasks to queue
[2025-04-15T16:58:09.266+0000] {logging_mixin.py:151} INFO - [2025-04-15T16:58:09.266+0000] {dagbag.py:536} INFO - Filling up the DagBag from /opt/airflow/dags/Extract.py
[2025-04-15T16:58:09.773+0000] {processor.py:839} INFO - DAG(s) dict_keys(['prayer_times_data_pipeline']) retrieved from /opt/airflow/dags/Extract.py
[2025-04-15T16:58:09.789+0000] {logging_mixin.py:151} INFO - [2025-04-15T16:58:09.788+0000] {dag.py:2941} INFO - Sync 1 DAGs
[2025-04-15T16:58:09.808+0000] {logging_mixin.py:151} INFO - [2025-04-15T16:58:09.808+0000] {dag.py:3722} INFO - Setting next_dagrun for prayer_times_data_pipeline to 2025-04-15T06:00:00+00:00, run_after=2025-04-16T06:00:00+00:00
[2025-04-15T16:58:09.831+0000] {processor.py:179} INFO - Processing /opt/airflow/dags/Extract.py took 0.569 seconds
[2025-04-15T16:58:40.052+0000] {processor.py:157} INFO - Started process (PID=121) to work on /opt/airflow/dags/Extract.py
[2025-04-15T16:58:40.053+0000] {processor.py:829} INFO - Processing file /opt/airflow/dags/Extract.py for tasks to queue
[2025-04-15T16:58:40.054+0000] {logging_mixin.py:151} INFO - [2025-04-15T16:58:40.054+0000] {dagbag.py:536} INFO - Filling up the DagBag from /opt/airflow/dags/Extract.py
[2025-04-15T16:58:40.555+0000] {processor.py:839} INFO - DAG(s) dict_keys(['prayer_times_data_pipeline']) retrieved from /opt/airflow/dags/Extract.py
[2025-04-15T16:58:40.570+0000] {logging_mixin.py:151} INFO - [2025-04-15T16:58:40.570+0000] {dag.py:2941} INFO - Sync 1 DAGs
[2025-04-15T16:58:40.589+0000] {logging_mixin.py:151} INFO - [2025-04-15T16:58:40.589+0000] {dag.py:3722} INFO - Setting next_dagrun for prayer_times_data_pipeline to 2025-04-15T06:00:00+00:00, run_after=2025-04-16T06:00:00+00:00
[2025-04-15T16:58:40.612+0000] {processor.py:179} INFO - Processing /opt/airflow/dags/Extract.py took 0.563 seconds
[2025-04-15T16:59:11.078+0000] {processor.py:157} INFO - Started process (PID=134) to work on /opt/airflow/dags/Extract.py
[2025-04-15T16:59:11.080+0000] {processor.py:829} INFO - Processing file /opt/airflow/dags/Extract.py for tasks to queue
[2025-04-15T16:59:11.081+0000] {logging_mixin.py:151} INFO - [2025-04-15T16:59:11.080+0000] {dagbag.py:536} INFO - Filling up the DagBag from /opt/airflow/dags/Extract.py
[2025-04-15T16:59:11.565+0000] {processor.py:839} INFO - DAG(s) dict_keys(['prayer_times_data_pipeline']) retrieved from /opt/airflow/dags/Extract.py
[2025-04-15T16:59:11.580+0000] {logging_mixin.py:151} INFO - [2025-04-15T16:59:11.580+0000] {dag.py:2941} INFO - Sync 1 DAGs
[2025-04-15T16:59:11.599+0000] {logging_mixin.py:151} INFO - [2025-04-15T16:59:11.599+0000] {dag.py:3722} INFO - Setting next_dagrun for prayer_times_data_pipeline to 2025-04-15T06:00:00+00:00, run_after=2025-04-16T06:00:00+00:00
[2025-04-15T16:59:11.620+0000] {processor.py:179} INFO - Processing /opt/airflow/dags/Extract.py took 0.545 seconds
[2025-04-15T16:59:41.946+0000] {processor.py:157} INFO - Started process (PID=136) to work on /opt/airflow/dags/Extract.py
[2025-04-15T16:59:41.947+0000] {processor.py:829} INFO - Processing file /opt/airflow/dags/Extract.py for tasks to queue
[2025-04-15T16:59:41.949+0000] {logging_mixin.py:151} INFO - [2025-04-15T16:59:41.948+0000] {dagbag.py:536} INFO - Filling up the DagBag from /opt/airflow/dags/Extract.py
[2025-04-15T16:59:42.513+0000] {processor.py:839} INFO - DAG(s) dict_keys(['prayer_times_data_pipeline']) retrieved from /opt/airflow/dags/Extract.py
[2025-04-15T16:59:42.528+0000] {logging_mixin.py:151} INFO - [2025-04-15T16:59:42.527+0000] {dag.py:2941} INFO - Sync 1 DAGs
[2025-04-15T16:59:42.557+0000] {logging_mixin.py:151} INFO - [2025-04-15T16:59:42.556+0000] {dag.py:3722} INFO - Setting next_dagrun for prayer_times_data_pipeline to 2025-04-15T06:00:00+00:00, run_after=2025-04-16T06:00:00+00:00
[2025-04-15T16:59:42.579+0000] {processor.py:179} INFO - Processing /opt/airflow/dags/Extract.py took 0.637 seconds
[2025-04-15T17:00:12.675+0000] {processor.py:157} INFO - Started process (PID=138) to work on /opt/airflow/dags/Extract.py
[2025-04-15T17:00:12.676+0000] {processor.py:829} INFO - Processing file /opt/airflow/dags/Extract.py for tasks to queue
[2025-04-15T17:00:12.677+0000] {logging_mixin.py:151} INFO - [2025-04-15T17:00:12.677+0000] {dagbag.py:536} INFO - Filling up the DagBag from /opt/airflow/dags/Extract.py
[2025-04-15T17:00:13.173+0000] {processor.py:839} INFO - DAG(s) dict_keys(['prayer_times_data_pipeline']) retrieved from /opt/airflow/dags/Extract.py
[2025-04-15T17:00:13.188+0000] {logging_mixin.py:151} INFO - [2025-04-15T17:00:13.188+0000] {dag.py:2941} INFO - Sync 1 DAGs
[2025-04-15T17:00:13.208+0000] {logging_mixin.py:151} INFO - [2025-04-15T17:00:13.208+0000] {dag.py:3722} INFO - Setting next_dagrun for prayer_times_data_pipeline to 2025-04-15T06:00:00+00:00, run_after=2025-04-16T06:00:00+00:00
[2025-04-15T17:00:13.230+0000] {processor.py:179} INFO - Processing /opt/airflow/dags/Extract.py took 0.558 seconds
[2025-04-15T17:00:43.731+0000] {processor.py:157} INFO - Started process (PID=140) to work on /opt/airflow/dags/Extract.py
[2025-04-15T17:00:43.732+0000] {processor.py:829} INFO - Processing file /opt/airflow/dags/Extract.py for tasks to queue
[2025-04-15T17:00:43.741+0000] {logging_mixin.py:151} INFO - [2025-04-15T17:00:43.741+0000] {dagbag.py:536} INFO - Filling up the DagBag from /opt/airflow/dags/Extract.py
[2025-04-15T17:00:44.321+0000] {processor.py:839} INFO - DAG(s) dict_keys(['prayer_times_data_pipeline']) retrieved from /opt/airflow/dags/Extract.py
[2025-04-15T17:00:44.340+0000] {logging_mixin.py:151} INFO - [2025-04-15T17:00:44.339+0000] {dag.py:2941} INFO - Sync 1 DAGs
[2025-04-15T17:00:44.365+0000] {logging_mixin.py:151} INFO - [2025-04-15T17:00:44.365+0000] {dag.py:3722} INFO - Setting next_dagrun for prayer_times_data_pipeline to 2025-04-15T06:00:00+00:00, run_after=2025-04-16T06:00:00+00:00
[2025-04-15T17:00:44.400+0000] {processor.py:179} INFO - Processing /opt/airflow/dags/Extract.py took 0.672 seconds
[2025-04-15T17:01:15.185+0000] {processor.py:157} INFO - Started process (PID=142) to work on /opt/airflow/dags/Extract.py
[2025-04-15T17:01:15.190+0000] {processor.py:829} INFO - Processing file /opt/airflow/dags/Extract.py for tasks to queue
[2025-04-15T17:01:15.193+0000] {logging_mixin.py:151} INFO - [2025-04-15T17:01:15.192+0000] {dagbag.py:536} INFO - Filling up the DagBag from /opt/airflow/dags/Extract.py
[2025-04-15T17:01:15.725+0000] {processor.py:839} INFO - DAG(s) dict_keys(['prayer_times_data_pipeline']) retrieved from /opt/airflow/dags/Extract.py
[2025-04-15T17:01:15.747+0000] {logging_mixin.py:151} INFO - [2025-04-15T17:01:15.747+0000] {dag.py:2941} INFO - Sync 1 DAGs
[2025-04-15T17:01:15.776+0000] {logging_mixin.py:151} INFO - [2025-04-15T17:01:15.775+0000] {dag.py:3722} INFO - Setting next_dagrun for prayer_times_data_pipeline to 2025-04-15T06:00:00+00:00, run_after=2025-04-16T06:00:00+00:00
[2025-04-15T17:01:15.800+0000] {processor.py:179} INFO - Processing /opt/airflow/dags/Extract.py took 0.620 seconds
[2025-04-15T17:01:46.217+0000] {processor.py:157} INFO - Started process (PID=166) to work on /opt/airflow/dags/Extract.py
[2025-04-15T17:01:46.219+0000] {processor.py:829} INFO - Processing file /opt/airflow/dags/Extract.py for tasks to queue
[2025-04-15T17:01:46.221+0000] {logging_mixin.py:151} INFO - [2025-04-15T17:01:46.220+0000] {dagbag.py:536} INFO - Filling up the DagBag from /opt/airflow/dags/Extract.py
[2025-04-15T17:01:46.889+0000] {processor.py:839} INFO - DAG(s) dict_keys(['prayer_times_data_pipeline']) retrieved from /opt/airflow/dags/Extract.py
[2025-04-15T17:01:46.904+0000] {logging_mixin.py:151} INFO - [2025-04-15T17:01:46.904+0000] {dag.py:2941} INFO - Sync 1 DAGs
[2025-04-15T17:01:46.922+0000] {logging_mixin.py:151} INFO - [2025-04-15T17:01:46.922+0000] {dag.py:3722} INFO - Setting next_dagrun for prayer_times_data_pipeline to 2025-04-15T06:00:00+00:00, run_after=2025-04-16T06:00:00+00:00
[2025-04-15T17:01:46.952+0000] {processor.py:179} INFO - Processing /opt/airflow/dags/Extract.py took 0.740 seconds
[2025-04-15T17:02:17.438+0000] {processor.py:157} INFO - Started process (PID=168) to work on /opt/airflow/dags/Extract.py
[2025-04-15T17:02:17.442+0000] {processor.py:829} INFO - Processing file /opt/airflow/dags/Extract.py for tasks to queue
[2025-04-15T17:02:17.444+0000] {logging_mixin.py:151} INFO - [2025-04-15T17:02:17.443+0000] {dagbag.py:536} INFO - Filling up the DagBag from /opt/airflow/dags/Extract.py
[2025-04-15T17:02:18.021+0000] {processor.py:839} INFO - DAG(s) dict_keys(['prayer_times_data_pipeline']) retrieved from /opt/airflow/dags/Extract.py
[2025-04-15T17:02:18.038+0000] {logging_mixin.py:151} INFO - [2025-04-15T17:02:18.037+0000] {dag.py:2941} INFO - Sync 1 DAGs
[2025-04-15T17:02:18.057+0000] {logging_mixin.py:151} INFO - [2025-04-15T17:02:18.057+0000] {dag.py:3722} INFO - Setting next_dagrun for prayer_times_data_pipeline to 2025-04-15T06:00:00+00:00, run_after=2025-04-16T06:00:00+00:00
[2025-04-15T17:02:18.077+0000] {processor.py:179} INFO - Processing /opt/airflow/dags/Extract.py took 0.651 seconds
[2025-04-15T17:02:49.620+0000] {processor.py:157} INFO - Started process (PID=170) to work on /opt/airflow/dags/Extract.py
[2025-04-15T17:02:49.626+0000] {processor.py:829} INFO - Processing file /opt/airflow/dags/Extract.py for tasks to queue
[2025-04-15T17:02:49.629+0000] {logging_mixin.py:151} INFO - [2025-04-15T17:02:49.628+0000] {dagbag.py:536} INFO - Filling up the DagBag from /opt/airflow/dags/Extract.py
[2025-04-15T17:02:50.618+0000] {processor.py:839} INFO - DAG(s) dict_keys(['prayer_times_data_pipeline']) retrieved from /opt/airflow/dags/Extract.py
[2025-04-15T17:02:50.634+0000] {logging_mixin.py:151} INFO - [2025-04-15T17:02:50.633+0000] {dag.py:2941} INFO - Sync 1 DAGs
[2025-04-15T17:02:50.653+0000] {logging_mixin.py:151} INFO - [2025-04-15T17:02:50.653+0000] {dag.py:3722} INFO - Setting next_dagrun for prayer_times_data_pipeline to 2025-04-15T06:00:00+00:00, run_after=2025-04-16T06:00:00+00:00
[2025-04-15T17:02:50.906+0000] {processor.py:179} INFO - Processing /opt/airflow/dags/Extract.py took 1.314 seconds
[2025-04-15T17:03:21.669+0000] {processor.py:157} INFO - Started process (PID=172) to work on /opt/airflow/dags/Extract.py
[2025-04-15T17:03:21.672+0000] {processor.py:829} INFO - Processing file /opt/airflow/dags/Extract.py for tasks to queue
[2025-04-15T17:03:21.675+0000] {logging_mixin.py:151} INFO - [2025-04-15T17:03:21.674+0000] {dagbag.py:536} INFO - Filling up the DagBag from /opt/airflow/dags/Extract.py
[2025-04-15T17:03:22.190+0000] {processor.py:839} INFO - DAG(s) dict_keys(['prayer_times_data_pipeline']) retrieved from /opt/airflow/dags/Extract.py
[2025-04-15T17:03:22.206+0000] {logging_mixin.py:151} INFO - [2025-04-15T17:03:22.205+0000] {dag.py:2941} INFO - Sync 1 DAGs
[2025-04-15T17:03:22.225+0000] {logging_mixin.py:151} INFO - [2025-04-15T17:03:22.225+0000] {dag.py:3722} INFO - Setting next_dagrun for prayer_times_data_pipeline to 2025-04-15T06:00:00+00:00, run_after=2025-04-16T06:00:00+00:00
[2025-04-15T17:03:22.263+0000] {processor.py:179} INFO - Processing /opt/airflow/dags/Extract.py took 0.604 seconds
[2025-04-15T17:03:52.644+0000] {processor.py:157} INFO - Started process (PID=185) to work on /opt/airflow/dags/Extract.py
[2025-04-15T17:03:52.646+0000] {processor.py:829} INFO - Processing file /opt/airflow/dags/Extract.py for tasks to queue
[2025-04-15T17:03:52.647+0000] {logging_mixin.py:151} INFO - [2025-04-15T17:03:52.647+0000] {dagbag.py:536} INFO - Filling up the DagBag from /opt/airflow/dags/Extract.py
[2025-04-15T17:03:53.120+0000] {processor.py:839} INFO - DAG(s) dict_keys(['prayer_times_data_pipeline']) retrieved from /opt/airflow/dags/Extract.py
[2025-04-15T17:03:53.134+0000] {logging_mixin.py:151} INFO - [2025-04-15T17:03:53.134+0000] {dag.py:2941} INFO - Sync 1 DAGs
[2025-04-15T17:03:53.152+0000] {logging_mixin.py:151} INFO - [2025-04-15T17:03:53.152+0000] {dag.py:3722} INFO - Setting next_dagrun for prayer_times_data_pipeline to 2025-04-15T06:00:00+00:00, run_after=2025-04-16T06:00:00+00:00
[2025-04-15T17:03:53.177+0000] {processor.py:179} INFO - Processing /opt/airflow/dags/Extract.py took 0.535 seconds
[2025-04-15T17:04:23.532+0000] {processor.py:157} INFO - Started process (PID=187) to work on /opt/airflow/dags/Extract.py
[2025-04-15T17:04:23.534+0000] {processor.py:829} INFO - Processing file /opt/airflow/dags/Extract.py for tasks to queue
[2025-04-15T17:04:23.535+0000] {logging_mixin.py:151} INFO - [2025-04-15T17:04:23.534+0000] {dagbag.py:536} INFO - Filling up the DagBag from /opt/airflow/dags/Extract.py
[2025-04-15T17:04:24.126+0000] {processor.py:839} INFO - DAG(s) dict_keys(['prayer_times_data_pipeline']) retrieved from /opt/airflow/dags/Extract.py
[2025-04-15T17:04:24.145+0000] {logging_mixin.py:151} INFO - [2025-04-15T17:04:24.144+0000] {dag.py:2941} INFO - Sync 1 DAGs
[2025-04-15T17:04:24.166+0000] {logging_mixin.py:151} INFO - [2025-04-15T17:04:24.165+0000] {dag.py:3722} INFO - Setting next_dagrun for prayer_times_data_pipeline to 2025-04-15T06:00:00+00:00, run_after=2025-04-16T06:00:00+00:00
[2025-04-15T17:04:24.194+0000] {processor.py:179} INFO - Processing /opt/airflow/dags/Extract.py took 0.665 seconds
[2025-04-15T17:04:54.299+0000] {processor.py:157} INFO - Started process (PID=189) to work on /opt/airflow/dags/Extract.py
[2025-04-15T17:04:54.300+0000] {processor.py:829} INFO - Processing file /opt/airflow/dags/Extract.py for tasks to queue
[2025-04-15T17:04:54.302+0000] {logging_mixin.py:151} INFO - [2025-04-15T17:04:54.301+0000] {dagbag.py:536} INFO - Filling up the DagBag from /opt/airflow/dags/Extract.py
[2025-04-15T17:04:54.802+0000] {processor.py:839} INFO - DAG(s) dict_keys(['prayer_times_data_pipeline']) retrieved from /opt/airflow/dags/Extract.py
[2025-04-15T17:04:54.818+0000] {logging_mixin.py:151} INFO - [2025-04-15T17:04:54.818+0000] {dag.py:2941} INFO - Sync 1 DAGs
[2025-04-15T17:04:54.837+0000] {logging_mixin.py:151} INFO - [2025-04-15T17:04:54.837+0000] {dag.py:3722} INFO - Setting next_dagrun for prayer_times_data_pipeline to 2025-04-15T06:00:00+00:00, run_after=2025-04-16T06:00:00+00:00
[2025-04-15T17:04:54.857+0000] {processor.py:179} INFO - Processing /opt/airflow/dags/Extract.py took 0.561 seconds
[2025-04-15T17:05:25.955+0000] {processor.py:157} INFO - Started process (PID=191) to work on /opt/airflow/dags/Extract.py
[2025-04-15T17:05:25.956+0000] {processor.py:829} INFO - Processing file /opt/airflow/dags/Extract.py for tasks to queue
[2025-04-15T17:05:25.957+0000] {logging_mixin.py:151} INFO - [2025-04-15T17:05:25.957+0000] {dagbag.py:536} INFO - Filling up the DagBag from /opt/airflow/dags/Extract.py
[2025-04-15T17:05:26.460+0000] {processor.py:839} INFO - DAG(s) dict_keys(['prayer_times_data_pipeline']) retrieved from /opt/airflow/dags/Extract.py
[2025-04-15T17:05:26.475+0000] {logging_mixin.py:151} INFO - [2025-04-15T17:05:26.475+0000] {dag.py:2941} INFO - Sync 1 DAGs
[2025-04-15T17:05:26.494+0000] {logging_mixin.py:151} INFO - [2025-04-15T17:05:26.494+0000] {dag.py:3722} INFO - Setting next_dagrun for prayer_times_data_pipeline to 2025-04-15T06:00:00+00:00, run_after=2025-04-16T06:00:00+00:00
[2025-04-15T17:05:26.517+0000] {processor.py:179} INFO - Processing /opt/airflow/dags/Extract.py took 0.565 seconds
[2025-04-15T17:05:56.646+0000] {processor.py:157} INFO - Started process (PID=193) to work on /opt/airflow/dags/Extract.py
[2025-04-15T17:05:56.648+0000] {processor.py:829} INFO - Processing file /opt/airflow/dags/Extract.py for tasks to queue
[2025-04-15T17:05:56.649+0000] {logging_mixin.py:151} INFO - [2025-04-15T17:05:56.648+0000] {dagbag.py:536} INFO - Filling up the DagBag from /opt/airflow/dags/Extract.py
[2025-04-15T17:05:57.188+0000] {processor.py:839} INFO - DAG(s) dict_keys(['prayer_times_data_pipeline']) retrieved from /opt/airflow/dags/Extract.py
[2025-04-15T17:05:57.205+0000] {logging_mixin.py:151} INFO - [2025-04-15T17:05:57.204+0000] {dag.py:2941} INFO - Sync 1 DAGs
[2025-04-15T17:05:57.225+0000] {logging_mixin.py:151} INFO - [2025-04-15T17:05:57.225+0000] {dag.py:3722} INFO - Setting next_dagrun for prayer_times_data_pipeline to 2025-04-15T06:00:00+00:00, run_after=2025-04-16T06:00:00+00:00
[2025-04-15T17:05:57.253+0000] {processor.py:179} INFO - Processing /opt/airflow/dags/Extract.py took 0.609 seconds
[2025-04-15T17:06:28.377+0000] {processor.py:157} INFO - Started process (PID=195) to work on /opt/airflow/dags/Extract.py
[2025-04-15T17:06:28.379+0000] {processor.py:829} INFO - Processing file /opt/airflow/dags/Extract.py for tasks to queue
[2025-04-15T17:06:28.380+0000] {logging_mixin.py:151} INFO - [2025-04-15T17:06:28.379+0000] {dagbag.py:536} INFO - Filling up the DagBag from /opt/airflow/dags/Extract.py
[2025-04-15T17:06:28.889+0000] {processor.py:839} INFO - DAG(s) dict_keys(['prayer_times_data_pipeline']) retrieved from /opt/airflow/dags/Extract.py
[2025-04-15T17:06:28.904+0000] {logging_mixin.py:151} INFO - [2025-04-15T17:06:28.904+0000] {dag.py:2941} INFO - Sync 1 DAGs
[2025-04-15T17:06:28.924+0000] {logging_mixin.py:151} INFO - [2025-04-15T17:06:28.924+0000] {dag.py:3722} INFO - Setting next_dagrun for prayer_times_data_pipeline to 2025-04-15T06:00:00+00:00, run_after=2025-04-16T06:00:00+00:00
[2025-04-15T17:06:28.949+0000] {processor.py:179} INFO - Processing /opt/airflow/dags/Extract.py took 0.579 seconds
[2025-04-15T17:06:59.158+0000] {processor.py:157} INFO - Started process (PID=197) to work on /opt/airflow/dags/Extract.py
[2025-04-15T17:06:59.160+0000] {processor.py:829} INFO - Processing file /opt/airflow/dags/Extract.py for tasks to queue
[2025-04-15T17:06:59.162+0000] {logging_mixin.py:151} INFO - [2025-04-15T17:06:59.161+0000] {dagbag.py:536} INFO - Filling up the DagBag from /opt/airflow/dags/Extract.py
[2025-04-15T17:06:59.715+0000] {processor.py:839} INFO - DAG(s) dict_keys(['prayer_times_data_pipeline']) retrieved from /opt/airflow/dags/Extract.py
[2025-04-15T17:06:59.731+0000] {logging_mixin.py:151} INFO - [2025-04-15T17:06:59.731+0000] {dag.py:2941} INFO - Sync 1 DAGs
[2025-04-15T17:06:59.751+0000] {logging_mixin.py:151} INFO - [2025-04-15T17:06:59.751+0000] {dag.py:3722} INFO - Setting next_dagrun for prayer_times_data_pipeline to 2025-04-15T06:00:00+00:00, run_after=2025-04-16T06:00:00+00:00
[2025-04-15T17:06:59.774+0000] {processor.py:179} INFO - Processing /opt/airflow/dags/Extract.py took 0.620 seconds
[2025-04-15T17:07:30.784+0000] {processor.py:157} INFO - Started process (PID=199) to work on /opt/airflow/dags/Extract.py
[2025-04-15T17:07:30.785+0000] {processor.py:829} INFO - Processing file /opt/airflow/dags/Extract.py for tasks to queue
[2025-04-15T17:07:30.786+0000] {logging_mixin.py:151} INFO - [2025-04-15T17:07:30.786+0000] {dagbag.py:536} INFO - Filling up the DagBag from /opt/airflow/dags/Extract.py
[2025-04-15T17:07:31.292+0000] {processor.py:839} INFO - DAG(s) dict_keys(['prayer_times_data_pipeline']) retrieved from /opt/airflow/dags/Extract.py
[2025-04-15T17:07:31.309+0000] {logging_mixin.py:151} INFO - [2025-04-15T17:07:31.308+0000] {dag.py:2941} INFO - Sync 1 DAGs
[2025-04-15T17:07:31.329+0000] {logging_mixin.py:151} INFO - [2025-04-15T17:07:31.329+0000] {dag.py:3722} INFO - Setting next_dagrun for prayer_times_data_pipeline to 2025-04-15T06:00:00+00:00, run_after=2025-04-16T06:00:00+00:00
[2025-04-15T17:07:31.367+0000] {processor.py:179} INFO - Processing /opt/airflow/dags/Extract.py took 0.586 seconds
[2025-04-15T17:08:01.519+0000] {processor.py:157} INFO - Started process (PID=201) to work on /opt/airflow/dags/Extract.py
[2025-04-15T17:08:01.521+0000] {processor.py:829} INFO - Processing file /opt/airflow/dags/Extract.py for tasks to queue
[2025-04-15T17:08:01.522+0000] {logging_mixin.py:151} INFO - [2025-04-15T17:08:01.522+0000] {dagbag.py:536} INFO - Filling up the DagBag from /opt/airflow/dags/Extract.py
[2025-04-15T17:08:02.017+0000] {processor.py:839} INFO - DAG(s) dict_keys(['prayer_times_data_pipeline']) retrieved from /opt/airflow/dags/Extract.py
[2025-04-15T17:08:02.034+0000] {logging_mixin.py:151} INFO - [2025-04-15T17:08:02.033+0000] {dag.py:2941} INFO - Sync 1 DAGs
[2025-04-15T17:08:02.052+0000] {logging_mixin.py:151} INFO - [2025-04-15T17:08:02.052+0000] {dag.py:3722} INFO - Setting next_dagrun for prayer_times_data_pipeline to 2025-04-15T06:00:00+00:00, run_after=2025-04-16T06:00:00+00:00
[2025-04-15T17:08:02.075+0000] {processor.py:179} INFO - Processing /opt/airflow/dags/Extract.py took 0.559 seconds
[2025-04-15T17:08:32.992+0000] {processor.py:157} INFO - Started process (PID=203) to work on /opt/airflow/dags/Extract.py
[2025-04-15T17:08:32.998+0000] {processor.py:829} INFO - Processing file /opt/airflow/dags/Extract.py for tasks to queue
[2025-04-15T17:08:33.002+0000] {logging_mixin.py:151} INFO - [2025-04-15T17:08:33.000+0000] {dagbag.py:536} INFO - Filling up the DagBag from /opt/airflow/dags/Extract.py
[2025-04-15T17:08:33.534+0000] {processor.py:839} INFO - DAG(s) dict_keys(['prayer_times_data_pipeline']) retrieved from /opt/airflow/dags/Extract.py
[2025-04-15T17:08:33.550+0000] {logging_mixin.py:151} INFO - [2025-04-15T17:08:33.550+0000] {dag.py:2941} INFO - Sync 1 DAGs
[2025-04-15T17:08:33.569+0000] {logging_mixin.py:151} INFO - [2025-04-15T17:08:33.568+0000] {dag.py:3722} INFO - Setting next_dagrun for prayer_times_data_pipeline to 2025-04-15T06:00:00+00:00, run_after=2025-04-16T06:00:00+00:00
[2025-04-15T17:08:33.592+0000] {processor.py:179} INFO - Processing /opt/airflow/dags/Extract.py took 0.623 seconds
[2025-04-15T17:09:04.622+0000] {processor.py:157} INFO - Started process (PID=205) to work on /opt/airflow/dags/Extract.py
[2025-04-15T17:09:04.627+0000] {processor.py:829} INFO - Processing file /opt/airflow/dags/Extract.py for tasks to queue
[2025-04-15T17:09:04.630+0000] {logging_mixin.py:151} INFO - [2025-04-15T17:09:04.629+0000] {dagbag.py:536} INFO - Filling up the DagBag from /opt/airflow/dags/Extract.py
[2025-04-15T17:09:05.342+0000] {processor.py:839} INFO - DAG(s) dict_keys(['prayer_times_data_pipeline']) retrieved from /opt/airflow/dags/Extract.py
[2025-04-15T17:09:05.361+0000] {logging_mixin.py:151} INFO - [2025-04-15T17:09:05.360+0000] {dag.py:2941} INFO - Sync 1 DAGs
[2025-04-15T17:09:05.380+0000] {logging_mixin.py:151} INFO - [2025-04-15T17:09:05.380+0000] {dag.py:3722} INFO - Setting next_dagrun for prayer_times_data_pipeline to 2025-04-15T06:00:00+00:00, run_after=2025-04-16T06:00:00+00:00
[2025-04-15T17:09:05.410+0000] {processor.py:179} INFO - Processing /opt/airflow/dags/Extract.py took 0.801 seconds
[2025-04-15T17:09:36.205+0000] {processor.py:157} INFO - Started process (PID=207) to work on /opt/airflow/dags/Extract.py
[2025-04-15T17:09:36.207+0000] {processor.py:829} INFO - Processing file /opt/airflow/dags/Extract.py for tasks to queue
[2025-04-15T17:09:36.208+0000] {logging_mixin.py:151} INFO - [2025-04-15T17:09:36.208+0000] {dagbag.py:536} INFO - Filling up the DagBag from /opt/airflow/dags/Extract.py
[2025-04-15T17:09:36.770+0000] {processor.py:839} INFO - DAG(s) dict_keys(['prayer_times_data_pipeline']) retrieved from /opt/airflow/dags/Extract.py
[2025-04-15T17:09:36.787+0000] {logging_mixin.py:151} INFO - [2025-04-15T17:09:36.786+0000] {dag.py:2941} INFO - Sync 1 DAGs
[2025-04-15T17:09:36.805+0000] {logging_mixin.py:151} INFO - [2025-04-15T17:09:36.805+0000] {dag.py:3722} INFO - Setting next_dagrun for prayer_times_data_pipeline to 2025-04-15T06:00:00+00:00, run_after=2025-04-16T06:00:00+00:00
[2025-04-15T17:09:36.827+0000] {processor.py:179} INFO - Processing /opt/airflow/dags/Extract.py took 0.649 seconds
[2025-04-15T17:10:07.787+0000] {processor.py:157} INFO - Started process (PID=209) to work on /opt/airflow/dags/Extract.py
[2025-04-15T17:10:07.789+0000] {processor.py:829} INFO - Processing file /opt/airflow/dags/Extract.py for tasks to queue
[2025-04-15T17:10:07.790+0000] {logging_mixin.py:151} INFO - [2025-04-15T17:10:07.790+0000] {dagbag.py:536} INFO - Filling up the DagBag from /opt/airflow/dags/Extract.py
[2025-04-15T17:10:08.277+0000] {processor.py:839} INFO - DAG(s) dict_keys(['prayer_times_data_pipeline']) retrieved from /opt/airflow/dags/Extract.py
[2025-04-15T17:10:08.292+0000] {logging_mixin.py:151} INFO - [2025-04-15T17:10:08.291+0000] {dag.py:2941} INFO - Sync 1 DAGs
[2025-04-15T17:10:08.312+0000] {logging_mixin.py:151} INFO - [2025-04-15T17:10:08.312+0000] {dag.py:3722} INFO - Setting next_dagrun for prayer_times_data_pipeline to 2025-04-15T06:00:00+00:00, run_after=2025-04-16T06:00:00+00:00
[2025-04-15T17:10:08.334+0000] {processor.py:179} INFO - Processing /opt/airflow/dags/Extract.py took 0.550 seconds
[2025-04-15T17:10:39.406+0000] {processor.py:157} INFO - Started process (PID=211) to work on /opt/airflow/dags/Extract.py
[2025-04-15T17:10:39.407+0000] {processor.py:829} INFO - Processing file /opt/airflow/dags/Extract.py for tasks to queue
[2025-04-15T17:10:39.410+0000] {logging_mixin.py:151} INFO - [2025-04-15T17:10:39.409+0000] {dagbag.py:536} INFO - Filling up the DagBag from /opt/airflow/dags/Extract.py
[2025-04-15T17:10:39.934+0000] {processor.py:839} INFO - DAG(s) dict_keys(['prayer_times_data_pipeline']) retrieved from /opt/airflow/dags/Extract.py
[2025-04-15T17:10:39.950+0000] {logging_mixin.py:151} INFO - [2025-04-15T17:10:39.949+0000] {dag.py:2941} INFO - Sync 1 DAGs
[2025-04-15T17:10:39.970+0000] {logging_mixin.py:151} INFO - [2025-04-15T17:10:39.969+0000] {dag.py:3722} INFO - Setting next_dagrun for prayer_times_data_pipeline to 2025-04-15T06:00:00+00:00, run_after=2025-04-16T06:00:00+00:00
[2025-04-15T17:10:39.991+0000] {processor.py:179} INFO - Processing /opt/airflow/dags/Extract.py took 0.589 seconds
[2025-04-15T17:11:10.986+0000] {processor.py:157} INFO - Started process (PID=213) to work on /opt/airflow/dags/Extract.py
[2025-04-15T17:11:10.987+0000] {processor.py:829} INFO - Processing file /opt/airflow/dags/Extract.py for tasks to queue
[2025-04-15T17:11:10.988+0000] {logging_mixin.py:151} INFO - [2025-04-15T17:11:10.988+0000] {dagbag.py:536} INFO - Filling up the DagBag from /opt/airflow/dags/Extract.py
[2025-04-15T17:11:11.494+0000] {processor.py:839} INFO - DAG(s) dict_keys(['prayer_times_data_pipeline']) retrieved from /opt/airflow/dags/Extract.py
[2025-04-15T17:11:11.511+0000] {logging_mixin.py:151} INFO - [2025-04-15T17:11:11.510+0000] {dag.py:2941} INFO - Sync 1 DAGs
[2025-04-15T17:11:11.529+0000] {logging_mixin.py:151} INFO - [2025-04-15T17:11:11.529+0000] {dag.py:3722} INFO - Setting next_dagrun for prayer_times_data_pipeline to 2025-04-15T06:00:00+00:00, run_after=2025-04-16T06:00:00+00:00
[2025-04-15T17:11:11.552+0000] {processor.py:179} INFO - Processing /opt/airflow/dags/Extract.py took 0.569 seconds
[2025-04-15T17:11:42.573+0000] {processor.py:157} INFO - Started process (PID=215) to work on /opt/airflow/dags/Extract.py
[2025-04-15T17:11:42.574+0000] {processor.py:829} INFO - Processing file /opt/airflow/dags/Extract.py for tasks to queue
[2025-04-15T17:11:42.575+0000] {logging_mixin.py:151} INFO - [2025-04-15T17:11:42.575+0000] {dagbag.py:536} INFO - Filling up the DagBag from /opt/airflow/dags/Extract.py
[2025-04-15T17:11:43.077+0000] {processor.py:839} INFO - DAG(s) dict_keys(['prayer_times_data_pipeline']) retrieved from /opt/airflow/dags/Extract.py
[2025-04-15T17:11:43.094+0000] {logging_mixin.py:151} INFO - [2025-04-15T17:11:43.094+0000] {dag.py:2941} INFO - Sync 1 DAGs
[2025-04-15T17:11:43.113+0000] {logging_mixin.py:151} INFO - [2025-04-15T17:11:43.113+0000] {dag.py:3722} INFO - Setting next_dagrun for prayer_times_data_pipeline to 2025-04-15T06:00:00+00:00, run_after=2025-04-16T06:00:00+00:00
[2025-04-15T17:11:43.136+0000] {processor.py:179} INFO - Processing /opt/airflow/dags/Extract.py took 0.567 seconds
[2025-04-15T17:12:14.142+0000] {processor.py:157} INFO - Started process (PID=217) to work on /opt/airflow/dags/Extract.py
[2025-04-15T17:12:14.144+0000] {processor.py:829} INFO - Processing file /opt/airflow/dags/Extract.py for tasks to queue
[2025-04-15T17:12:14.145+0000] {logging_mixin.py:151} INFO - [2025-04-15T17:12:14.144+0000] {dagbag.py:536} INFO - Filling up the DagBag from /opt/airflow/dags/Extract.py
[2025-04-15T17:12:14.642+0000] {processor.py:839} INFO - DAG(s) dict_keys(['prayer_times_data_pipeline']) retrieved from /opt/airflow/dags/Extract.py
[2025-04-15T17:12:14.657+0000] {logging_mixin.py:151} INFO - [2025-04-15T17:12:14.657+0000] {dag.py:2941} INFO - Sync 1 DAGs
[2025-04-15T17:12:14.676+0000] {logging_mixin.py:151} INFO - [2025-04-15T17:12:14.676+0000] {dag.py:3722} INFO - Setting next_dagrun for prayer_times_data_pipeline to 2025-04-15T06:00:00+00:00, run_after=2025-04-16T06:00:00+00:00
[2025-04-15T17:12:14.708+0000] {processor.py:179} INFO - Processing /opt/airflow/dags/Extract.py took 0.569 seconds
[2025-04-15T17:12:45.761+0000] {processor.py:157} INFO - Started process (PID=219) to work on /opt/airflow/dags/Extract.py
[2025-04-15T17:12:45.762+0000] {processor.py:829} INFO - Processing file /opt/airflow/dags/Extract.py for tasks to queue
[2025-04-15T17:12:45.763+0000] {logging_mixin.py:151} INFO - [2025-04-15T17:12:45.763+0000] {dagbag.py:536} INFO - Filling up the DagBag from /opt/airflow/dags/Extract.py
[2025-04-15T17:12:46.283+0000] {processor.py:839} INFO - DAG(s) dict_keys(['prayer_times_data_pipeline']) retrieved from /opt/airflow/dags/Extract.py
[2025-04-15T17:12:46.299+0000] {logging_mixin.py:151} INFO - [2025-04-15T17:12:46.298+0000] {dag.py:2941} INFO - Sync 1 DAGs
[2025-04-15T17:12:46.317+0000] {logging_mixin.py:151} INFO - [2025-04-15T17:12:46.317+0000] {dag.py:3722} INFO - Setting next_dagrun for prayer_times_data_pipeline to 2025-04-15T06:00:00+00:00, run_after=2025-04-16T06:00:00+00:00
[2025-04-15T17:12:46.343+0000] {processor.py:179} INFO - Processing /opt/airflow/dags/Extract.py took 0.585 seconds
[2025-04-15T17:13:17.698+0000] {processor.py:157} INFO - Started process (PID=221) to work on /opt/airflow/dags/Extract.py
[2025-04-15T17:13:17.715+0000] {processor.py:829} INFO - Processing file /opt/airflow/dags/Extract.py for tasks to queue
[2025-04-15T17:13:17.724+0000] {logging_mixin.py:151} INFO - [2025-04-15T17:13:17.720+0000] {dagbag.py:536} INFO - Filling up the DagBag from /opt/airflow/dags/Extract.py
[2025-04-15T17:13:18.309+0000] {processor.py:839} INFO - DAG(s) dict_keys(['prayer_times_data_pipeline']) retrieved from /opt/airflow/dags/Extract.py
[2025-04-15T17:13:18.325+0000] {logging_mixin.py:151} INFO - [2025-04-15T17:13:18.324+0000] {dag.py:2941} INFO - Sync 1 DAGs
[2025-04-15T17:13:18.344+0000] {logging_mixin.py:151} INFO - [2025-04-15T17:13:18.344+0000] {dag.py:3722} INFO - Setting next_dagrun for prayer_times_data_pipeline to 2025-04-15T06:00:00+00:00, run_after=2025-04-16T06:00:00+00:00
[2025-04-15T17:13:18.365+0000] {processor.py:179} INFO - Processing /opt/airflow/dags/Extract.py took 0.676 seconds
[2025-04-15T17:13:49.017+0000] {processor.py:157} INFO - Started process (PID=223) to work on /opt/airflow/dags/Extract.py
[2025-04-15T17:13:49.018+0000] {processor.py:829} INFO - Processing file /opt/airflow/dags/Extract.py for tasks to queue
[2025-04-15T17:13:49.019+0000] {logging_mixin.py:151} INFO - [2025-04-15T17:13:49.019+0000] {dagbag.py:536} INFO - Filling up the DagBag from /opt/airflow/dags/Extract.py
[2025-04-15T17:13:49.599+0000] {processor.py:839} INFO - DAG(s) dict_keys(['prayer_times_data_pipeline']) retrieved from /opt/airflow/dags/Extract.py
[2025-04-15T17:13:49.614+0000] {logging_mixin.py:151} INFO - [2025-04-15T17:13:49.614+0000] {dag.py:2941} INFO - Sync 1 DAGs
[2025-04-15T17:13:49.634+0000] {logging_mixin.py:151} INFO - [2025-04-15T17:13:49.633+0000] {dag.py:3722} INFO - Setting next_dagrun for prayer_times_data_pipeline to 2025-04-15T06:00:00+00:00, run_after=2025-04-16T06:00:00+00:00
[2025-04-15T17:13:49.657+0000] {processor.py:179} INFO - Processing /opt/airflow/dags/Extract.py took 0.644 seconds
[2025-04-15T17:14:20.638+0000] {processor.py:157} INFO - Started process (PID=225) to work on /opt/airflow/dags/Extract.py
[2025-04-15T17:14:20.644+0000] {processor.py:829} INFO - Processing file /opt/airflow/dags/Extract.py for tasks to queue
[2025-04-15T17:14:20.647+0000] {logging_mixin.py:151} INFO - [2025-04-15T17:14:20.646+0000] {dagbag.py:536} INFO - Filling up the DagBag from /opt/airflow/dags/Extract.py
[2025-04-15T17:14:21.178+0000] {processor.py:839} INFO - DAG(s) dict_keys(['prayer_times_data_pipeline']) retrieved from /opt/airflow/dags/Extract.py
[2025-04-15T17:14:21.194+0000] {logging_mixin.py:151} INFO - [2025-04-15T17:14:21.193+0000] {dag.py:2941} INFO - Sync 1 DAGs
[2025-04-15T17:14:21.213+0000] {logging_mixin.py:151} INFO - [2025-04-15T17:14:21.213+0000] {dag.py:3722} INFO - Setting next_dagrun for prayer_times_data_pipeline to 2025-04-15T06:00:00+00:00, run_after=2025-04-16T06:00:00+00:00
[2025-04-15T17:14:21.240+0000] {processor.py:179} INFO - Processing /opt/airflow/dags/Extract.py took 0.622 seconds
[2025-04-15T17:14:52.182+0000] {processor.py:157} INFO - Started process (PID=227) to work on /opt/airflow/dags/Extract.py
[2025-04-15T17:14:52.183+0000] {processor.py:829} INFO - Processing file /opt/airflow/dags/Extract.py for tasks to queue
[2025-04-15T17:14:52.184+0000] {logging_mixin.py:151} INFO - [2025-04-15T17:14:52.184+0000] {dagbag.py:536} INFO - Filling up the DagBag from /opt/airflow/dags/Extract.py
[2025-04-15T17:14:52.707+0000] {processor.py:839} INFO - DAG(s) dict_keys(['prayer_times_data_pipeline']) retrieved from /opt/airflow/dags/Extract.py
[2025-04-15T17:14:52.724+0000] {logging_mixin.py:151} INFO - [2025-04-15T17:14:52.723+0000] {dag.py:2941} INFO - Sync 1 DAGs
[2025-04-15T17:14:52.744+0000] {logging_mixin.py:151} INFO - [2025-04-15T17:14:52.744+0000] {dag.py:3722} INFO - Setting next_dagrun for prayer_times_data_pipeline to 2025-04-15T06:00:00+00:00, run_after=2025-04-16T06:00:00+00:00
[2025-04-15T17:14:52.764+0000] {processor.py:179} INFO - Processing /opt/airflow/dags/Extract.py took 0.593 seconds
[2025-04-15T17:15:23.963+0000] {processor.py:157} INFO - Started process (PID=229) to work on /opt/airflow/dags/Extract.py
[2025-04-15T17:15:23.965+0000] {processor.py:829} INFO - Processing file /opt/airflow/dags/Extract.py for tasks to queue
[2025-04-15T17:15:23.968+0000] {logging_mixin.py:151} INFO - [2025-04-15T17:15:23.967+0000] {dagbag.py:536} INFO - Filling up the DagBag from /opt/airflow/dags/Extract.py
[2025-04-15T17:15:24.476+0000] {processor.py:839} INFO - DAG(s) dict_keys(['prayer_times_data_pipeline']) retrieved from /opt/airflow/dags/Extract.py
[2025-04-15T17:15:24.492+0000] {logging_mixin.py:151} INFO - [2025-04-15T17:15:24.492+0000] {dag.py:2941} INFO - Sync 1 DAGs
[2025-04-15T17:15:24.511+0000] {logging_mixin.py:151} INFO - [2025-04-15T17:15:24.510+0000] {dag.py:3722} INFO - Setting next_dagrun for prayer_times_data_pipeline to 2025-04-15T06:00:00+00:00, run_after=2025-04-16T06:00:00+00:00
[2025-04-15T17:15:24.535+0000] {processor.py:179} INFO - Processing /opt/airflow/dags/Extract.py took 0.583 seconds
[2025-04-15T17:15:55.649+0000] {processor.py:157} INFO - Started process (PID=231) to work on /opt/airflow/dags/Extract.py
[2025-04-15T17:15:55.650+0000] {processor.py:829} INFO - Processing file /opt/airflow/dags/Extract.py for tasks to queue
[2025-04-15T17:15:55.651+0000] {logging_mixin.py:151} INFO - [2025-04-15T17:15:55.651+0000] {dagbag.py:536} INFO - Filling up the DagBag from /opt/airflow/dags/Extract.py
[2025-04-15T17:15:56.152+0000] {processor.py:839} INFO - DAG(s) dict_keys(['prayer_times_data_pipeline']) retrieved from /opt/airflow/dags/Extract.py
[2025-04-15T17:15:56.168+0000] {logging_mixin.py:151} INFO - [2025-04-15T17:15:56.168+0000] {dag.py:2941} INFO - Sync 1 DAGs
[2025-04-15T17:15:56.188+0000] {logging_mixin.py:151} INFO - [2025-04-15T17:15:56.187+0000] {dag.py:3722} INFO - Setting next_dagrun for prayer_times_data_pipeline to 2025-04-15T06:00:00+00:00, run_after=2025-04-16T06:00:00+00:00
[2025-04-15T17:15:56.210+0000] {processor.py:179} INFO - Processing /opt/airflow/dags/Extract.py took 0.564 seconds
[2025-04-15T17:16:26.423+0000] {processor.py:157} INFO - Started process (PID=233) to work on /opt/airflow/dags/Extract.py
[2025-04-15T17:16:26.424+0000] {processor.py:829} INFO - Processing file /opt/airflow/dags/Extract.py for tasks to queue
[2025-04-15T17:16:26.425+0000] {logging_mixin.py:151} INFO - [2025-04-15T17:16:26.425+0000] {dagbag.py:536} INFO - Filling up the DagBag from /opt/airflow/dags/Extract.py
[2025-04-15T17:16:26.923+0000] {processor.py:839} INFO - DAG(s) dict_keys(['prayer_times_data_pipeline']) retrieved from /opt/airflow/dags/Extract.py
[2025-04-15T17:16:26.940+0000] {logging_mixin.py:151} INFO - [2025-04-15T17:16:26.939+0000] {dag.py:2941} INFO - Sync 1 DAGs
[2025-04-15T17:16:26.959+0000] {logging_mixin.py:151} INFO - [2025-04-15T17:16:26.959+0000] {dag.py:3722} INFO - Setting next_dagrun for prayer_times_data_pipeline to 2025-04-15T06:00:00+00:00, run_after=2025-04-16T06:00:00+00:00
[2025-04-15T17:16:26.981+0000] {processor.py:179} INFO - Processing /opt/airflow/dags/Extract.py took 0.561 seconds
[2025-04-15T17:16:57.143+0000] {processor.py:157} INFO - Started process (PID=235) to work on /opt/airflow/dags/Extract.py
[2025-04-15T17:16:57.147+0000] {processor.py:829} INFO - Processing file /opt/airflow/dags/Extract.py for tasks to queue
[2025-04-15T17:16:57.150+0000] {logging_mixin.py:151} INFO - [2025-04-15T17:16:57.149+0000] {dagbag.py:536} INFO - Filling up the DagBag from /opt/airflow/dags/Extract.py
[2025-04-15T17:16:57.714+0000] {processor.py:839} INFO - DAG(s) dict_keys(['prayer_times_data_pipeline']) retrieved from /opt/airflow/dags/Extract.py
[2025-04-15T17:16:57.730+0000] {logging_mixin.py:151} INFO - [2025-04-15T17:16:57.729+0000] {dag.py:2941} INFO - Sync 1 DAGs
[2025-04-15T17:16:57.749+0000] {logging_mixin.py:151} INFO - [2025-04-15T17:16:57.749+0000] {dag.py:3722} INFO - Setting next_dagrun for prayer_times_data_pipeline to 2025-04-15T06:00:00+00:00, run_after=2025-04-16T06:00:00+00:00
[2025-04-15T17:16:57.775+0000] {processor.py:179} INFO - Processing /opt/airflow/dags/Extract.py took 0.642 seconds
[2025-04-15T17:17:28.196+0000] {processor.py:157} INFO - Started process (PID=237) to work on /opt/airflow/dags/Extract.py
[2025-04-15T17:17:28.200+0000] {processor.py:829} INFO - Processing file /opt/airflow/dags/Extract.py for tasks to queue
[2025-04-15T17:17:28.203+0000] {logging_mixin.py:151} INFO - [2025-04-15T17:17:28.201+0000] {dagbag.py:536} INFO - Filling up the DagBag from /opt/airflow/dags/Extract.py
[2025-04-15T17:17:28.749+0000] {processor.py:839} INFO - DAG(s) dict_keys(['prayer_times_data_pipeline']) retrieved from /opt/airflow/dags/Extract.py
[2025-04-15T17:17:28.764+0000] {logging_mixin.py:151} INFO - [2025-04-15T17:17:28.764+0000] {dag.py:2941} INFO - Sync 1 DAGs
[2025-04-15T17:17:28.782+0000] {logging_mixin.py:151} INFO - [2025-04-15T17:17:28.782+0000] {dag.py:3722} INFO - Setting next_dagrun for prayer_times_data_pipeline to 2025-04-15T06:00:00+00:00, run_after=2025-04-16T06:00:00+00:00
[2025-04-15T17:17:28.805+0000] {processor.py:179} INFO - Processing /opt/airflow/dags/Extract.py took 0.620 seconds
[2025-04-15T17:17:59.580+0000] {processor.py:157} INFO - Started process (PID=239) to work on /opt/airflow/dags/Extract.py
[2025-04-15T17:17:59.581+0000] {processor.py:829} INFO - Processing file /opt/airflow/dags/Extract.py for tasks to queue
[2025-04-15T17:17:59.582+0000] {logging_mixin.py:151} INFO - [2025-04-15T17:17:59.582+0000] {dagbag.py:536} INFO - Filling up the DagBag from /opt/airflow/dags/Extract.py
[2025-04-15T17:18:00.113+0000] {processor.py:839} INFO - DAG(s) dict_keys(['prayer_times_data_pipeline']) retrieved from /opt/airflow/dags/Extract.py
[2025-04-15T17:18:00.130+0000] {logging_mixin.py:151} INFO - [2025-04-15T17:18:00.129+0000] {dag.py:2941} INFO - Sync 1 DAGs
[2025-04-15T17:18:00.149+0000] {logging_mixin.py:151} INFO - [2025-04-15T17:18:00.149+0000] {dag.py:3722} INFO - Setting next_dagrun for prayer_times_data_pipeline to 2025-04-15T06:00:00+00:00, run_after=2025-04-16T06:00:00+00:00
[2025-04-15T17:18:00.173+0000] {processor.py:179} INFO - Processing /opt/airflow/dags/Extract.py took 0.603 seconds
[2025-04-15T17:18:30.316+0000] {processor.py:157} INFO - Started process (PID=241) to work on /opt/airflow/dags/Extract.py
[2025-04-15T17:18:30.318+0000] {processor.py:829} INFO - Processing file /opt/airflow/dags/Extract.py for tasks to queue
[2025-04-15T17:18:30.319+0000] {logging_mixin.py:151} INFO - [2025-04-15T17:18:30.319+0000] {dagbag.py:536} INFO - Filling up the DagBag from /opt/airflow/dags/Extract.py
[2025-04-15T17:18:30.817+0000] {processor.py:839} INFO - DAG(s) dict_keys(['prayer_times_data_pipeline']) retrieved from /opt/airflow/dags/Extract.py
[2025-04-15T17:18:30.833+0000] {logging_mixin.py:151} INFO - [2025-04-15T17:18:30.832+0000] {dag.py:2941} INFO - Sync 1 DAGs
[2025-04-15T17:18:30.851+0000] {logging_mixin.py:151} INFO - [2025-04-15T17:18:30.851+0000] {dag.py:3722} INFO - Setting next_dagrun for prayer_times_data_pipeline to 2025-04-15T06:00:00+00:00, run_after=2025-04-16T06:00:00+00:00
[2025-04-15T17:18:30.874+0000] {processor.py:179} INFO - Processing /opt/airflow/dags/Extract.py took 0.561 seconds
[2025-04-15T17:19:01.065+0000] {processor.py:157} INFO - Started process (PID=243) to work on /opt/airflow/dags/Extract.py
[2025-04-15T17:19:01.067+0000] {processor.py:829} INFO - Processing file /opt/airflow/dags/Extract.py for tasks to queue
[2025-04-15T17:19:01.068+0000] {logging_mixin.py:151} INFO - [2025-04-15T17:19:01.068+0000] {dagbag.py:536} INFO - Filling up the DagBag from /opt/airflow/dags/Extract.py
[2025-04-15T17:19:01.616+0000] {processor.py:839} INFO - DAG(s) dict_keys(['prayer_times_data_pipeline']) retrieved from /opt/airflow/dags/Extract.py
[2025-04-15T17:19:01.633+0000] {logging_mixin.py:151} INFO - [2025-04-15T17:19:01.632+0000] {dag.py:2941} INFO - Sync 1 DAGs
[2025-04-15T17:19:01.652+0000] {logging_mixin.py:151} INFO - [2025-04-15T17:19:01.652+0000] {dag.py:3722} INFO - Setting next_dagrun for prayer_times_data_pipeline to 2025-04-15T06:00:00+00:00, run_after=2025-04-16T06:00:00+00:00
[2025-04-15T17:19:01.675+0000] {processor.py:179} INFO - Processing /opt/airflow/dags/Extract.py took 0.613 seconds
